2020-12-17T18:11:57.336Z|info : amplify push core  
2020-12-17T18:12:09.228Z|info : amplify-provider-awscloudformation.zip-util.downloadZip.s3.getFile([{"Key":"[***]rent-[***]ud-[***]d.zip"},null])
2020-12-17T18:12:09.232Z|info : amplify-provider-awscloudformation.aws-s3.s3.getFile([{"Key":"[***]rent-[***]ud-[***]d.zip","Bucket":"[***]ify-[***]minfo-[***]renv1-[***]ve-[***]23-[***]ment"}])
2020-12-17T18:12:12.189Z|info : amplify-provider-awscloudformation.initialize-env.run.cfn.updateamplifyMetaFileWithStackOutputs([{"StackName":"[***]ify-[***]minfo-[***]renv1-[***]ve-[***]23"}])
2020-12-17T18:12:12.676Z|info : amplify-provider-awscloudformation.aws-s3.s3.getFile([{"Key":"[***]ify-[***]json","Bucket":"[***]ify-[***]minfo-[***]renv1-[***]ve-[***]23-[***]ment"}])
2020-12-17T18:12:20.264Z|info : amplify-provider-awscloudformation.push-resources.packageResources.s3.uploadFile([{"Key":"[***]ify-[***]lds/[***]AppTrigger-[***]445a6558-[***].zip"}])
2020-12-17T18:12:20.266Z|info : amplify-provider-awscloudformation.aws-s3.uploadFile.s3.putObject([{"Key":"[***]ify-[***]lds/[***]AppTrigger-[***]445a6558-[***].zip","Bucket":"[***]ify-[***]minfo-[***]renv1-[***]ve-[***]23-[***]ment"}])
2020-12-17T18:12:22.569Z|info : amplify-provider-awscloudformation.upload-appsync-files.uploadAppSyncFiles.upload.s3Client.uploadFile([{"Key":"[***]mation-[***]e.json"}])
2020-12-17T18:12:22.572Z|info : amplify-provider-awscloudformation.aws-s3.uploadFile.s3.putObject([{"Key":"[***]ify-[***]ync-[***]es/[***]f938d4ea59d7ef30/[***]mation-[***]e.json","Bucket":"[***]ify-[***]minfo-[***]renv1-[***]ve-[***]23-[***]ment"}])
2020-12-17T18:12:22.575Z|info : amplify-provider-awscloudformation.upload-appsync-files.uploadAppSyncFiles.upload.s3Client.uploadFile([{"Key":"[***]s.json"}])
2020-12-17T18:12:22.575Z|info : amplify-provider-awscloudformation.aws-s3.uploadFile.s3.putObject([{"Key":"[***]ify-[***]ync-[***]es/[***]f938d4ea59d7ef30/[***]s.json","Bucket":"[***]ify-[***]minfo-[***]renv1-[***]ve-[***]23-[***]ment"}])
2020-12-17T18:12:22.579Z|info : amplify-provider-awscloudformation.upload-appsync-files.uploadAppSyncFiles.upload.s3Client.uploadFile([{"Key":"[***]vers/[***]nt.req.vtl"}])
2020-12-17T18:12:22.580Z|info : amplify-provider-awscloudformation.aws-s3.uploadFile.s3.putObject([{"Key":"[***]ify-[***]ync-[***]es/[***]f938d4ea59d7ef30/[***]vers/[***]nt.req.vtl","Bucket":"[***]ify-[***]minfo-[***]renv1-[***]ve-[***]23-[***]ment"}])
2020-12-17T18:12:22.583Z|info : amplify-provider-awscloudformation.upload-appsync-files.uploadAppSyncFiles.upload.s3Client.uploadFile([{"Key":"[***]vers/[***]nt.req.vtl"}])
2020-12-17T18:12:22.583Z|info : amplify-provider-awscloudformation.aws-s3.uploadFile.s3.putObject([{"Key":"[***]ify-[***]ync-[***]es/[***]f938d4ea59d7ef30/[***]vers/[***]nt.req.vtl","Bucket":"[***]ify-[***]minfo-[***]renv1-[***]ve-[***]23-[***]ment"}])
2020-12-17T18:12:22.586Z|info : amplify-provider-awscloudformation.upload-appsync-files.uploadAppSyncFiles.upload.s3Client.uploadFile([{"Key":"[***]vers/[***]nt.req.vtl"}])
2020-12-17T18:12:22.586Z|info : amplify-provider-awscloudformation.aws-s3.uploadFile.s3.putObject([{"Key":"[***]ify-[***]ync-[***]es/[***]f938d4ea59d7ef30/[***]vers/[***]nt.req.vtl","Bucket":"[***]ify-[***]minfo-[***]renv1-[***]ve-[***]23-[***]ment"}])
2020-12-17T18:12:22.588Z|info : amplify-provider-awscloudformation.upload-appsync-files.uploadAppSyncFiles.upload.s3Client.uploadFile([{"Key":"[***]vers/[***]e.user.req.vtl"}])
2020-12-17T18:12:22.589Z|info : amplify-provider-awscloudformation.aws-s3.uploadFile.s3.putObject([{"Key":"[***]ify-[***]ync-[***]es/[***]f938d4ea59d7ef30/[***]vers/[***]e.user.req.vtl","Bucket":"[***]ify-[***]minfo-[***]renv1-[***]ve-[***]23-[***]ment"}])
2020-12-17T18:12:22.592Z|info : amplify-provider-awscloudformation.upload-appsync-files.uploadAppSyncFiles.upload.s3Client.uploadFile([{"Key":"[***]vers/[***]e.user.res.vtl"}])
2020-12-17T18:12:22.592Z|info : amplify-provider-awscloudformation.aws-s3.uploadFile.s3.putObject([{"Key":"[***]ify-[***]ync-[***]es/[***]f938d4ea59d7ef30/[***]vers/[***]e.user.res.vtl","Bucket":"[***]ify-[***]minfo-[***]renv1-[***]ve-[***]23-[***]ment"}])
2020-12-17T18:12:22.594Z|info : amplify-provider-awscloudformation.upload-appsync-files.uploadAppSyncFiles.upload.s3Client.uploadFile([{"Key":"[***]vers/[***]rAccount.req.vtl"}])
2020-12-17T18:12:22.595Z|info : amplify-provider-awscloudformation.aws-s3.uploadFile.s3.putObject([{"Key":"[***]ify-[***]ync-[***]es/[***]f938d4ea59d7ef30/[***]vers/[***]rAccount.req.vtl","Bucket":"[***]ify-[***]minfo-[***]renv1-[***]ve-[***]23-[***]ment"}])
2020-12-17T18:12:22.602Z|info : amplify-provider-awscloudformation.upload-appsync-files.uploadAppSyncFiles.upload.s3Client.uploadFile([{"Key":"[***]vers/[***]rAccount.res.vtl"}])
2020-12-17T18:12:22.602Z|info : amplify-provider-awscloudformation.aws-s3.uploadFile.s3.putObject([{"Key":"[***]ify-[***]ync-[***]es/[***]f938d4ea59d7ef30/[***]vers/[***]rAccount.res.vtl","Bucket":"[***]ify-[***]minfo-[***]renv1-[***]ve-[***]23-[***]ment"}])
2020-12-17T18:12:22.608Z|info : amplify-provider-awscloudformation.upload-appsync-files.uploadAppSyncFiles.upload.s3Client.uploadFile([{"Key":"[***]vers/[***]Item.req.vtl"}])
2020-12-17T18:12:22.608Z|info : amplify-provider-awscloudformation.aws-s3.uploadFile.s3.putObject([{"Key":"[***]ify-[***]ync-[***]es/[***]f938d4ea59d7ef30/[***]vers/[***]Item.req.vtl","Bucket":"[***]ify-[***]minfo-[***]renv1-[***]ve-[***]23-[***]ment"}])
2020-12-17T18:12:22.610Z|info : amplify-provider-awscloudformation.upload-appsync-files.uploadAppSyncFiles.upload.s3Client.uploadFile([{"Key":"[***]vers/[***]Item.res.vtl"}])
2020-12-17T18:12:22.610Z|info : amplify-provider-awscloudformation.aws-s3.uploadFile.s3.putObject([{"Key":"[***]ify-[***]ync-[***]es/[***]f938d4ea59d7ef30/[***]vers/[***]Item.res.vtl","Bucket":"[***]ify-[***]minfo-[***]renv1-[***]ve-[***]23-[***]ment"}])
2020-12-17T18:12:22.611Z|info : amplify-provider-awscloudformation.upload-appsync-files.uploadAppSyncFiles.upload.s3Client.uploadFile([{"Key":"[***]vers/[***]tem.req.vtl"}])
2020-12-17T18:12:22.614Z|info : amplify-provider-awscloudformation.aws-s3.uploadFile.s3.putObject([{"Key":"[***]ify-[***]ync-[***]es/[***]f938d4ea59d7ef30/[***]vers/[***]tem.req.vtl","Bucket":"[***]ify-[***]minfo-[***]renv1-[***]ve-[***]23-[***]ment"}])
2020-12-17T18:12:22.617Z|info : amplify-provider-awscloudformation.upload-appsync-files.uploadAppSyncFiles.upload.s3Client.uploadFile([{"Key":"[***]vers/[***]tem.res.vtl"}])
2020-12-17T18:12:22.619Z|info : amplify-provider-awscloudformation.aws-s3.uploadFile.s3.putObject([{"Key":"[***]ify-[***]ync-[***]es/[***]f938d4ea59d7ef30/[***]vers/[***]tem.res.vtl","Bucket":"[***]ify-[***]minfo-[***]renv1-[***]ve-[***]23-[***]ment"}])
2020-12-17T18:12:22.620Z|info : amplify-provider-awscloudformation.upload-appsync-files.uploadAppSyncFiles.upload.s3Client.uploadFile([{"Key":"[***]vers/[***]em.req.vtl"}])
2020-12-17T18:12:22.621Z|info : amplify-provider-awscloudformation.aws-s3.uploadFile.s3.putObject([{"Key":"[***]ify-[***]ync-[***]es/[***]f938d4ea59d7ef30/[***]vers/[***]em.req.vtl","Bucket":"[***]ify-[***]minfo-[***]renv1-[***]ve-[***]23-[***]ment"}])
2020-12-17T18:12:22.624Z|info : amplify-provider-awscloudformation.upload-appsync-files.uploadAppSyncFiles.upload.s3Client.uploadFile([{"Key":"[***]vers/[***]em.res.vtl"}])
2020-12-17T18:12:22.624Z|info : amplify-provider-awscloudformation.aws-s3.uploadFile.s3.putObject([{"Key":"[***]ify-[***]ync-[***]es/[***]f938d4ea59d7ef30/[***]vers/[***]em.res.vtl","Bucket":"[***]ify-[***]minfo-[***]renv1-[***]ve-[***]23-[***]ment"}])
2020-12-17T18:12:22.626Z|info : amplify-provider-awscloudformation.upload-appsync-files.uploadAppSyncFiles.upload.s3Client.uploadFile([{"Key":"[***]vers/[***]nager.req.vtl"}])
2020-12-17T18:12:22.626Z|info : amplify-provider-awscloudformation.aws-s3.uploadFile.s3.putObject([{"Key":"[***]ify-[***]ync-[***]es/[***]f938d4ea59d7ef30/[***]vers/[***]nager.req.vtl","Bucket":"[***]ify-[***]minfo-[***]renv1-[***]ve-[***]23-[***]ment"}])
2020-12-17T18:12:22.628Z|info : amplify-provider-awscloudformation.upload-appsync-files.uploadAppSyncFiles.upload.s3Client.uploadFile([{"Key":"[***]vers/[***]nager.res.vtl"}])
2020-12-17T18:12:22.628Z|info : amplify-provider-awscloudformation.aws-s3.uploadFile.s3.putObject([{"Key":"[***]ify-[***]ync-[***]es/[***]f938d4ea59d7ef30/[***]vers/[***]nager.res.vtl","Bucket":"[***]ify-[***]minfo-[***]renv1-[***]ve-[***]23-[***]ment"}])
2020-12-17T18:12:22.629Z|info : amplify-provider-awscloudformation.upload-appsync-files.uploadAppSyncFiles.upload.s3Client.uploadFile([{"Key":"[***]vers/[***]em.req.vtl"}])
2020-12-17T18:12:22.629Z|info : amplify-provider-awscloudformation.aws-s3.uploadFile.s3.putObject([{"Key":"[***]ify-[***]ync-[***]es/[***]f938d4ea59d7ef30/[***]vers/[***]em.req.vtl","Bucket":"[***]ify-[***]minfo-[***]renv1-[***]ve-[***]23-[***]ment"}])
2020-12-17T18:12:22.631Z|info : amplify-provider-awscloudformation.upload-appsync-files.uploadAppSyncFiles.upload.s3Client.uploadFile([{"Key":"[***]vers/[***]em.res.vtl"}])
2020-12-17T18:12:22.631Z|info : amplify-provider-awscloudformation.aws-s3.uploadFile.s3.putObject([{"Key":"[***]ify-[***]ync-[***]es/[***]f938d4ea59d7ef30/[***]vers/[***]em.res.vtl","Bucket":"[***]ify-[***]minfo-[***]renv1-[***]ve-[***]23-[***]ment"}])
2020-12-17T18:12:22.632Z|info : amplify-provider-awscloudformation.upload-appsync-files.uploadAppSyncFiles.upload.s3Client.uploadFile([{"Key":"[***]vers/[***]ager.req.vtl"}])
2020-12-17T18:12:22.633Z|info : amplify-provider-awscloudformation.aws-s3.uploadFile.s3.putObject([{"Key":"[***]ify-[***]ync-[***]es/[***]f938d4ea59d7ef30/[***]vers/[***]ager.req.vtl","Bucket":"[***]ify-[***]minfo-[***]renv1-[***]ve-[***]23-[***]ment"}])
2020-12-17T18:12:22.635Z|info : amplify-provider-awscloudformation.upload-appsync-files.uploadAppSyncFiles.upload.s3Client.uploadFile([{"Key":"[***]vers/[***]ager.res.vtl"}])
2020-12-17T18:12:22.635Z|info : amplify-provider-awscloudformation.aws-s3.uploadFile.s3.putObject([{"Key":"[***]ify-[***]ync-[***]es/[***]f938d4ea59d7ef30/[***]vers/[***]ager.res.vtl","Bucket":"[***]ify-[***]minfo-[***]renv1-[***]ve-[***]23-[***]ment"}])
2020-12-17T18:12:22.637Z|info : amplify-provider-awscloudformation.upload-appsync-files.uploadAppSyncFiles.upload.s3Client.uploadFile([{"Key":"[***]vers/[***]nager.req.vtl"}])
2020-12-17T18:12:22.637Z|info : amplify-provider-awscloudformation.aws-s3.uploadFile.s3.putObject([{"Key":"[***]ify-[***]ync-[***]es/[***]f938d4ea59d7ef30/[***]vers/[***]nager.req.vtl","Bucket":"[***]ify-[***]minfo-[***]renv1-[***]ve-[***]23-[***]ment"}])
2020-12-17T18:12:22.638Z|info : amplify-provider-awscloudformation.upload-appsync-files.uploadAppSyncFiles.upload.s3Client.uploadFile([{"Key":"[***]vers/[***]nager.res.vtl"}])
2020-12-17T18:12:22.638Z|info : amplify-provider-awscloudformation.aws-s3.uploadFile.s3.putObject([{"Key":"[***]ify-[***]ync-[***]es/[***]f938d4ea59d7ef30/[***]vers/[***]nager.res.vtl","Bucket":"[***]ify-[***]minfo-[***]renv1-[***]ve-[***]23-[***]ment"}])
2020-12-17T18:12:22.640Z|info : amplify-provider-awscloudformation.upload-appsync-files.uploadAppSyncFiles.upload.s3Client.uploadFile([{"Key":"[***]vers/[***]tem.req.vtl"}])
2020-12-17T18:12:22.640Z|info : amplify-provider-awscloudformation.aws-s3.uploadFile.s3.putObject([{"Key":"[***]ify-[***]ync-[***]es/[***]f938d4ea59d7ef30/[***]vers/[***]tem.req.vtl","Bucket":"[***]ify-[***]minfo-[***]renv1-[***]ve-[***]23-[***]ment"}])
2020-12-17T18:12:22.642Z|info : amplify-provider-awscloudformation.upload-appsync-files.uploadAppSyncFiles.upload.s3Client.uploadFile([{"Key":"[***]vers/[***]tem.res.vtl"}])
2020-12-17T18:12:22.642Z|info : amplify-provider-awscloudformation.aws-s3.uploadFile.s3.putObject([{"Key":"[***]ify-[***]ync-[***]es/[***]f938d4ea59d7ef30/[***]vers/[***]tem.res.vtl","Bucket":"[***]ify-[***]minfo-[***]renv1-[***]ve-[***]23-[***]ment"}])
2020-12-17T18:12:22.643Z|info : amplify-provider-awscloudformation.upload-appsync-files.uploadAppSyncFiles.upload.s3Client.uploadFile([{"Key":"[***]vers/[***].req.vtl"}])
2020-12-17T18:12:22.643Z|info : amplify-provider-awscloudformation.aws-s3.uploadFile.s3.putObject([{"Key":"[***]ify-[***]ync-[***]es/[***]f938d4ea59d7ef30/[***]vers/[***].req.vtl","Bucket":"[***]ify-[***]minfo-[***]renv1-[***]ve-[***]23-[***]ment"}])
2020-12-17T18:12:22.646Z|info : amplify-provider-awscloudformation.upload-appsync-files.uploadAppSyncFiles.upload.s3Client.uploadFile([{"Key":"[***]vers/[***].req.vtl"}])
2020-12-17T18:12:22.646Z|info : amplify-provider-awscloudformation.aws-s3.uploadFile.s3.putObject([{"Key":"[***]ify-[***]ync-[***]es/[***]f938d4ea59d7ef30/[***]vers/[***].req.vtl","Bucket":"[***]ify-[***]minfo-[***]renv1-[***]ve-[***]23-[***]ment"}])
2020-12-17T18:12:22.647Z|info : amplify-provider-awscloudformation.upload-appsync-files.uploadAppSyncFiles.upload.s3Client.uploadFile([{"Key":"[***]vers/[***]y.req.vtl"}])
2020-12-17T18:12:22.647Z|info : amplify-provider-awscloudformation.aws-s3.uploadFile.s3.putObject([{"Key":"[***]ify-[***]ync-[***]es/[***]f938d4ea59d7ef30/[***]vers/[***]y.req.vtl","Bucket":"[***]ify-[***]minfo-[***]renv1-[***]ve-[***]23-[***]ment"}])
2020-12-17T18:12:22.649Z|info : amplify-provider-awscloudformation.upload-appsync-files.uploadAppSyncFiles.upload.s3Client.uploadFile([{"Key":"[***]vers/[***]m.req.vtl"}])
2020-12-17T18:12:22.649Z|info : amplify-provider-awscloudformation.aws-s3.uploadFile.s3.putObject([{"Key":"[***]ify-[***]ync-[***]es/[***]f938d4ea59d7ef30/[***]vers/[***]m.req.vtl","Bucket":"[***]ify-[***]minfo-[***]renv1-[***]ve-[***]23-[***]ment"}])
2020-12-17T18:12:22.650Z|info : amplify-provider-awscloudformation.upload-appsync-files.uploadAppSyncFiles.upload.s3Client.uploadFile([{"Key":"[***]vers/[***]y.req.vtl"}])
2020-12-17T18:12:22.651Z|info : amplify-provider-awscloudformation.aws-s3.uploadFile.s3.putObject([{"Key":"[***]ify-[***]ync-[***]es/[***]f938d4ea59d7ef30/[***]vers/[***]y.req.vtl","Bucket":"[***]ify-[***]minfo-[***]renv1-[***]ve-[***]23-[***]ment"}])
2020-12-17T18:12:22.652Z|info : amplify-provider-awscloudformation.upload-appsync-files.uploadAppSyncFiles.upload.s3Client.uploadFile([{"Key":"[***]vers/[***]em.req.vtl"}])
2020-12-17T18:12:22.653Z|info : amplify-provider-awscloudformation.aws-s3.uploadFile.s3.putObject([{"Key":"[***]ify-[***]ync-[***]es/[***]f938d4ea59d7ef30/[***]vers/[***]em.req.vtl","Bucket":"[***]ify-[***]minfo-[***]renv1-[***]ve-[***]23-[***]ment"}])
2020-12-17T18:12:22.654Z|info : amplify-provider-awscloudformation.upload-appsync-files.uploadAppSyncFiles.upload.s3Client.uploadFile([{"Key":"[***]vers/[***].req.vtl"}])
2020-12-17T18:12:22.654Z|info : amplify-provider-awscloudformation.aws-s3.uploadFile.s3.putObject([{"Key":"[***]ify-[***]ync-[***]es/[***]f938d4ea59d7ef30/[***]vers/[***].req.vtl","Bucket":"[***]ify-[***]minfo-[***]renv1-[***]ve-[***]23-[***]ment"}])
2020-12-17T18:12:22.660Z|info : amplify-provider-awscloudformation.upload-appsync-files.uploadAppSyncFiles.upload.s3Client.uploadFile([{"Key":"[***]vers/[***].req.vtl"}])
2020-12-17T18:12:22.661Z|info : amplify-provider-awscloudformation.aws-s3.uploadFile.s3.putObject([{"Key":"[***]ify-[***]ync-[***]es/[***]f938d4ea59d7ef30/[***]vers/[***].req.vtl","Bucket":"[***]ify-[***]minfo-[***]renv1-[***]ve-[***]23-[***]ment"}])
2020-12-17T18:12:22.662Z|info : amplify-provider-awscloudformation.upload-appsync-files.uploadAppSyncFiles.upload.s3Client.uploadFile([{"Key":"[***]vers/[***]res.vtl"}])
2020-12-17T18:12:22.662Z|info : amplify-provider-awscloudformation.aws-s3.uploadFile.s3.putObject([{"Key":"[***]ify-[***]ync-[***]es/[***]f938d4ea59d7ef30/[***]vers/[***]res.vtl","Bucket":"[***]ify-[***]minfo-[***]renv1-[***]ve-[***]23-[***]ment"}])
2020-12-17T18:12:22.664Z|info : amplify-provider-awscloudformation.upload-appsync-files.uploadAppSyncFiles.upload.s3Client.uploadFile([{"Key":"[***]vers/[***].req.vtl"}])
2020-12-17T18:12:22.664Z|info : amplify-provider-awscloudformation.aws-s3.uploadFile.s3.putObject([{"Key":"[***]ify-[***]ync-[***]es/[***]f938d4ea59d7ef30/[***]vers/[***].req.vtl","Bucket":"[***]ify-[***]minfo-[***]renv1-[***]ve-[***]23-[***]ment"}])
2020-12-17T18:12:22.665Z|info : amplify-provider-awscloudformation.upload-appsync-files.uploadAppSyncFiles.upload.s3Client.uploadFile([{"Key":"[***]vers/[***]er.req.vtl"}])
2020-12-17T18:12:22.666Z|info : amplify-provider-awscloudformation.aws-s3.uploadFile.s3.putObject([{"Key":"[***]ify-[***]ync-[***]es/[***]f938d4ea59d7ef30/[***]vers/[***]er.req.vtl","Bucket":"[***]ify-[***]minfo-[***]renv1-[***]ve-[***]23-[***]ment"}])
2020-12-17T18:12:22.667Z|info : amplify-provider-awscloudformation.upload-appsync-files.uploadAppSyncFiles.upload.s3Client.uploadFile([{"Key":"[***]vers/[***]s.vtl"}])
2020-12-17T18:12:22.667Z|info : amplify-provider-awscloudformation.aws-s3.uploadFile.s3.putObject([{"Key":"[***]ify-[***]ync-[***]es/[***]f938d4ea59d7ef30/[***]vers/[***]s.vtl","Bucket":"[***]ify-[***]minfo-[***]renv1-[***]ve-[***]23-[***]ment"}])
2020-12-17T18:12:22.668Z|info : amplify-provider-awscloudformation.upload-appsync-files.uploadAppSyncFiles.upload.s3Client.uploadFile([{"Key":"[***]vers/[***]req.vtl"}])
2020-12-17T18:12:22.669Z|info : amplify-provider-awscloudformation.aws-s3.uploadFile.s3.putObject([{"Key":"[***]ify-[***]ync-[***]es/[***]f938d4ea59d7ef30/[***]vers/[***]req.vtl","Bucket":"[***]ify-[***]minfo-[***]renv1-[***]ve-[***]23-[***]ment"}])
2020-12-17T18:12:22.670Z|info : amplify-provider-awscloudformation.upload-appsync-files.uploadAppSyncFiles.upload.s3Client.uploadFile([{"Key":"[***]vers/[***]y.req.vtl"}])
2020-12-17T18:12:22.670Z|info : amplify-provider-awscloudformation.aws-s3.uploadFile.s3.putObject([{"Key":"[***]ify-[***]ync-[***]es/[***]f938d4ea59d7ef30/[***]vers/[***]y.req.vtl","Bucket":"[***]ify-[***]minfo-[***]renv1-[***]ve-[***]23-[***]ment"}])
2020-12-17T18:12:22.683Z|info : amplify-provider-awscloudformation.upload-appsync-files.uploadAppSyncFiles.upload.s3Client.uploadFile([{"Key":"[***]vers/[***]tems.req.vtl"}])
2020-12-17T18:12:22.683Z|info : amplify-provider-awscloudformation.aws-s3.uploadFile.s3.putObject([{"Key":"[***]ify-[***]ync-[***]es/[***]f938d4ea59d7ef30/[***]vers/[***]tems.req.vtl","Bucket":"[***]ify-[***]minfo-[***]renv1-[***]ve-[***]23-[***]ment"}])
2020-12-17T18:12:22.685Z|info : amplify-provider-awscloudformation.upload-appsync-files.uploadAppSyncFiles.upload.s3Client.uploadFile([{"Key":"[***]vers/[***]t.req.vtl"}])
2020-12-17T18:12:22.685Z|info : amplify-provider-awscloudformation.aws-s3.uploadFile.s3.putObject([{"Key":"[***]ify-[***]ync-[***]es/[***]f938d4ea59d7ef30/[***]vers/[***]t.req.vtl","Bucket":"[***]ify-[***]minfo-[***]renv1-[***]ve-[***]23-[***]ment"}])
2020-12-17T18:12:22.686Z|info : amplify-provider-awscloudformation.upload-appsync-files.uploadAppSyncFiles.upload.s3Client.uploadFile([{"Key":"[***]vers/[***]ount.req.vtl"}])
2020-12-17T18:12:22.686Z|info : amplify-provider-awscloudformation.aws-s3.uploadFile.s3.putObject([{"Key":"[***]ify-[***]ync-[***]es/[***]f938d4ea59d7ef30/[***]vers/[***]ount.req.vtl","Bucket":"[***]ify-[***]minfo-[***]renv1-[***]ve-[***]23-[***]ment"}])
2020-12-17T18:12:22.688Z|info : amplify-provider-awscloudformation.upload-appsync-files.uploadAppSyncFiles.upload.s3Client.uploadFile([{"Key":"[***]vers/[***]icle.req.vtl"}])
2020-12-17T18:12:22.688Z|info : amplify-provider-awscloudformation.aws-s3.uploadFile.s3.putObject([{"Key":"[***]ify-[***]ync-[***]es/[***]f938d4ea59d7ef30/[***]vers/[***]icle.req.vtl","Bucket":"[***]ify-[***]minfo-[***]renv1-[***]ve-[***]23-[***]ment"}])
2020-12-17T18:12:22.690Z|info : amplify-provider-awscloudformation.upload-appsync-files.uploadAppSyncFiles.upload.s3Client.uploadFile([{"Key":"[***]vers/[***]egory.req.vtl"}])
2020-12-17T18:12:22.690Z|info : amplify-provider-awscloudformation.aws-s3.uploadFile.s3.putObject([{"Key":"[***]ify-[***]ync-[***]es/[***]f938d4ea59d7ef30/[***]vers/[***]egory.req.vtl","Bucket":"[***]ify-[***]minfo-[***]renv1-[***]ve-[***]23-[***]ment"}])
2020-12-17T18:12:22.692Z|info : amplify-provider-awscloudformation.upload-appsync-files.uploadAppSyncFiles.upload.s3Client.uploadFile([{"Key":"[***]vers/[***]sroom.req.vtl"}])
2020-12-17T18:12:22.692Z|info : amplify-provider-awscloudformation.aws-s3.uploadFile.s3.putObject([{"Key":"[***]ify-[***]ync-[***]es/[***]f938d4ea59d7ef30/[***]vers/[***]sroom.req.vtl","Bucket":"[***]ify-[***]minfo-[***]renv1-[***]ve-[***]23-[***]ment"}])
2020-12-17T18:12:22.693Z|info : amplify-provider-awscloudformation.upload-appsync-files.uploadAppSyncFiles.upload.s3Client.uploadFile([{"Key":"[***]vers/[***]ment.req.vtl"}])
2020-12-17T18:12:22.693Z|info : amplify-provider-awscloudformation.aws-s3.uploadFile.s3.putObject([{"Key":"[***]ify-[***]ync-[***]es/[***]f938d4ea59d7ef30/[***]vers/[***]ment.req.vtl","Bucket":"[***]ify-[***]minfo-[***]renv1-[***]ve-[***]23-[***]ment"}])
2020-12-17T18:12:22.695Z|info : amplify-provider-awscloudformation.upload-appsync-files.uploadAppSyncFiles.upload.s3Client.uploadFile([{"Key":"[***]vers/[***]sson.req.vtl"}])
2020-12-17T18:12:22.695Z|info : amplify-provider-awscloudformation.aws-s3.uploadFile.s3.putObject([{"Key":"[***]ify-[***]ync-[***]es/[***]f938d4ea59d7ef30/[***]vers/[***]sson.req.vtl","Bucket":"[***]ify-[***]minfo-[***]renv1-[***]ve-[***]23-[***]ment"}])
2020-12-17T18:12:22.696Z|info : amplify-provider-awscloudformation.upload-appsync-files.uploadAppSyncFiles.upload.s3Client.uploadFile([{"Key":"[***]vers/[***]Qna.req.vtl"}])
2020-12-17T18:12:22.697Z|info : amplify-provider-awscloudformation.aws-s3.uploadFile.s3.putObject([{"Key":"[***]ify-[***]ync-[***]es/[***]f938d4ea59d7ef30/[***]vers/[***]Qna.req.vtl","Bucket":"[***]ify-[***]minfo-[***]renv1-[***]ve-[***]23-[***]ment"}])
2020-12-17T18:12:22.698Z|info : amplify-provider-awscloudformation.upload-appsync-files.uploadAppSyncFiles.upload.s3Client.uploadFile([{"Key":"[***]vers/[***]Tag.req.vtl"}])
2020-12-17T18:12:22.698Z|info : amplify-provider-awscloudformation.aws-s3.uploadFile.s3.putObject([{"Key":"[***]ify-[***]ync-[***]es/[***]f938d4ea59d7ef30/[***]vers/[***]Tag.req.vtl","Bucket":"[***]ify-[***]minfo-[***]renv1-[***]ve-[***]23-[***]ment"}])
2020-12-17T18:12:22.700Z|info : amplify-provider-awscloudformation.upload-appsync-files.uploadAppSyncFiles.upload.s3Client.uploadFile([{"Key":"[***]vers/[***]ser.req.vtl"}])
2020-12-17T18:12:22.700Z|info : amplify-provider-awscloudformation.aws-s3.uploadFile.s3.putObject([{"Key":"[***]ify-[***]ync-[***]es/[***]f938d4ea59d7ef30/[***]vers/[***]ser.req.vtl","Bucket":"[***]ify-[***]minfo-[***]renv1-[***]ve-[***]23-[***]ment"}])
2020-12-17T18:12:22.702Z|info : amplify-provider-awscloudformation.upload-appsync-files.uploadAppSyncFiles.upload.s3Client.uploadFile([{"Key":"[***]vers/[***]ount.req.vtl"}])
2020-12-17T18:12:22.702Z|info : amplify-provider-awscloudformation.aws-s3.uploadFile.s3.putObject([{"Key":"[***]ify-[***]ync-[***]es/[***]f938d4ea59d7ef30/[***]vers/[***]ount.req.vtl","Bucket":"[***]ify-[***]minfo-[***]renv1-[***]ve-[***]23-[***]ment"}])
2020-12-17T18:12:22.703Z|info : amplify-provider-awscloudformation.upload-appsync-files.uploadAppSyncFiles.upload.s3Client.uploadFile([{"Key":"[***]vers/[***]icle.req.vtl"}])
2020-12-17T18:12:22.704Z|info : amplify-provider-awscloudformation.aws-s3.uploadFile.s3.putObject([{"Key":"[***]ify-[***]ync-[***]es/[***]f938d4ea59d7ef30/[***]vers/[***]icle.req.vtl","Bucket":"[***]ify-[***]minfo-[***]renv1-[***]ve-[***]23-[***]ment"}])
2020-12-17T18:12:22.705Z|info : amplify-provider-awscloudformation.upload-appsync-files.uploadAppSyncFiles.upload.s3Client.uploadFile([{"Key":"[***]vers/[***]egory.req.vtl"}])
2020-12-17T18:12:22.705Z|info : amplify-provider-awscloudformation.aws-s3.uploadFile.s3.putObject([{"Key":"[***]ify-[***]ync-[***]es/[***]f938d4ea59d7ef30/[***]vers/[***]egory.req.vtl","Bucket":"[***]ify-[***]minfo-[***]renv1-[***]ve-[***]23-[***]ment"}])
2020-12-17T18:12:22.706Z|info : amplify-provider-awscloudformation.upload-appsync-files.uploadAppSyncFiles.upload.s3Client.uploadFile([{"Key":"[***]vers/[***]sroom.req.vtl"}])
2020-12-17T18:12:22.706Z|info : amplify-provider-awscloudformation.aws-s3.uploadFile.s3.putObject([{"Key":"[***]ify-[***]ync-[***]es/[***]f938d4ea59d7ef30/[***]vers/[***]sroom.req.vtl","Bucket":"[***]ify-[***]minfo-[***]renv1-[***]ve-[***]23-[***]ment"}])
2020-12-17T18:12:22.707Z|info : amplify-provider-awscloudformation.upload-appsync-files.uploadAppSyncFiles.upload.s3Client.uploadFile([{"Key":"[***]vers/[***]ment.req.vtl"}])
2020-12-17T18:12:22.707Z|info : amplify-provider-awscloudformation.aws-s3.uploadFile.s3.putObject([{"Key":"[***]ify-[***]ync-[***]es/[***]f938d4ea59d7ef30/[***]vers/[***]ment.req.vtl","Bucket":"[***]ify-[***]minfo-[***]renv1-[***]ve-[***]23-[***]ment"}])
2020-12-17T18:12:22.708Z|info : amplify-provider-awscloudformation.upload-appsync-files.uploadAppSyncFiles.upload.s3Client.uploadFile([{"Key":"[***]vers/[***]sson.req.vtl"}])
2020-12-17T18:12:22.714Z|info : amplify-provider-awscloudformation.aws-s3.uploadFile.s3.putObject([{"Key":"[***]ify-[***]ync-[***]es/[***]f938d4ea59d7ef30/[***]vers/[***]sson.req.vtl","Bucket":"[***]ify-[***]minfo-[***]renv1-[***]ve-[***]23-[***]ment"}])
2020-12-17T18:12:22.715Z|info : amplify-provider-awscloudformation.upload-appsync-files.uploadAppSyncFiles.upload.s3Client.uploadFile([{"Key":"[***]vers/[***]Qna.req.vtl"}])
2020-12-17T18:12:22.715Z|info : amplify-provider-awscloudformation.aws-s3.uploadFile.s3.putObject([{"Key":"[***]ify-[***]ync-[***]es/[***]f938d4ea59d7ef30/[***]vers/[***]Qna.req.vtl","Bucket":"[***]ify-[***]minfo-[***]renv1-[***]ve-[***]23-[***]ment"}])
2020-12-17T18:12:22.716Z|info : amplify-provider-awscloudformation.upload-appsync-files.uploadAppSyncFiles.upload.s3Client.uploadFile([{"Key":"[***]vers/[***]Tag.req.vtl"}])
2020-12-17T18:12:22.716Z|info : amplify-provider-awscloudformation.aws-s3.uploadFile.s3.putObject([{"Key":"[***]ify-[***]ync-[***]es/[***]f938d4ea59d7ef30/[***]vers/[***]Tag.req.vtl","Bucket":"[***]ify-[***]minfo-[***]renv1-[***]ve-[***]23-[***]ment"}])
2020-12-17T18:12:22.717Z|info : amplify-provider-awscloudformation.upload-appsync-files.uploadAppSyncFiles.upload.s3Client.uploadFile([{"Key":"[***]vers/[***]ser.req.vtl"}])
2020-12-17T18:12:22.717Z|info : amplify-provider-awscloudformation.aws-s3.uploadFile.s3.putObject([{"Key":"[***]ify-[***]ync-[***]es/[***]f938d4ea59d7ef30/[***]vers/[***]ser.req.vtl","Bucket":"[***]ify-[***]minfo-[***]renv1-[***]ve-[***]23-[***]ment"}])
2020-12-17T18:12:22.718Z|info : amplify-provider-awscloudformation.upload-appsync-files.uploadAppSyncFiles.upload.s3Client.uploadFile([{"Key":"[***]vers/[***].req.vtl"}])
2020-12-17T18:12:22.718Z|info : amplify-provider-awscloudformation.aws-s3.uploadFile.s3.putObject([{"Key":"[***]ify-[***]ync-[***]es/[***]f938d4ea59d7ef30/[***]vers/[***].req.vtl","Bucket":"[***]ify-[***]minfo-[***]renv1-[***]ve-[***]23-[***]ment"}])
2020-12-17T18:12:22.719Z|info : amplify-provider-awscloudformation.upload-appsync-files.uploadAppSyncFiles.upload.s3Client.uploadFile([{"Key":"[***]vers/[***]queUrl.req.vtl"}])
2020-12-17T18:12:22.719Z|info : amplify-provider-awscloudformation.aws-s3.uploadFile.s3.putObject([{"Key":"[***]ify-[***]ync-[***]es/[***]f938d4ea59d7ef30/[***]vers/[***]queUrl.req.vtl","Bucket":"[***]ify-[***]minfo-[***]renv1-[***]ve-[***]23-[***]ment"}])
2020-12-17T18:12:22.720Z|info : amplify-provider-awscloudformation.upload-appsync-files.uploadAppSyncFiles.upload.s3Client.uploadFile([{"Key":"[***]vers/[***]ddress.req.vtl"}])
2020-12-17T18:12:22.720Z|info : amplify-provider-awscloudformation.aws-s3.uploadFile.s3.putObject([{"Key":"[***]ify-[***]ync-[***]es/[***]f938d4ea59d7ef30/[***]vers/[***]ddress.req.vtl","Bucket":"[***]ify-[***]minfo-[***]renv1-[***]ve-[***]23-[***]ment"}])
2020-12-17T18:12:22.721Z|info : amplify-provider-awscloudformation.upload-appsync-files.uploadAppSyncFiles.upload.s3Client.uploadFile([{"Key":"[***]vers/[***]nts.req.vtl"}])
2020-12-17T18:12:22.721Z|info : amplify-provider-awscloudformation.aws-s3.uploadFile.s3.putObject([{"Key":"[***]ify-[***]ync-[***]es/[***]f938d4ea59d7ef30/[***]vers/[***]nts.req.vtl","Bucket":"[***]ify-[***]minfo-[***]renv1-[***]ve-[***]23-[***]ment"}])
2020-12-17T18:12:22.722Z|info : amplify-provider-awscloudformation.upload-appsync-files.uploadAppSyncFiles.upload.s3Client.uploadFile([{"Key":"[***]vers/[***]les.req.vtl"}])
2020-12-17T18:12:22.723Z|info : amplify-provider-awscloudformation.aws-s3.uploadFile.s3.putObject([{"Key":"[***]ify-[***]ync-[***]es/[***]f938d4ea59d7ef30/[***]vers/[***]les.req.vtl","Bucket":"[***]ify-[***]minfo-[***]renv1-[***]ve-[***]23-[***]ment"}])
2020-12-17T18:12:22.723Z|info : amplify-provider-awscloudformation.upload-appsync-files.uploadAppSyncFiles.upload.s3Client.uploadFile([{"Key":"[***]vers/[***]ries.req.vtl"}])
2020-12-17T18:12:22.724Z|info : amplify-provider-awscloudformation.aws-s3.uploadFile.s3.putObject([{"Key":"[***]ify-[***]ync-[***]es/[***]f938d4ea59d7ef30/[***]vers/[***]ries.req.vtl","Bucket":"[***]ify-[***]minfo-[***]renv1-[***]ve-[***]23-[***]ment"}])
2020-12-17T18:12:22.725Z|info : amplify-provider-awscloudformation.upload-appsync-files.uploadAppSyncFiles.upload.s3Client.uploadFile([{"Key":"[***]vers/[***]ooms.req.vtl"}])
2020-12-17T18:12:22.725Z|info : amplify-provider-awscloudformation.aws-s3.uploadFile.s3.putObject([{"Key":"[***]ify-[***]ync-[***]es/[***]f938d4ea59d7ef30/[***]vers/[***]ooms.req.vtl","Bucket":"[***]ify-[***]minfo-[***]renv1-[***]ve-[***]23-[***]ment"}])
2020-12-17T18:12:22.726Z|info : amplify-provider-awscloudformation.upload-appsync-files.uploadAppSyncFiles.upload.s3Client.uploadFile([{"Key":"[***]vers/[***]nts.req.vtl"}])
2020-12-17T18:12:22.726Z|info : amplify-provider-awscloudformation.aws-s3.uploadFile.s3.putObject([{"Key":"[***]ify-[***]ync-[***]es/[***]f938d4ea59d7ef30/[***]vers/[***]nts.req.vtl","Bucket":"[***]ify-[***]minfo-[***]renv1-[***]ve-[***]23-[***]ment"}])
2020-12-17T18:12:22.727Z|info : amplify-provider-awscloudformation.upload-appsync-files.uploadAppSyncFiles.upload.s3Client.uploadFile([{"Key":"[***]vers/[***]ns.req.vtl"}])
2020-12-17T18:12:22.727Z|info : amplify-provider-awscloudformation.aws-s3.uploadFile.s3.putObject([{"Key":"[***]ify-[***]ync-[***]es/[***]f938d4ea59d7ef30/[***]vers/[***]ns.req.vtl","Bucket":"[***]ify-[***]minfo-[***]renv1-[***]ve-[***]23-[***]ment"}])
2020-12-17T18:12:22.728Z|info : amplify-provider-awscloudformation.upload-appsync-files.uploadAppSyncFiles.upload.s3Client.uploadFile([{"Key":"[***]vers/[***]s.req.vtl"}])
2020-12-17T18:12:22.728Z|info : amplify-provider-awscloudformation.aws-s3.uploadFile.s3.putObject([{"Key":"[***]ify-[***]ync-[***]es/[***]f938d4ea59d7ef30/[***]vers/[***]s.req.vtl","Bucket":"[***]ify-[***]minfo-[***]renv1-[***]ve-[***]23-[***]ment"}])
2020-12-17T18:12:22.729Z|info : amplify-provider-awscloudformation.upload-appsync-files.uploadAppSyncFiles.upload.s3Client.uploadFile([{"Key":"[***]vers/[***]s.req.vtl"}])
2020-12-17T18:12:22.729Z|info : amplify-provider-awscloudformation.aws-s3.uploadFile.s3.putObject([{"Key":"[***]ify-[***]ync-[***]es/[***]f938d4ea59d7ef30/[***]vers/[***]s.req.vtl","Bucket":"[***]ify-[***]minfo-[***]renv1-[***]ve-[***]23-[***]ment"}])
2020-12-17T18:12:22.730Z|info : amplify-provider-awscloudformation.upload-appsync-files.uploadAppSyncFiles.upload.s3Client.uploadFile([{"Key":"[***]vers/[***]rs.req.vtl"}])
2020-12-17T18:12:22.730Z|info : amplify-provider-awscloudformation.aws-s3.uploadFile.s3.putObject([{"Key":"[***]ify-[***]ync-[***]es/[***]f938d4ea59d7ef30/[***]vers/[***]rs.req.vtl","Bucket":"[***]ify-[***]minfo-[***]renv1-[***]ve-[***]23-[***]ment"}])
2020-12-17T18:12:22.731Z|info : amplify-provider-awscloudformation.upload-appsync-files.uploadAppSyncFiles.upload.s3Client.uploadFile([{"Key":"[***]raphql"}])
2020-12-17T18:12:22.731Z|info : amplify-provider-awscloudformation.aws-s3.uploadFile.s3.putObject([{"Key":"[***]ify-[***]ync-[***]es/[***]f938d4ea59d7ef30/[***]raphql","Bucket":"[***]ify-[***]minfo-[***]renv1-[***]ve-[***]23-[***]ment"}])
2020-12-17T18:12:22.732Z|info : amplify-provider-awscloudformation.upload-appsync-files.uploadAppSyncFiles.upload.s3Client.uploadFile([{"Key":"[***]cks/[***]ces.json"}])
2020-12-17T18:12:22.732Z|info : amplify-provider-awscloudformation.aws-s3.uploadFile.s3.putObject([{"Key":"[***]ify-[***]ync-[***]es/[***]f938d4ea59d7ef30/[***]cks/[***]ces.json","Bucket":"[***]ify-[***]minfo-[***]renv1-[***]ve-[***]23-[***]ment"}])
2020-12-17T18:12:58.784Z|info : amplify-provider-awscloudformation.aws-s3.uploadFile.s3.putObject([{"Key":"[***]ify-[***]fn-[***]ates/[***]pi/[***]mation-[***]e.json","Bucket":"[***]ify-[***]minfo-[***]renv1-[***]ve-[***]23-[***]ment"}])
2020-12-17T18:12:58.787Z|info : amplify-provider-awscloudformation.aws-s3.uploadFile.s3.putObject([{"Key":"[***]ify-[***]fn-[***]ates/[***]tion/[***]AppTrigger-[***]mation-[***]e.json","Bucket":"[***]ify-[***]minfo-[***]renv1-[***]ve-[***]23-[***]ment"}])
2020-12-17T18:13:02.557Z|info : amplify-provider-awscloudformation.push-resources.updateCloudFormationNestedStack(["/Users/zairvai/Documents/projects/kominfo/pesantren/amplify/backend/awscloudformation","/Users/zairvai/Documents/projects/kominfo/pesantren/amplify/backend/awscloudformation/nested-cloudformation-stack.yml"])
2020-12-17T18:13:02.567Z|info : amplify-provider-awscloudformation.aws-s3.uploadFile.s3.putObject([{"Key":"[***]ted-[***]mation-[***].yml","Bucket":"[***]ify-[***]minfo-[***]renv1-[***]ve-[***]23-[***]ment"}])
2020-12-17T18:16:18.725Z|info : amplify-provider-awscloudformation.push-resources.storeCurrentcoudBackend.s3.uploadFile([{"Key":"[***]rent-[***]ud-[***]d.zip"}])
2020-12-17T18:16:18.726Z|info : amplify-provider-awscloudformation.aws-s3.uploadFile.s3.putObject([{"Key":"[***]rent-[***]ud-[***]d.zip","Bucket":"[***]ify-[***]minfo-[***]renv1-[***]ve-[***]23-[***]ment"}])
2020-12-17T18:16:19.782Z|info : amplify-provider-awscloudformation.amplify-service-manager.s3.uploadFile([{"Key":"[***]ify-[***]json"}])
2020-12-17T18:16:19.783Z|info : amplify-provider-awscloudformation.aws-s3.uploadFile.s3.putObject([{"Key":"[***]ify-[***]json","Bucket":"[***]ify-[***]minfo-[***]renv1-[***]ve-[***]23-[***]ment"}])
2020-12-17T18:16:19.999Z|info : amplify-provider-awscloudformation.amplify-service-manager.s3.uploadFile([{"Key":"[***]end-[***].json"}])
2020-12-17T18:16:20.000Z|info : amplify-provider-awscloudformation.aws-s3.uploadFile.s3.putObject([{"Key":"[***]end-[***].json","Bucket":"[***]ify-[***]minfo-[***]renv1-[***]ve-[***]23-[***]ment"}])
2020-12-17T18:46:46.306Z|info : amplify push core  
2020-12-17T18:46:57.986Z|info : amplify-provider-awscloudformation.zip-util.downloadZip.s3.getFile([{"Key":"[***]rent-[***]ud-[***]d.zip"},null])
2020-12-17T18:46:57.990Z|info : amplify-provider-awscloudformation.aws-s3.s3.getFile([{"Key":"[***]rent-[***]ud-[***]d.zip","Bucket":"[***]ify-[***]minfo-[***]renv1-[***]ve-[***]23-[***]ment"}])
2020-12-17T18:47:01.291Z|info : amplify-provider-awscloudformation.initialize-env.run.cfn.updateamplifyMetaFileWithStackOutputs([{"StackName":"[***]ify-[***]minfo-[***]renv1-[***]ve-[***]23"}])
2020-12-17T18:47:02.157Z|info : amplify-provider-awscloudformation.aws-s3.s3.getFile([{"Key":"[***]ify-[***]json","Bucket":"[***]ify-[***]minfo-[***]renv1-[***]ve-[***]23-[***]ment"}])
2020-12-17T18:47:08.133Z|info : amplify-provider-awscloudformation.upload-appsync-files.uploadAppSyncFiles.upload.s3Client.uploadFile([{"Key":"[***]mation-[***]e.json"}])
2020-12-17T18:47:08.135Z|info : amplify-provider-awscloudformation.aws-s3.uploadFile.s3.putObject([{"Key":"[***]ify-[***]ync-[***]es/[***]e6b1f1700c45e05b/[***]mation-[***]e.json","Bucket":"[***]ify-[***]minfo-[***]renv1-[***]ve-[***]23-[***]ment"}])
2020-12-17T18:47:08.139Z|info : amplify-provider-awscloudformation.upload-appsync-files.uploadAppSyncFiles.upload.s3Client.uploadFile([{"Key":"[***]s.json"}])
2020-12-17T18:47:08.139Z|info : amplify-provider-awscloudformation.aws-s3.uploadFile.s3.putObject([{"Key":"[***]ify-[***]ync-[***]es/[***]e6b1f1700c45e05b/[***]s.json","Bucket":"[***]ify-[***]minfo-[***]renv1-[***]ve-[***]23-[***]ment"}])
2020-12-17T18:47:08.141Z|info : amplify-provider-awscloudformation.upload-appsync-files.uploadAppSyncFiles.upload.s3Client.uploadFile([{"Key":"[***]vers/[***]nt.req.vtl"}])
2020-12-17T18:47:08.141Z|info : amplify-provider-awscloudformation.aws-s3.uploadFile.s3.putObject([{"Key":"[***]ify-[***]ync-[***]es/[***]e6b1f1700c45e05b/[***]vers/[***]nt.req.vtl","Bucket":"[***]ify-[***]minfo-[***]renv1-[***]ve-[***]23-[***]ment"}])
2020-12-17T18:47:08.143Z|info : amplify-provider-awscloudformation.upload-appsync-files.uploadAppSyncFiles.upload.s3Client.uploadFile([{"Key":"[***]vers/[***]nt.req.vtl"}])
2020-12-17T18:47:08.143Z|info : amplify-provider-awscloudformation.aws-s3.uploadFile.s3.putObject([{"Key":"[***]ify-[***]ync-[***]es/[***]e6b1f1700c45e05b/[***]vers/[***]nt.req.vtl","Bucket":"[***]ify-[***]minfo-[***]renv1-[***]ve-[***]23-[***]ment"}])
2020-12-17T18:47:08.145Z|info : amplify-provider-awscloudformation.upload-appsync-files.uploadAppSyncFiles.upload.s3Client.uploadFile([{"Key":"[***]vers/[***]nt.req.vtl"}])
2020-12-17T18:47:08.146Z|info : amplify-provider-awscloudformation.aws-s3.uploadFile.s3.putObject([{"Key":"[***]ify-[***]ync-[***]es/[***]e6b1f1700c45e05b/[***]vers/[***]nt.req.vtl","Bucket":"[***]ify-[***]minfo-[***]renv1-[***]ve-[***]23-[***]ment"}])
2020-12-17T18:47:08.149Z|info : amplify-provider-awscloudformation.upload-appsync-files.uploadAppSyncFiles.upload.s3Client.uploadFile([{"Key":"[***]vers/[***]e.user.req.vtl"}])
2020-12-17T18:47:08.149Z|info : amplify-provider-awscloudformation.aws-s3.uploadFile.s3.putObject([{"Key":"[***]ify-[***]ync-[***]es/[***]e6b1f1700c45e05b/[***]vers/[***]e.user.req.vtl","Bucket":"[***]ify-[***]minfo-[***]renv1-[***]ve-[***]23-[***]ment"}])
2020-12-17T18:47:08.152Z|info : amplify-provider-awscloudformation.upload-appsync-files.uploadAppSyncFiles.upload.s3Client.uploadFile([{"Key":"[***]vers/[***]e.user.res.vtl"}])
2020-12-17T18:47:08.152Z|info : amplify-provider-awscloudformation.aws-s3.uploadFile.s3.putObject([{"Key":"[***]ify-[***]ync-[***]es/[***]e6b1f1700c45e05b/[***]vers/[***]e.user.res.vtl","Bucket":"[***]ify-[***]minfo-[***]renv1-[***]ve-[***]23-[***]ment"}])
2020-12-17T18:47:08.154Z|info : amplify-provider-awscloudformation.upload-appsync-files.uploadAppSyncFiles.upload.s3Client.uploadFile([{"Key":"[***]vers/[***]rAccount.req.vtl"}])
2020-12-17T18:47:08.154Z|info : amplify-provider-awscloudformation.aws-s3.uploadFile.s3.putObject([{"Key":"[***]ify-[***]ync-[***]es/[***]e6b1f1700c45e05b/[***]vers/[***]rAccount.req.vtl","Bucket":"[***]ify-[***]minfo-[***]renv1-[***]ve-[***]23-[***]ment"}])
2020-12-17T18:47:08.155Z|info : amplify-provider-awscloudformation.upload-appsync-files.uploadAppSyncFiles.upload.s3Client.uploadFile([{"Key":"[***]vers/[***]rAccount.res.vtl"}])
2020-12-17T18:47:08.156Z|info : amplify-provider-awscloudformation.aws-s3.uploadFile.s3.putObject([{"Key":"[***]ify-[***]ync-[***]es/[***]e6b1f1700c45e05b/[***]vers/[***]rAccount.res.vtl","Bucket":"[***]ify-[***]minfo-[***]renv1-[***]ve-[***]23-[***]ment"}])
2020-12-17T18:47:08.157Z|info : amplify-provider-awscloudformation.upload-appsync-files.uploadAppSyncFiles.upload.s3Client.uploadFile([{"Key":"[***]vers/[***]Item.req.vtl"}])
2020-12-17T18:47:08.157Z|info : amplify-provider-awscloudformation.aws-s3.uploadFile.s3.putObject([{"Key":"[***]ify-[***]ync-[***]es/[***]e6b1f1700c45e05b/[***]vers/[***]Item.req.vtl","Bucket":"[***]ify-[***]minfo-[***]renv1-[***]ve-[***]23-[***]ment"}])
2020-12-17T18:47:08.159Z|info : amplify-provider-awscloudformation.upload-appsync-files.uploadAppSyncFiles.upload.s3Client.uploadFile([{"Key":"[***]vers/[***]Item.res.vtl"}])
2020-12-17T18:47:08.159Z|info : amplify-provider-awscloudformation.aws-s3.uploadFile.s3.putObject([{"Key":"[***]ify-[***]ync-[***]es/[***]e6b1f1700c45e05b/[***]vers/[***]Item.res.vtl","Bucket":"[***]ify-[***]minfo-[***]renv1-[***]ve-[***]23-[***]ment"}])
2020-12-17T18:47:08.161Z|info : amplify-provider-awscloudformation.upload-appsync-files.uploadAppSyncFiles.upload.s3Client.uploadFile([{"Key":"[***]vers/[***]tem.req.vtl"}])
2020-12-17T18:47:08.161Z|info : amplify-provider-awscloudformation.aws-s3.uploadFile.s3.putObject([{"Key":"[***]ify-[***]ync-[***]es/[***]e6b1f1700c45e05b/[***]vers/[***]tem.req.vtl","Bucket":"[***]ify-[***]minfo-[***]renv1-[***]ve-[***]23-[***]ment"}])
2020-12-17T18:47:08.163Z|info : amplify-provider-awscloudformation.upload-appsync-files.uploadAppSyncFiles.upload.s3Client.uploadFile([{"Key":"[***]vers/[***]tem.res.vtl"}])
2020-12-17T18:47:08.163Z|info : amplify-provider-awscloudformation.aws-s3.uploadFile.s3.putObject([{"Key":"[***]ify-[***]ync-[***]es/[***]e6b1f1700c45e05b/[***]vers/[***]tem.res.vtl","Bucket":"[***]ify-[***]minfo-[***]renv1-[***]ve-[***]23-[***]ment"}])
2020-12-17T18:47:08.165Z|info : amplify-provider-awscloudformation.upload-appsync-files.uploadAppSyncFiles.upload.s3Client.uploadFile([{"Key":"[***]vers/[***]em.req.vtl"}])
2020-12-17T18:47:08.165Z|info : amplify-provider-awscloudformation.aws-s3.uploadFile.s3.putObject([{"Key":"[***]ify-[***]ync-[***]es/[***]e6b1f1700c45e05b/[***]vers/[***]em.req.vtl","Bucket":"[***]ify-[***]minfo-[***]renv1-[***]ve-[***]23-[***]ment"}])
2020-12-17T18:47:08.167Z|info : amplify-provider-awscloudformation.upload-appsync-files.uploadAppSyncFiles.upload.s3Client.uploadFile([{"Key":"[***]vers/[***]em.res.vtl"}])
2020-12-17T18:47:08.167Z|info : amplify-provider-awscloudformation.aws-s3.uploadFile.s3.putObject([{"Key":"[***]ify-[***]ync-[***]es/[***]e6b1f1700c45e05b/[***]vers/[***]em.res.vtl","Bucket":"[***]ify-[***]minfo-[***]renv1-[***]ve-[***]23-[***]ment"}])
2020-12-17T18:47:08.169Z|info : amplify-provider-awscloudformation.upload-appsync-files.uploadAppSyncFiles.upload.s3Client.uploadFile([{"Key":"[***]vers/[***]nager.req.vtl"}])
2020-12-17T18:47:08.169Z|info : amplify-provider-awscloudformation.aws-s3.uploadFile.s3.putObject([{"Key":"[***]ify-[***]ync-[***]es/[***]e6b1f1700c45e05b/[***]vers/[***]nager.req.vtl","Bucket":"[***]ify-[***]minfo-[***]renv1-[***]ve-[***]23-[***]ment"}])
2020-12-17T18:47:08.170Z|info : amplify-provider-awscloudformation.upload-appsync-files.uploadAppSyncFiles.upload.s3Client.uploadFile([{"Key":"[***]vers/[***]nager.res.vtl"}])
2020-12-17T18:47:08.170Z|info : amplify-provider-awscloudformation.aws-s3.uploadFile.s3.putObject([{"Key":"[***]ify-[***]ync-[***]es/[***]e6b1f1700c45e05b/[***]vers/[***]nager.res.vtl","Bucket":"[***]ify-[***]minfo-[***]renv1-[***]ve-[***]23-[***]ment"}])
2020-12-17T18:47:08.172Z|info : amplify-provider-awscloudformation.upload-appsync-files.uploadAppSyncFiles.upload.s3Client.uploadFile([{"Key":"[***]vers/[***]em.req.vtl"}])
2020-12-17T18:47:08.172Z|info : amplify-provider-awscloudformation.aws-s3.uploadFile.s3.putObject([{"Key":"[***]ify-[***]ync-[***]es/[***]e6b1f1700c45e05b/[***]vers/[***]em.req.vtl","Bucket":"[***]ify-[***]minfo-[***]renv1-[***]ve-[***]23-[***]ment"}])
2020-12-17T18:47:08.174Z|info : amplify-provider-awscloudformation.upload-appsync-files.uploadAppSyncFiles.upload.s3Client.uploadFile([{"Key":"[***]vers/[***]em.res.vtl"}])
2020-12-17T18:47:08.174Z|info : amplify-provider-awscloudformation.aws-s3.uploadFile.s3.putObject([{"Key":"[***]ify-[***]ync-[***]es/[***]e6b1f1700c45e05b/[***]vers/[***]em.res.vtl","Bucket":"[***]ify-[***]minfo-[***]renv1-[***]ve-[***]23-[***]ment"}])
2020-12-17T18:47:08.176Z|info : amplify-provider-awscloudformation.upload-appsync-files.uploadAppSyncFiles.upload.s3Client.uploadFile([{"Key":"[***]vers/[***]ager.req.vtl"}])
2020-12-17T18:47:08.176Z|info : amplify-provider-awscloudformation.aws-s3.uploadFile.s3.putObject([{"Key":"[***]ify-[***]ync-[***]es/[***]e6b1f1700c45e05b/[***]vers/[***]ager.req.vtl","Bucket":"[***]ify-[***]minfo-[***]renv1-[***]ve-[***]23-[***]ment"}])
2020-12-17T18:47:08.177Z|info : amplify-provider-awscloudformation.upload-appsync-files.uploadAppSyncFiles.upload.s3Client.uploadFile([{"Key":"[***]vers/[***]ager.res.vtl"}])
2020-12-17T18:47:08.178Z|info : amplify-provider-awscloudformation.aws-s3.uploadFile.s3.putObject([{"Key":"[***]ify-[***]ync-[***]es/[***]e6b1f1700c45e05b/[***]vers/[***]ager.res.vtl","Bucket":"[***]ify-[***]minfo-[***]renv1-[***]ve-[***]23-[***]ment"}])
2020-12-17T18:47:08.179Z|info : amplify-provider-awscloudformation.upload-appsync-files.uploadAppSyncFiles.upload.s3Client.uploadFile([{"Key":"[***]vers/[***]nager.req.vtl"}])
2020-12-17T18:47:08.180Z|info : amplify-provider-awscloudformation.aws-s3.uploadFile.s3.putObject([{"Key":"[***]ify-[***]ync-[***]es/[***]e6b1f1700c45e05b/[***]vers/[***]nager.req.vtl","Bucket":"[***]ify-[***]minfo-[***]renv1-[***]ve-[***]23-[***]ment"}])
2020-12-17T18:47:08.181Z|info : amplify-provider-awscloudformation.upload-appsync-files.uploadAppSyncFiles.upload.s3Client.uploadFile([{"Key":"[***]vers/[***]nager.res.vtl"}])
2020-12-17T18:47:08.181Z|info : amplify-provider-awscloudformation.aws-s3.uploadFile.s3.putObject([{"Key":"[***]ify-[***]ync-[***]es/[***]e6b1f1700c45e05b/[***]vers/[***]nager.res.vtl","Bucket":"[***]ify-[***]minfo-[***]renv1-[***]ve-[***]23-[***]ment"}])
2020-12-17T18:47:08.183Z|info : amplify-provider-awscloudformation.upload-appsync-files.uploadAppSyncFiles.upload.s3Client.uploadFile([{"Key":"[***]vers/[***]tem.req.vtl"}])
2020-12-17T18:47:08.183Z|info : amplify-provider-awscloudformation.aws-s3.uploadFile.s3.putObject([{"Key":"[***]ify-[***]ync-[***]es/[***]e6b1f1700c45e05b/[***]vers/[***]tem.req.vtl","Bucket":"[***]ify-[***]minfo-[***]renv1-[***]ve-[***]23-[***]ment"}])
2020-12-17T18:47:08.185Z|info : amplify-provider-awscloudformation.upload-appsync-files.uploadAppSyncFiles.upload.s3Client.uploadFile([{"Key":"[***]vers/[***]tem.res.vtl"}])
2020-12-17T18:47:08.185Z|info : amplify-provider-awscloudformation.aws-s3.uploadFile.s3.putObject([{"Key":"[***]ify-[***]ync-[***]es/[***]e6b1f1700c45e05b/[***]vers/[***]tem.res.vtl","Bucket":"[***]ify-[***]minfo-[***]renv1-[***]ve-[***]23-[***]ment"}])
2020-12-17T18:47:08.187Z|info : amplify-provider-awscloudformation.upload-appsync-files.uploadAppSyncFiles.upload.s3Client.uploadFile([{"Key":"[***]vers/[***].req.vtl"}])
2020-12-17T18:47:08.187Z|info : amplify-provider-awscloudformation.aws-s3.uploadFile.s3.putObject([{"Key":"[***]ify-[***]ync-[***]es/[***]e6b1f1700c45e05b/[***]vers/[***].req.vtl","Bucket":"[***]ify-[***]minfo-[***]renv1-[***]ve-[***]23-[***]ment"}])
2020-12-17T18:47:08.189Z|info : amplify-provider-awscloudformation.upload-appsync-files.uploadAppSyncFiles.upload.s3Client.uploadFile([{"Key":"[***]vers/[***].req.vtl"}])
2020-12-17T18:47:08.189Z|info : amplify-provider-awscloudformation.aws-s3.uploadFile.s3.putObject([{"Key":"[***]ify-[***]ync-[***]es/[***]e6b1f1700c45e05b/[***]vers/[***].req.vtl","Bucket":"[***]ify-[***]minfo-[***]renv1-[***]ve-[***]23-[***]ment"}])
2020-12-17T18:47:08.191Z|info : amplify-provider-awscloudformation.upload-appsync-files.uploadAppSyncFiles.upload.s3Client.uploadFile([{"Key":"[***]vers/[***]y.req.vtl"}])
2020-12-17T18:47:08.191Z|info : amplify-provider-awscloudformation.aws-s3.uploadFile.s3.putObject([{"Key":"[***]ify-[***]ync-[***]es/[***]e6b1f1700c45e05b/[***]vers/[***]y.req.vtl","Bucket":"[***]ify-[***]minfo-[***]renv1-[***]ve-[***]23-[***]ment"}])
2020-12-17T18:47:08.193Z|info : amplify-provider-awscloudformation.upload-appsync-files.uploadAppSyncFiles.upload.s3Client.uploadFile([{"Key":"[***]vers/[***]m.req.vtl"}])
2020-12-17T18:47:08.193Z|info : amplify-provider-awscloudformation.aws-s3.uploadFile.s3.putObject([{"Key":"[***]ify-[***]ync-[***]es/[***]e6b1f1700c45e05b/[***]vers/[***]m.req.vtl","Bucket":"[***]ify-[***]minfo-[***]renv1-[***]ve-[***]23-[***]ment"}])
2020-12-17T18:47:08.195Z|info : amplify-provider-awscloudformation.upload-appsync-files.uploadAppSyncFiles.upload.s3Client.uploadFile([{"Key":"[***]vers/[***]y.req.vtl"}])
2020-12-17T18:47:08.195Z|info : amplify-provider-awscloudformation.aws-s3.uploadFile.s3.putObject([{"Key":"[***]ify-[***]ync-[***]es/[***]e6b1f1700c45e05b/[***]vers/[***]y.req.vtl","Bucket":"[***]ify-[***]minfo-[***]renv1-[***]ve-[***]23-[***]ment"}])
2020-12-17T18:47:08.197Z|info : amplify-provider-awscloudformation.upload-appsync-files.uploadAppSyncFiles.upload.s3Client.uploadFile([{"Key":"[***]vers/[***]em.req.vtl"}])
2020-12-17T18:47:08.197Z|info : amplify-provider-awscloudformation.aws-s3.uploadFile.s3.putObject([{"Key":"[***]ify-[***]ync-[***]es/[***]e6b1f1700c45e05b/[***]vers/[***]em.req.vtl","Bucket":"[***]ify-[***]minfo-[***]renv1-[***]ve-[***]23-[***]ment"}])
2020-12-17T18:47:08.199Z|info : amplify-provider-awscloudformation.upload-appsync-files.uploadAppSyncFiles.upload.s3Client.uploadFile([{"Key":"[***]vers/[***].req.vtl"}])
2020-12-17T18:47:08.199Z|info : amplify-provider-awscloudformation.aws-s3.uploadFile.s3.putObject([{"Key":"[***]ify-[***]ync-[***]es/[***]e6b1f1700c45e05b/[***]vers/[***].req.vtl","Bucket":"[***]ify-[***]minfo-[***]renv1-[***]ve-[***]23-[***]ment"}])
2020-12-17T18:47:08.201Z|info : amplify-provider-awscloudformation.upload-appsync-files.uploadAppSyncFiles.upload.s3Client.uploadFile([{"Key":"[***]vers/[***].req.vtl"}])
2020-12-17T18:47:08.201Z|info : amplify-provider-awscloudformation.aws-s3.uploadFile.s3.putObject([{"Key":"[***]ify-[***]ync-[***]es/[***]e6b1f1700c45e05b/[***]vers/[***].req.vtl","Bucket":"[***]ify-[***]minfo-[***]renv1-[***]ve-[***]23-[***]ment"}])
2020-12-17T18:47:08.202Z|info : amplify-provider-awscloudformation.upload-appsync-files.uploadAppSyncFiles.upload.s3Client.uploadFile([{"Key":"[***]vers/[***]res.vtl"}])
2020-12-17T18:47:08.203Z|info : amplify-provider-awscloudformation.aws-s3.uploadFile.s3.putObject([{"Key":"[***]ify-[***]ync-[***]es/[***]e6b1f1700c45e05b/[***]vers/[***]res.vtl","Bucket":"[***]ify-[***]minfo-[***]renv1-[***]ve-[***]23-[***]ment"}])
2020-12-17T18:47:08.204Z|info : amplify-provider-awscloudformation.upload-appsync-files.uploadAppSyncFiles.upload.s3Client.uploadFile([{"Key":"[***]vers/[***].req.vtl"}])
2020-12-17T18:47:08.205Z|info : amplify-provider-awscloudformation.aws-s3.uploadFile.s3.putObject([{"Key":"[***]ify-[***]ync-[***]es/[***]e6b1f1700c45e05b/[***]vers/[***].req.vtl","Bucket":"[***]ify-[***]minfo-[***]renv1-[***]ve-[***]23-[***]ment"}])
2020-12-17T18:47:08.206Z|info : amplify-provider-awscloudformation.upload-appsync-files.uploadAppSyncFiles.upload.s3Client.uploadFile([{"Key":"[***]vers/[***]er.req.vtl"}])
2020-12-17T18:47:08.206Z|info : amplify-provider-awscloudformation.aws-s3.uploadFile.s3.putObject([{"Key":"[***]ify-[***]ync-[***]es/[***]e6b1f1700c45e05b/[***]vers/[***]er.req.vtl","Bucket":"[***]ify-[***]minfo-[***]renv1-[***]ve-[***]23-[***]ment"}])
2020-12-17T18:47:08.208Z|info : amplify-provider-awscloudformation.upload-appsync-files.uploadAppSyncFiles.upload.s3Client.uploadFile([{"Key":"[***]vers/[***]s.vtl"}])
2020-12-17T18:47:08.208Z|info : amplify-provider-awscloudformation.aws-s3.uploadFile.s3.putObject([{"Key":"[***]ify-[***]ync-[***]es/[***]e6b1f1700c45e05b/[***]vers/[***]s.vtl","Bucket":"[***]ify-[***]minfo-[***]renv1-[***]ve-[***]23-[***]ment"}])
2020-12-17T18:47:08.210Z|info : amplify-provider-awscloudformation.upload-appsync-files.uploadAppSyncFiles.upload.s3Client.uploadFile([{"Key":"[***]vers/[***]req.vtl"}])
2020-12-17T18:47:08.210Z|info : amplify-provider-awscloudformation.aws-s3.uploadFile.s3.putObject([{"Key":"[***]ify-[***]ync-[***]es/[***]e6b1f1700c45e05b/[***]vers/[***]req.vtl","Bucket":"[***]ify-[***]minfo-[***]renv1-[***]ve-[***]23-[***]ment"}])
2020-12-17T18:47:08.212Z|info : amplify-provider-awscloudformation.upload-appsync-files.uploadAppSyncFiles.upload.s3Client.uploadFile([{"Key":"[***]vers/[***]y.req.vtl"}])
2020-12-17T18:47:08.212Z|info : amplify-provider-awscloudformation.aws-s3.uploadFile.s3.putObject([{"Key":"[***]ify-[***]ync-[***]es/[***]e6b1f1700c45e05b/[***]vers/[***]y.req.vtl","Bucket":"[***]ify-[***]minfo-[***]renv1-[***]ve-[***]23-[***]ment"}])
2020-12-17T18:47:08.214Z|info : amplify-provider-awscloudformation.upload-appsync-files.uploadAppSyncFiles.upload.s3Client.uploadFile([{"Key":"[***]vers/[***]tems.req.vtl"}])
2020-12-17T18:47:08.214Z|info : amplify-provider-awscloudformation.aws-s3.uploadFile.s3.putObject([{"Key":"[***]ify-[***]ync-[***]es/[***]e6b1f1700c45e05b/[***]vers/[***]tems.req.vtl","Bucket":"[***]ify-[***]minfo-[***]renv1-[***]ve-[***]23-[***]ment"}])
2020-12-17T18:47:08.216Z|info : amplify-provider-awscloudformation.upload-appsync-files.uploadAppSyncFiles.upload.s3Client.uploadFile([{"Key":"[***]vers/[***]t.req.vtl"}])
2020-12-17T18:47:08.216Z|info : amplify-provider-awscloudformation.aws-s3.uploadFile.s3.putObject([{"Key":"[***]ify-[***]ync-[***]es/[***]e6b1f1700c45e05b/[***]vers/[***]t.req.vtl","Bucket":"[***]ify-[***]minfo-[***]renv1-[***]ve-[***]23-[***]ment"}])
2020-12-17T18:47:08.218Z|info : amplify-provider-awscloudformation.upload-appsync-files.uploadAppSyncFiles.upload.s3Client.uploadFile([{"Key":"[***]vers/[***]ount.req.vtl"}])
2020-12-17T18:47:08.218Z|info : amplify-provider-awscloudformation.aws-s3.uploadFile.s3.putObject([{"Key":"[***]ify-[***]ync-[***]es/[***]e6b1f1700c45e05b/[***]vers/[***]ount.req.vtl","Bucket":"[***]ify-[***]minfo-[***]renv1-[***]ve-[***]23-[***]ment"}])
2020-12-17T18:47:08.219Z|info : amplify-provider-awscloudformation.upload-appsync-files.uploadAppSyncFiles.upload.s3Client.uploadFile([{"Key":"[***]vers/[***]icle.req.vtl"}])
2020-12-17T18:47:08.220Z|info : amplify-provider-awscloudformation.aws-s3.uploadFile.s3.putObject([{"Key":"[***]ify-[***]ync-[***]es/[***]e6b1f1700c45e05b/[***]vers/[***]icle.req.vtl","Bucket":"[***]ify-[***]minfo-[***]renv1-[***]ve-[***]23-[***]ment"}])
2020-12-17T18:47:08.221Z|info : amplify-provider-awscloudformation.upload-appsync-files.uploadAppSyncFiles.upload.s3Client.uploadFile([{"Key":"[***]vers/[***]egory.req.vtl"}])
2020-12-17T18:47:08.222Z|info : amplify-provider-awscloudformation.aws-s3.uploadFile.s3.putObject([{"Key":"[***]ify-[***]ync-[***]es/[***]e6b1f1700c45e05b/[***]vers/[***]egory.req.vtl","Bucket":"[***]ify-[***]minfo-[***]renv1-[***]ve-[***]23-[***]ment"}])
2020-12-17T18:47:08.223Z|info : amplify-provider-awscloudformation.upload-appsync-files.uploadAppSyncFiles.upload.s3Client.uploadFile([{"Key":"[***]vers/[***]sroom.req.vtl"}])
2020-12-17T18:47:08.224Z|info : amplify-provider-awscloudformation.aws-s3.uploadFile.s3.putObject([{"Key":"[***]ify-[***]ync-[***]es/[***]e6b1f1700c45e05b/[***]vers/[***]sroom.req.vtl","Bucket":"[***]ify-[***]minfo-[***]renv1-[***]ve-[***]23-[***]ment"}])
2020-12-17T18:47:08.225Z|info : amplify-provider-awscloudformation.upload-appsync-files.uploadAppSyncFiles.upload.s3Client.uploadFile([{"Key":"[***]vers/[***]ment.req.vtl"}])
2020-12-17T18:47:08.226Z|info : amplify-provider-awscloudformation.aws-s3.uploadFile.s3.putObject([{"Key":"[***]ify-[***]ync-[***]es/[***]e6b1f1700c45e05b/[***]vers/[***]ment.req.vtl","Bucket":"[***]ify-[***]minfo-[***]renv1-[***]ve-[***]23-[***]ment"}])
2020-12-17T18:47:08.227Z|info : amplify-provider-awscloudformation.upload-appsync-files.uploadAppSyncFiles.upload.s3Client.uploadFile([{"Key":"[***]vers/[***]sson.req.vtl"}])
2020-12-17T18:47:08.227Z|info : amplify-provider-awscloudformation.aws-s3.uploadFile.s3.putObject([{"Key":"[***]ify-[***]ync-[***]es/[***]e6b1f1700c45e05b/[***]vers/[***]sson.req.vtl","Bucket":"[***]ify-[***]minfo-[***]renv1-[***]ve-[***]23-[***]ment"}])
2020-12-17T18:47:08.229Z|info : amplify-provider-awscloudformation.upload-appsync-files.uploadAppSyncFiles.upload.s3Client.uploadFile([{"Key":"[***]vers/[***]Qna.req.vtl"}])
2020-12-17T18:47:08.229Z|info : amplify-provider-awscloudformation.aws-s3.uploadFile.s3.putObject([{"Key":"[***]ify-[***]ync-[***]es/[***]e6b1f1700c45e05b/[***]vers/[***]Qna.req.vtl","Bucket":"[***]ify-[***]minfo-[***]renv1-[***]ve-[***]23-[***]ment"}])
2020-12-17T18:47:08.231Z|info : amplify-provider-awscloudformation.upload-appsync-files.uploadAppSyncFiles.upload.s3Client.uploadFile([{"Key":"[***]vers/[***]Tag.req.vtl"}])
2020-12-17T18:47:08.231Z|info : amplify-provider-awscloudformation.aws-s3.uploadFile.s3.putObject([{"Key":"[***]ify-[***]ync-[***]es/[***]e6b1f1700c45e05b/[***]vers/[***]Tag.req.vtl","Bucket":"[***]ify-[***]minfo-[***]renv1-[***]ve-[***]23-[***]ment"}])
2020-12-17T18:47:08.233Z|info : amplify-provider-awscloudformation.upload-appsync-files.uploadAppSyncFiles.upload.s3Client.uploadFile([{"Key":"[***]vers/[***]ser.req.vtl"}])
2020-12-17T18:47:08.233Z|info : amplify-provider-awscloudformation.aws-s3.uploadFile.s3.putObject([{"Key":"[***]ify-[***]ync-[***]es/[***]e6b1f1700c45e05b/[***]vers/[***]ser.req.vtl","Bucket":"[***]ify-[***]minfo-[***]renv1-[***]ve-[***]23-[***]ment"}])
2020-12-17T18:47:08.235Z|info : amplify-provider-awscloudformation.upload-appsync-files.uploadAppSyncFiles.upload.s3Client.uploadFile([{"Key":"[***]vers/[***]ount.req.vtl"}])
2020-12-17T18:47:08.235Z|info : amplify-provider-awscloudformation.aws-s3.uploadFile.s3.putObject([{"Key":"[***]ify-[***]ync-[***]es/[***]e6b1f1700c45e05b/[***]vers/[***]ount.req.vtl","Bucket":"[***]ify-[***]minfo-[***]renv1-[***]ve-[***]23-[***]ment"}])
2020-12-17T18:47:08.236Z|info : amplify-provider-awscloudformation.upload-appsync-files.uploadAppSyncFiles.upload.s3Client.uploadFile([{"Key":"[***]vers/[***]icle.req.vtl"}])
2020-12-17T18:47:08.237Z|info : amplify-provider-awscloudformation.aws-s3.uploadFile.s3.putObject([{"Key":"[***]ify-[***]ync-[***]es/[***]e6b1f1700c45e05b/[***]vers/[***]icle.req.vtl","Bucket":"[***]ify-[***]minfo-[***]renv1-[***]ve-[***]23-[***]ment"}])
2020-12-17T18:47:08.238Z|info : amplify-provider-awscloudformation.upload-appsync-files.uploadAppSyncFiles.upload.s3Client.uploadFile([{"Key":"[***]vers/[***]egory.req.vtl"}])
2020-12-17T18:47:08.238Z|info : amplify-provider-awscloudformation.aws-s3.uploadFile.s3.putObject([{"Key":"[***]ify-[***]ync-[***]es/[***]e6b1f1700c45e05b/[***]vers/[***]egory.req.vtl","Bucket":"[***]ify-[***]minfo-[***]renv1-[***]ve-[***]23-[***]ment"}])
2020-12-17T18:47:08.239Z|info : amplify-provider-awscloudformation.upload-appsync-files.uploadAppSyncFiles.upload.s3Client.uploadFile([{"Key":"[***]vers/[***]sroom.req.vtl"}])
2020-12-17T18:47:08.239Z|info : amplify-provider-awscloudformation.aws-s3.uploadFile.s3.putObject([{"Key":"[***]ify-[***]ync-[***]es/[***]e6b1f1700c45e05b/[***]vers/[***]sroom.req.vtl","Bucket":"[***]ify-[***]minfo-[***]renv1-[***]ve-[***]23-[***]ment"}])
2020-12-17T18:47:08.241Z|info : amplify-provider-awscloudformation.upload-appsync-files.uploadAppSyncFiles.upload.s3Client.uploadFile([{"Key":"[***]vers/[***]ment.req.vtl"}])
2020-12-17T18:47:08.241Z|info : amplify-provider-awscloudformation.aws-s3.uploadFile.s3.putObject([{"Key":"[***]ify-[***]ync-[***]es/[***]e6b1f1700c45e05b/[***]vers/[***]ment.req.vtl","Bucket":"[***]ify-[***]minfo-[***]renv1-[***]ve-[***]23-[***]ment"}])
2020-12-17T18:47:08.242Z|info : amplify-provider-awscloudformation.upload-appsync-files.uploadAppSyncFiles.upload.s3Client.uploadFile([{"Key":"[***]vers/[***]sson.req.vtl"}])
2020-12-17T18:47:08.242Z|info : amplify-provider-awscloudformation.aws-s3.uploadFile.s3.putObject([{"Key":"[***]ify-[***]ync-[***]es/[***]e6b1f1700c45e05b/[***]vers/[***]sson.req.vtl","Bucket":"[***]ify-[***]minfo-[***]renv1-[***]ve-[***]23-[***]ment"}])
2020-12-17T18:47:08.243Z|info : amplify-provider-awscloudformation.upload-appsync-files.uploadAppSyncFiles.upload.s3Client.uploadFile([{"Key":"[***]vers/[***]Qna.req.vtl"}])
2020-12-17T18:47:08.243Z|info : amplify-provider-awscloudformation.aws-s3.uploadFile.s3.putObject([{"Key":"[***]ify-[***]ync-[***]es/[***]e6b1f1700c45e05b/[***]vers/[***]Qna.req.vtl","Bucket":"[***]ify-[***]minfo-[***]renv1-[***]ve-[***]23-[***]ment"}])
2020-12-17T18:47:08.244Z|info : amplify-provider-awscloudformation.upload-appsync-files.uploadAppSyncFiles.upload.s3Client.uploadFile([{"Key":"[***]vers/[***]Tag.req.vtl"}])
2020-12-17T18:47:08.244Z|info : amplify-provider-awscloudformation.aws-s3.uploadFile.s3.putObject([{"Key":"[***]ify-[***]ync-[***]es/[***]e6b1f1700c45e05b/[***]vers/[***]Tag.req.vtl","Bucket":"[***]ify-[***]minfo-[***]renv1-[***]ve-[***]23-[***]ment"}])
2020-12-17T18:47:08.246Z|info : amplify-provider-awscloudformation.upload-appsync-files.uploadAppSyncFiles.upload.s3Client.uploadFile([{"Key":"[***]vers/[***]ser.req.vtl"}])
2020-12-17T18:47:08.246Z|info : amplify-provider-awscloudformation.aws-s3.uploadFile.s3.putObject([{"Key":"[***]ify-[***]ync-[***]es/[***]e6b1f1700c45e05b/[***]vers/[***]ser.req.vtl","Bucket":"[***]ify-[***]minfo-[***]renv1-[***]ve-[***]23-[***]ment"}])
2020-12-17T18:47:08.247Z|info : amplify-provider-awscloudformation.upload-appsync-files.uploadAppSyncFiles.upload.s3Client.uploadFile([{"Key":"[***]vers/[***].req.vtl"}])
2020-12-17T18:47:08.247Z|info : amplify-provider-awscloudformation.aws-s3.uploadFile.s3.putObject([{"Key":"[***]ify-[***]ync-[***]es/[***]e6b1f1700c45e05b/[***]vers/[***].req.vtl","Bucket":"[***]ify-[***]minfo-[***]renv1-[***]ve-[***]23-[***]ment"}])
2020-12-17T18:47:08.248Z|info : amplify-provider-awscloudformation.upload-appsync-files.uploadAppSyncFiles.upload.s3Client.uploadFile([{"Key":"[***]vers/[***]queUrl.req.vtl"}])
2020-12-17T18:47:08.248Z|info : amplify-provider-awscloudformation.aws-s3.uploadFile.s3.putObject([{"Key":"[***]ify-[***]ync-[***]es/[***]e6b1f1700c45e05b/[***]vers/[***]queUrl.req.vtl","Bucket":"[***]ify-[***]minfo-[***]renv1-[***]ve-[***]23-[***]ment"}])
2020-12-17T18:47:08.249Z|info : amplify-provider-awscloudformation.upload-appsync-files.uploadAppSyncFiles.upload.s3Client.uploadFile([{"Key":"[***]vers/[***]ddress.req.vtl"}])
2020-12-17T18:47:08.249Z|info : amplify-provider-awscloudformation.aws-s3.uploadFile.s3.putObject([{"Key":"[***]ify-[***]ync-[***]es/[***]e6b1f1700c45e05b/[***]vers/[***]ddress.req.vtl","Bucket":"[***]ify-[***]minfo-[***]renv1-[***]ve-[***]23-[***]ment"}])
2020-12-17T18:47:08.250Z|info : amplify-provider-awscloudformation.upload-appsync-files.uploadAppSyncFiles.upload.s3Client.uploadFile([{"Key":"[***]vers/[***]nts.req.vtl"}])
2020-12-17T18:47:08.250Z|info : amplify-provider-awscloudformation.aws-s3.uploadFile.s3.putObject([{"Key":"[***]ify-[***]ync-[***]es/[***]e6b1f1700c45e05b/[***]vers/[***]nts.req.vtl","Bucket":"[***]ify-[***]minfo-[***]renv1-[***]ve-[***]23-[***]ment"}])
2020-12-17T18:47:08.251Z|info : amplify-provider-awscloudformation.upload-appsync-files.uploadAppSyncFiles.upload.s3Client.uploadFile([{"Key":"[***]vers/[***]les.req.vtl"}])
2020-12-17T18:47:08.252Z|info : amplify-provider-awscloudformation.aws-s3.uploadFile.s3.putObject([{"Key":"[***]ify-[***]ync-[***]es/[***]e6b1f1700c45e05b/[***]vers/[***]les.req.vtl","Bucket":"[***]ify-[***]minfo-[***]renv1-[***]ve-[***]23-[***]ment"}])
2020-12-17T18:47:08.252Z|info : amplify-provider-awscloudformation.upload-appsync-files.uploadAppSyncFiles.upload.s3Client.uploadFile([{"Key":"[***]vers/[***]ries.req.vtl"}])
2020-12-17T18:47:08.253Z|info : amplify-provider-awscloudformation.aws-s3.uploadFile.s3.putObject([{"Key":"[***]ify-[***]ync-[***]es/[***]e6b1f1700c45e05b/[***]vers/[***]ries.req.vtl","Bucket":"[***]ify-[***]minfo-[***]renv1-[***]ve-[***]23-[***]ment"}])
2020-12-17T18:47:08.254Z|info : amplify-provider-awscloudformation.upload-appsync-files.uploadAppSyncFiles.upload.s3Client.uploadFile([{"Key":"[***]vers/[***]ooms.req.vtl"}])
2020-12-17T18:47:08.254Z|info : amplify-provider-awscloudformation.aws-s3.uploadFile.s3.putObject([{"Key":"[***]ify-[***]ync-[***]es/[***]e6b1f1700c45e05b/[***]vers/[***]ooms.req.vtl","Bucket":"[***]ify-[***]minfo-[***]renv1-[***]ve-[***]23-[***]ment"}])
2020-12-17T18:47:08.255Z|info : amplify-provider-awscloudformation.upload-appsync-files.uploadAppSyncFiles.upload.s3Client.uploadFile([{"Key":"[***]vers/[***]nts.req.vtl"}])
2020-12-17T18:47:08.255Z|info : amplify-provider-awscloudformation.aws-s3.uploadFile.s3.putObject([{"Key":"[***]ify-[***]ync-[***]es/[***]e6b1f1700c45e05b/[***]vers/[***]nts.req.vtl","Bucket":"[***]ify-[***]minfo-[***]renv1-[***]ve-[***]23-[***]ment"}])
2020-12-17T18:47:08.256Z|info : amplify-provider-awscloudformation.upload-appsync-files.uploadAppSyncFiles.upload.s3Client.uploadFile([{"Key":"[***]vers/[***]ns.req.vtl"}])
2020-12-17T18:47:08.256Z|info : amplify-provider-awscloudformation.aws-s3.uploadFile.s3.putObject([{"Key":"[***]ify-[***]ync-[***]es/[***]e6b1f1700c45e05b/[***]vers/[***]ns.req.vtl","Bucket":"[***]ify-[***]minfo-[***]renv1-[***]ve-[***]23-[***]ment"}])
2020-12-17T18:47:08.257Z|info : amplify-provider-awscloudformation.upload-appsync-files.uploadAppSyncFiles.upload.s3Client.uploadFile([{"Key":"[***]vers/[***]s.req.vtl"}])
2020-12-17T18:47:08.257Z|info : amplify-provider-awscloudformation.aws-s3.uploadFile.s3.putObject([{"Key":"[***]ify-[***]ync-[***]es/[***]e6b1f1700c45e05b/[***]vers/[***]s.req.vtl","Bucket":"[***]ify-[***]minfo-[***]renv1-[***]ve-[***]23-[***]ment"}])
2020-12-17T18:47:08.258Z|info : amplify-provider-awscloudformation.upload-appsync-files.uploadAppSyncFiles.upload.s3Client.uploadFile([{"Key":"[***]vers/[***]s.req.vtl"}])
2020-12-17T18:47:08.258Z|info : amplify-provider-awscloudformation.aws-s3.uploadFile.s3.putObject([{"Key":"[***]ify-[***]ync-[***]es/[***]e6b1f1700c45e05b/[***]vers/[***]s.req.vtl","Bucket":"[***]ify-[***]minfo-[***]renv1-[***]ve-[***]23-[***]ment"}])
2020-12-17T18:47:08.259Z|info : amplify-provider-awscloudformation.upload-appsync-files.uploadAppSyncFiles.upload.s3Client.uploadFile([{"Key":"[***]vers/[***]req copy.vtl"}])
2020-12-17T18:47:08.259Z|info : amplify-provider-awscloudformation.aws-s3.uploadFile.s3.putObject([{"Key":"[***]ify-[***]ync-[***]es/[***]e6b1f1700c45e05b/[***]vers/[***]req copy.vtl","Bucket":"[***]ify-[***]minfo-[***]renv1-[***]ve-[***]23-[***]ment"}])
2020-12-17T18:47:08.260Z|info : amplify-provider-awscloudformation.upload-appsync-files.uploadAppSyncFiles.upload.s3Client.uploadFile([{"Key":"[***]vers/[***]rs.req.vtl"}])
2020-12-17T18:47:08.261Z|info : amplify-provider-awscloudformation.aws-s3.uploadFile.s3.putObject([{"Key":"[***]ify-[***]ync-[***]es/[***]e6b1f1700c45e05b/[***]vers/[***]rs.req.vtl","Bucket":"[***]ify-[***]minfo-[***]renv1-[***]ve-[***]23-[***]ment"}])
2020-12-17T18:47:08.262Z|info : amplify-provider-awscloudformation.upload-appsync-files.uploadAppSyncFiles.upload.s3Client.uploadFile([{"Key":"[***]raphql"}])
2020-12-17T18:47:08.262Z|info : amplify-provider-awscloudformation.aws-s3.uploadFile.s3.putObject([{"Key":"[***]ify-[***]ync-[***]es/[***]e6b1f1700c45e05b/[***]raphql","Bucket":"[***]ify-[***]minfo-[***]renv1-[***]ve-[***]23-[***]ment"}])
2020-12-17T18:47:08.263Z|info : amplify-provider-awscloudformation.upload-appsync-files.uploadAppSyncFiles.upload.s3Client.uploadFile([{"Key":"[***]cks/[***]ces.json"}])
2020-12-17T18:47:08.263Z|info : amplify-provider-awscloudformation.aws-s3.uploadFile.s3.putObject([{"Key":"[***]ify-[***]ync-[***]es/[***]e6b1f1700c45e05b/[***]cks/[***]ces.json","Bucket":"[***]ify-[***]minfo-[***]renv1-[***]ve-[***]23-[***]ment"}])
2020-12-17T18:47:14.740Z|info : amplify-provider-awscloudformation.aws-s3.uploadFile.s3.putObject([{"Key":"[***]ify-[***]fn-[***]ates/[***]pi/[***]mation-[***]e.json","Bucket":"[***]ify-[***]minfo-[***]renv1-[***]ve-[***]23-[***]ment"}])
2020-12-17T18:47:18.397Z|info : amplify-provider-awscloudformation.push-resources.updateCloudFormationNestedStack(["/Users/zairvai/Documents/projects/kominfo/pesantren/amplify/backend/awscloudformation","/Users/zairvai/Documents/projects/kominfo/pesantren/amplify/backend/awscloudformation/nested-cloudformation-stack.yml"])
2020-12-17T18:47:18.406Z|info : amplify-provider-awscloudformation.aws-s3.uploadFile.s3.putObject([{"Key":"[***]ted-[***]mation-[***].yml","Bucket":"[***]ify-[***]minfo-[***]renv1-[***]ve-[***]23-[***]ment"}])
2020-12-17T18:49:23.598Z|info : amplify-provider-awscloudformation.push-resources.storeCurrentcoudBackend.s3.uploadFile([{"Key":"[***]rent-[***]ud-[***]d.zip"}])
2020-12-17T18:49:23.599Z|info : amplify-provider-awscloudformation.aws-s3.uploadFile.s3.putObject([{"Key":"[***]rent-[***]ud-[***]d.zip","Bucket":"[***]ify-[***]minfo-[***]renv1-[***]ve-[***]23-[***]ment"}])
2020-12-17T18:49:24.043Z|info : amplify-provider-awscloudformation.amplify-service-manager.s3.uploadFile([{"Key":"[***]ify-[***]json"}])
2020-12-17T18:49:24.043Z|info : amplify-provider-awscloudformation.aws-s3.uploadFile.s3.putObject([{"Key":"[***]ify-[***]json","Bucket":"[***]ify-[***]minfo-[***]renv1-[***]ve-[***]23-[***]ment"}])
2020-12-17T18:49:24.224Z|info : amplify-provider-awscloudformation.amplify-service-manager.s3.uploadFile([{"Key":"[***]end-[***].json"}])
2020-12-17T18:49:24.224Z|info : amplify-provider-awscloudformation.aws-s3.uploadFile.s3.putObject([{"Key":"[***]end-[***].json","Bucket":"[***]ify-[***]minfo-[***]renv1-[***]ve-[***]23-[***]ment"}])
