2020-12-18T21:43:32.528Z|info : amplify push core  
2020-12-18T21:43:43.551Z|info : amplify-provider-awscloudformation.zip-util.downloadZip.s3.getFile([{"Key":"[***]rent-[***]ud-[***]d.zip"},null])
2020-12-18T21:43:43.555Z|info : amplify-provider-awscloudformation.aws-s3.s3.getFile([{"Key":"[***]rent-[***]ud-[***]d.zip","Bucket":"[***]ify-[***]minfo-[***]renv1-[***]ve-[***]23-[***]ment"}])
2020-12-18T21:43:46.434Z|info : amplify-provider-awscloudformation.initialize-env.run.cfn.updateamplifyMetaFileWithStackOutputs([{"StackName":"[***]ify-[***]minfo-[***]renv1-[***]ve-[***]23"}])
2020-12-18T21:43:47.054Z|info : amplify-provider-awscloudformation.aws-s3.s3.getFile([{"Key":"[***]ify-[***]json","Bucket":"[***]ify-[***]minfo-[***]renv1-[***]ve-[***]23-[***]ment"}])
2020-12-18T21:43:52.376Z|info : amplify-provider-awscloudformation.upload-appsync-files.uploadAppSyncFiles.upload.s3Client.uploadFile([{"Key":"[***]mation-[***]e.json"}])
2020-12-18T21:43:52.378Z|info : amplify-provider-awscloudformation.aws-s3.uploadFile.s3.putObject([{"Key":"[***]ify-[***]ync-[***]es/[***]0a0e90b237bac296/[***]mation-[***]e.json","Bucket":"[***]ify-[***]minfo-[***]renv1-[***]ve-[***]23-[***]ment"}])
2020-12-18T21:43:52.382Z|info : amplify-provider-awscloudformation.upload-appsync-files.uploadAppSyncFiles.upload.s3Client.uploadFile([{"Key":"[***]s.json"}])
2020-12-18T21:43:52.383Z|info : amplify-provider-awscloudformation.aws-s3.uploadFile.s3.putObject([{"Key":"[***]ify-[***]ync-[***]es/[***]0a0e90b237bac296/[***]s.json","Bucket":"[***]ify-[***]minfo-[***]renv1-[***]ve-[***]23-[***]ment"}])
2020-12-18T21:43:52.386Z|info : amplify-provider-awscloudformation.upload-appsync-files.uploadAppSyncFiles.upload.s3Client.uploadFile([{"Key":"[***]vers/[***]nt.req.vtl"}])
2020-12-18T21:43:52.386Z|info : amplify-provider-awscloudformation.aws-s3.uploadFile.s3.putObject([{"Key":"[***]ify-[***]ync-[***]es/[***]0a0e90b237bac296/[***]vers/[***]nt.req.vtl","Bucket":"[***]ify-[***]minfo-[***]renv1-[***]ve-[***]23-[***]ment"}])
2020-12-18T21:43:52.389Z|info : amplify-provider-awscloudformation.upload-appsync-files.uploadAppSyncFiles.upload.s3Client.uploadFile([{"Key":"[***]vers/[***]nt.req.vtl"}])
2020-12-18T21:43:52.389Z|info : amplify-provider-awscloudformation.aws-s3.uploadFile.s3.putObject([{"Key":"[***]ify-[***]ync-[***]es/[***]0a0e90b237bac296/[***]vers/[***]nt.req.vtl","Bucket":"[***]ify-[***]minfo-[***]renv1-[***]ve-[***]23-[***]ment"}])
2020-12-18T21:43:52.391Z|info : amplify-provider-awscloudformation.upload-appsync-files.uploadAppSyncFiles.upload.s3Client.uploadFile([{"Key":"[***]vers/[***]nt.req.vtl"}])
2020-12-18T21:43:52.391Z|info : amplify-provider-awscloudformation.aws-s3.uploadFile.s3.putObject([{"Key":"[***]ify-[***]ync-[***]es/[***]0a0e90b237bac296/[***]vers/[***]nt.req.vtl","Bucket":"[***]ify-[***]minfo-[***]renv1-[***]ve-[***]23-[***]ment"}])
2020-12-18T21:43:52.394Z|info : amplify-provider-awscloudformation.upload-appsync-files.uploadAppSyncFiles.upload.s3Client.uploadFile([{"Key":"[***]vers/[***]e.user.req.vtl"}])
2020-12-18T21:43:52.394Z|info : amplify-provider-awscloudformation.aws-s3.uploadFile.s3.putObject([{"Key":"[***]ify-[***]ync-[***]es/[***]0a0e90b237bac296/[***]vers/[***]e.user.req.vtl","Bucket":"[***]ify-[***]minfo-[***]renv1-[***]ve-[***]23-[***]ment"}])
2020-12-18T21:43:52.396Z|info : amplify-provider-awscloudformation.upload-appsync-files.uploadAppSyncFiles.upload.s3Client.uploadFile([{"Key":"[***]vers/[***]e.user.res.vtl"}])
2020-12-18T21:43:52.396Z|info : amplify-provider-awscloudformation.aws-s3.uploadFile.s3.putObject([{"Key":"[***]ify-[***]ync-[***]es/[***]0a0e90b237bac296/[***]vers/[***]e.user.res.vtl","Bucket":"[***]ify-[***]minfo-[***]renv1-[***]ve-[***]23-[***]ment"}])
2020-12-18T21:43:52.398Z|info : amplify-provider-awscloudformation.upload-appsync-files.uploadAppSyncFiles.upload.s3Client.uploadFile([{"Key":"[***]vers/[***]rAccount.req.vtl"}])
2020-12-18T21:43:52.399Z|info : amplify-provider-awscloudformation.aws-s3.uploadFile.s3.putObject([{"Key":"[***]ify-[***]ync-[***]es/[***]0a0e90b237bac296/[***]vers/[***]rAccount.req.vtl","Bucket":"[***]ify-[***]minfo-[***]renv1-[***]ve-[***]23-[***]ment"}])
2020-12-18T21:43:52.402Z|info : amplify-provider-awscloudformation.upload-appsync-files.uploadAppSyncFiles.upload.s3Client.uploadFile([{"Key":"[***]vers/[***]rAccount.res.vtl"}])
2020-12-18T21:43:52.403Z|info : amplify-provider-awscloudformation.aws-s3.uploadFile.s3.putObject([{"Key":"[***]ify-[***]ync-[***]es/[***]0a0e90b237bac296/[***]vers/[***]rAccount.res.vtl","Bucket":"[***]ify-[***]minfo-[***]renv1-[***]ve-[***]23-[***]ment"}])
2020-12-18T21:43:52.405Z|info : amplify-provider-awscloudformation.upload-appsync-files.uploadAppSyncFiles.upload.s3Client.uploadFile([{"Key":"[***]vers/[***]Item.req.vtl"}])
2020-12-18T21:43:52.405Z|info : amplify-provider-awscloudformation.aws-s3.uploadFile.s3.putObject([{"Key":"[***]ify-[***]ync-[***]es/[***]0a0e90b237bac296/[***]vers/[***]Item.req.vtl","Bucket":"[***]ify-[***]minfo-[***]renv1-[***]ve-[***]23-[***]ment"}])
2020-12-18T21:43:52.408Z|info : amplify-provider-awscloudformation.upload-appsync-files.uploadAppSyncFiles.upload.s3Client.uploadFile([{"Key":"[***]vers/[***]Item.res.vtl"}])
2020-12-18T21:43:52.408Z|info : amplify-provider-awscloudformation.aws-s3.uploadFile.s3.putObject([{"Key":"[***]ify-[***]ync-[***]es/[***]0a0e90b237bac296/[***]vers/[***]Item.res.vtl","Bucket":"[***]ify-[***]minfo-[***]renv1-[***]ve-[***]23-[***]ment"}])
2020-12-18T21:43:52.410Z|info : amplify-provider-awscloudformation.upload-appsync-files.uploadAppSyncFiles.upload.s3Client.uploadFile([{"Key":"[***]vers/[***]tem.req.vtl"}])
2020-12-18T21:43:52.410Z|info : amplify-provider-awscloudformation.aws-s3.uploadFile.s3.putObject([{"Key":"[***]ify-[***]ync-[***]es/[***]0a0e90b237bac296/[***]vers/[***]tem.req.vtl","Bucket":"[***]ify-[***]minfo-[***]renv1-[***]ve-[***]23-[***]ment"}])
2020-12-18T21:43:52.413Z|info : amplify-provider-awscloudformation.upload-appsync-files.uploadAppSyncFiles.upload.s3Client.uploadFile([{"Key":"[***]vers/[***]tem.res.vtl"}])
2020-12-18T21:43:52.413Z|info : amplify-provider-awscloudformation.aws-s3.uploadFile.s3.putObject([{"Key":"[***]ify-[***]ync-[***]es/[***]0a0e90b237bac296/[***]vers/[***]tem.res.vtl","Bucket":"[***]ify-[***]minfo-[***]renv1-[***]ve-[***]23-[***]ment"}])
2020-12-18T21:43:52.415Z|info : amplify-provider-awscloudformation.upload-appsync-files.uploadAppSyncFiles.upload.s3Client.uploadFile([{"Key":"[***]vers/[***]em.req.vtl"}])
2020-12-18T21:43:52.415Z|info : amplify-provider-awscloudformation.aws-s3.uploadFile.s3.putObject([{"Key":"[***]ify-[***]ync-[***]es/[***]0a0e90b237bac296/[***]vers/[***]em.req.vtl","Bucket":"[***]ify-[***]minfo-[***]renv1-[***]ve-[***]23-[***]ment"}])
2020-12-18T21:43:52.417Z|info : amplify-provider-awscloudformation.upload-appsync-files.uploadAppSyncFiles.upload.s3Client.uploadFile([{"Key":"[***]vers/[***]em.res.vtl"}])
2020-12-18T21:43:52.417Z|info : amplify-provider-awscloudformation.aws-s3.uploadFile.s3.putObject([{"Key":"[***]ify-[***]ync-[***]es/[***]0a0e90b237bac296/[***]vers/[***]em.res.vtl","Bucket":"[***]ify-[***]minfo-[***]renv1-[***]ve-[***]23-[***]ment"}])
2020-12-18T21:43:52.419Z|info : amplify-provider-awscloudformation.upload-appsync-files.uploadAppSyncFiles.upload.s3Client.uploadFile([{"Key":"[***]vers/[***]nager.req.vtl"}])
2020-12-18T21:43:52.419Z|info : amplify-provider-awscloudformation.aws-s3.uploadFile.s3.putObject([{"Key":"[***]ify-[***]ync-[***]es/[***]0a0e90b237bac296/[***]vers/[***]nager.req.vtl","Bucket":"[***]ify-[***]minfo-[***]renv1-[***]ve-[***]23-[***]ment"}])
2020-12-18T21:43:52.421Z|info : amplify-provider-awscloudformation.upload-appsync-files.uploadAppSyncFiles.upload.s3Client.uploadFile([{"Key":"[***]vers/[***]nager.res.vtl"}])
2020-12-18T21:43:52.421Z|info : amplify-provider-awscloudformation.aws-s3.uploadFile.s3.putObject([{"Key":"[***]ify-[***]ync-[***]es/[***]0a0e90b237bac296/[***]vers/[***]nager.res.vtl","Bucket":"[***]ify-[***]minfo-[***]renv1-[***]ve-[***]23-[***]ment"}])
2020-12-18T21:43:52.423Z|info : amplify-provider-awscloudformation.upload-appsync-files.uploadAppSyncFiles.upload.s3Client.uploadFile([{"Key":"[***]vers/[***]em.req.vtl"}])
2020-12-18T21:43:52.424Z|info : amplify-provider-awscloudformation.aws-s3.uploadFile.s3.putObject([{"Key":"[***]ify-[***]ync-[***]es/[***]0a0e90b237bac296/[***]vers/[***]em.req.vtl","Bucket":"[***]ify-[***]minfo-[***]renv1-[***]ve-[***]23-[***]ment"}])
2020-12-18T21:43:52.426Z|info : amplify-provider-awscloudformation.upload-appsync-files.uploadAppSyncFiles.upload.s3Client.uploadFile([{"Key":"[***]vers/[***]em.res.vtl"}])
2020-12-18T21:43:52.426Z|info : amplify-provider-awscloudformation.aws-s3.uploadFile.s3.putObject([{"Key":"[***]ify-[***]ync-[***]es/[***]0a0e90b237bac296/[***]vers/[***]em.res.vtl","Bucket":"[***]ify-[***]minfo-[***]renv1-[***]ve-[***]23-[***]ment"}])
2020-12-18T21:43:52.428Z|info : amplify-provider-awscloudformation.upload-appsync-files.uploadAppSyncFiles.upload.s3Client.uploadFile([{"Key":"[***]vers/[***]ager.req.vtl"}])
2020-12-18T21:43:52.428Z|info : amplify-provider-awscloudformation.aws-s3.uploadFile.s3.putObject([{"Key":"[***]ify-[***]ync-[***]es/[***]0a0e90b237bac296/[***]vers/[***]ager.req.vtl","Bucket":"[***]ify-[***]minfo-[***]renv1-[***]ve-[***]23-[***]ment"}])
2020-12-18T21:43:52.431Z|info : amplify-provider-awscloudformation.upload-appsync-files.uploadAppSyncFiles.upload.s3Client.uploadFile([{"Key":"[***]vers/[***]ager.res.vtl"}])
2020-12-18T21:43:52.431Z|info : amplify-provider-awscloudformation.aws-s3.uploadFile.s3.putObject([{"Key":"[***]ify-[***]ync-[***]es/[***]0a0e90b237bac296/[***]vers/[***]ager.res.vtl","Bucket":"[***]ify-[***]minfo-[***]renv1-[***]ve-[***]23-[***]ment"}])
2020-12-18T21:43:52.433Z|info : amplify-provider-awscloudformation.upload-appsync-files.uploadAppSyncFiles.upload.s3Client.uploadFile([{"Key":"[***]vers/[***]nager.req.vtl"}])
2020-12-18T21:43:52.433Z|info : amplify-provider-awscloudformation.aws-s3.uploadFile.s3.putObject([{"Key":"[***]ify-[***]ync-[***]es/[***]0a0e90b237bac296/[***]vers/[***]nager.req.vtl","Bucket":"[***]ify-[***]minfo-[***]renv1-[***]ve-[***]23-[***]ment"}])
2020-12-18T21:43:52.435Z|info : amplify-provider-awscloudformation.upload-appsync-files.uploadAppSyncFiles.upload.s3Client.uploadFile([{"Key":"[***]vers/[***]nager.res.vtl"}])
2020-12-18T21:43:52.436Z|info : amplify-provider-awscloudformation.aws-s3.uploadFile.s3.putObject([{"Key":"[***]ify-[***]ync-[***]es/[***]0a0e90b237bac296/[***]vers/[***]nager.res.vtl","Bucket":"[***]ify-[***]minfo-[***]renv1-[***]ve-[***]23-[***]ment"}])
2020-12-18T21:43:52.438Z|info : amplify-provider-awscloudformation.upload-appsync-files.uploadAppSyncFiles.upload.s3Client.uploadFile([{"Key":"[***]vers/[***]tem.req.vtl"}])
2020-12-18T21:43:52.438Z|info : amplify-provider-awscloudformation.aws-s3.uploadFile.s3.putObject([{"Key":"[***]ify-[***]ync-[***]es/[***]0a0e90b237bac296/[***]vers/[***]tem.req.vtl","Bucket":"[***]ify-[***]minfo-[***]renv1-[***]ve-[***]23-[***]ment"}])
2020-12-18T21:43:52.440Z|info : amplify-provider-awscloudformation.upload-appsync-files.uploadAppSyncFiles.upload.s3Client.uploadFile([{"Key":"[***]vers/[***]tem.res.vtl"}])
2020-12-18T21:43:52.440Z|info : amplify-provider-awscloudformation.aws-s3.uploadFile.s3.putObject([{"Key":"[***]ify-[***]ync-[***]es/[***]0a0e90b237bac296/[***]vers/[***]tem.res.vtl","Bucket":"[***]ify-[***]minfo-[***]renv1-[***]ve-[***]23-[***]ment"}])
2020-12-18T21:43:52.443Z|info : amplify-provider-awscloudformation.upload-appsync-files.uploadAppSyncFiles.upload.s3Client.uploadFile([{"Key":"[***]vers/[***].req.vtl"}])
2020-12-18T21:43:52.443Z|info : amplify-provider-awscloudformation.aws-s3.uploadFile.s3.putObject([{"Key":"[***]ify-[***]ync-[***]es/[***]0a0e90b237bac296/[***]vers/[***].req.vtl","Bucket":"[***]ify-[***]minfo-[***]renv1-[***]ve-[***]23-[***]ment"}])
2020-12-18T21:43:52.445Z|info : amplify-provider-awscloudformation.upload-appsync-files.uploadAppSyncFiles.upload.s3Client.uploadFile([{"Key":"[***]vers/[***].req.vtl"}])
2020-12-18T21:43:52.446Z|info : amplify-provider-awscloudformation.aws-s3.uploadFile.s3.putObject([{"Key":"[***]ify-[***]ync-[***]es/[***]0a0e90b237bac296/[***]vers/[***].req.vtl","Bucket":"[***]ify-[***]minfo-[***]renv1-[***]ve-[***]23-[***]ment"}])
2020-12-18T21:43:52.448Z|info : amplify-provider-awscloudformation.upload-appsync-files.uploadAppSyncFiles.upload.s3Client.uploadFile([{"Key":"[***]vers/[***]y.req.vtl"}])
2020-12-18T21:43:52.448Z|info : amplify-provider-awscloudformation.aws-s3.uploadFile.s3.putObject([{"Key":"[***]ify-[***]ync-[***]es/[***]0a0e90b237bac296/[***]vers/[***]y.req.vtl","Bucket":"[***]ify-[***]minfo-[***]renv1-[***]ve-[***]23-[***]ment"}])
2020-12-18T21:43:52.450Z|info : amplify-provider-awscloudformation.upload-appsync-files.uploadAppSyncFiles.upload.s3Client.uploadFile([{"Key":"[***]vers/[***]m.req.vtl"}])
2020-12-18T21:43:52.450Z|info : amplify-provider-awscloudformation.aws-s3.uploadFile.s3.putObject([{"Key":"[***]ify-[***]ync-[***]es/[***]0a0e90b237bac296/[***]vers/[***]m.req.vtl","Bucket":"[***]ify-[***]minfo-[***]renv1-[***]ve-[***]23-[***]ment"}])
2020-12-18T21:43:52.453Z|info : amplify-provider-awscloudformation.upload-appsync-files.uploadAppSyncFiles.upload.s3Client.uploadFile([{"Key":"[***]vers/[***]y.req.vtl"}])
2020-12-18T21:43:52.453Z|info : amplify-provider-awscloudformation.aws-s3.uploadFile.s3.putObject([{"Key":"[***]ify-[***]ync-[***]es/[***]0a0e90b237bac296/[***]vers/[***]y.req.vtl","Bucket":"[***]ify-[***]minfo-[***]renv1-[***]ve-[***]23-[***]ment"}])
2020-12-18T21:43:52.455Z|info : amplify-provider-awscloudformation.upload-appsync-files.uploadAppSyncFiles.upload.s3Client.uploadFile([{"Key":"[***]vers/[***]em.req.vtl"}])
2020-12-18T21:43:52.455Z|info : amplify-provider-awscloudformation.aws-s3.uploadFile.s3.putObject([{"Key":"[***]ify-[***]ync-[***]es/[***]0a0e90b237bac296/[***]vers/[***]em.req.vtl","Bucket":"[***]ify-[***]minfo-[***]renv1-[***]ve-[***]23-[***]ment"}])
2020-12-18T21:43:52.457Z|info : amplify-provider-awscloudformation.upload-appsync-files.uploadAppSyncFiles.upload.s3Client.uploadFile([{"Key":"[***]vers/[***].req.vtl"}])
2020-12-18T21:43:52.458Z|info : amplify-provider-awscloudformation.aws-s3.uploadFile.s3.putObject([{"Key":"[***]ify-[***]ync-[***]es/[***]0a0e90b237bac296/[***]vers/[***].req.vtl","Bucket":"[***]ify-[***]minfo-[***]renv1-[***]ve-[***]23-[***]ment"}])
2020-12-18T21:43:52.460Z|info : amplify-provider-awscloudformation.upload-appsync-files.uploadAppSyncFiles.upload.s3Client.uploadFile([{"Key":"[***]vers/[***].req.vtl"}])
2020-12-18T21:43:52.460Z|info : amplify-provider-awscloudformation.aws-s3.uploadFile.s3.putObject([{"Key":"[***]ify-[***]ync-[***]es/[***]0a0e90b237bac296/[***]vers/[***].req.vtl","Bucket":"[***]ify-[***]minfo-[***]renv1-[***]ve-[***]23-[***]ment"}])
2020-12-18T21:43:52.462Z|info : amplify-provider-awscloudformation.upload-appsync-files.uploadAppSyncFiles.upload.s3Client.uploadFile([{"Key":"[***]vers/[***]res.vtl"}])
2020-12-18T21:43:52.462Z|info : amplify-provider-awscloudformation.aws-s3.uploadFile.s3.putObject([{"Key":"[***]ify-[***]ync-[***]es/[***]0a0e90b237bac296/[***]vers/[***]res.vtl","Bucket":"[***]ify-[***]minfo-[***]renv1-[***]ve-[***]23-[***]ment"}])
2020-12-18T21:43:52.464Z|info : amplify-provider-awscloudformation.upload-appsync-files.uploadAppSyncFiles.upload.s3Client.uploadFile([{"Key":"[***]vers/[***].req.vtl"}])
2020-12-18T21:43:52.465Z|info : amplify-provider-awscloudformation.aws-s3.uploadFile.s3.putObject([{"Key":"[***]ify-[***]ync-[***]es/[***]0a0e90b237bac296/[***]vers/[***].req.vtl","Bucket":"[***]ify-[***]minfo-[***]renv1-[***]ve-[***]23-[***]ment"}])
2020-12-18T21:43:52.466Z|info : amplify-provider-awscloudformation.upload-appsync-files.uploadAppSyncFiles.upload.s3Client.uploadFile([{"Key":"[***]vers/[***]er.req.vtl"}])
2020-12-18T21:43:52.467Z|info : amplify-provider-awscloudformation.aws-s3.uploadFile.s3.putObject([{"Key":"[***]ify-[***]ync-[***]es/[***]0a0e90b237bac296/[***]vers/[***]er.req.vtl","Bucket":"[***]ify-[***]minfo-[***]renv1-[***]ve-[***]23-[***]ment"}])
2020-12-18T21:43:52.469Z|info : amplify-provider-awscloudformation.upload-appsync-files.uploadAppSyncFiles.upload.s3Client.uploadFile([{"Key":"[***]vers/[***]s.vtl"}])
2020-12-18T21:43:52.469Z|info : amplify-provider-awscloudformation.aws-s3.uploadFile.s3.putObject([{"Key":"[***]ify-[***]ync-[***]es/[***]0a0e90b237bac296/[***]vers/[***]s.vtl","Bucket":"[***]ify-[***]minfo-[***]renv1-[***]ve-[***]23-[***]ment"}])
2020-12-18T21:43:52.471Z|info : amplify-provider-awscloudformation.upload-appsync-files.uploadAppSyncFiles.upload.s3Client.uploadFile([{"Key":"[***]vers/[***]req.vtl"}])
2020-12-18T21:43:52.472Z|info : amplify-provider-awscloudformation.aws-s3.uploadFile.s3.putObject([{"Key":"[***]ify-[***]ync-[***]es/[***]0a0e90b237bac296/[***]vers/[***]req.vtl","Bucket":"[***]ify-[***]minfo-[***]renv1-[***]ve-[***]23-[***]ment"}])
2020-12-18T21:43:52.474Z|info : amplify-provider-awscloudformation.upload-appsync-files.uploadAppSyncFiles.upload.s3Client.uploadFile([{"Key":"[***]vers/[***]y.req.vtl"}])
2020-12-18T21:43:52.474Z|info : amplify-provider-awscloudformation.aws-s3.uploadFile.s3.putObject([{"Key":"[***]ify-[***]ync-[***]es/[***]0a0e90b237bac296/[***]vers/[***]y.req.vtl","Bucket":"[***]ify-[***]minfo-[***]renv1-[***]ve-[***]23-[***]ment"}])
2020-12-18T21:43:52.476Z|info : amplify-provider-awscloudformation.upload-appsync-files.uploadAppSyncFiles.upload.s3Client.uploadFile([{"Key":"[***]vers/[***]tems.req.vtl"}])
2020-12-18T21:43:52.477Z|info : amplify-provider-awscloudformation.aws-s3.uploadFile.s3.putObject([{"Key":"[***]ify-[***]ync-[***]es/[***]0a0e90b237bac296/[***]vers/[***]tems.req.vtl","Bucket":"[***]ify-[***]minfo-[***]renv1-[***]ve-[***]23-[***]ment"}])
2020-12-18T21:43:52.479Z|info : amplify-provider-awscloudformation.upload-appsync-files.uploadAppSyncFiles.upload.s3Client.uploadFile([{"Key":"[***]vers/[***]t.req.vtl"}])
2020-12-18T21:43:52.479Z|info : amplify-provider-awscloudformation.aws-s3.uploadFile.s3.putObject([{"Key":"[***]ify-[***]ync-[***]es/[***]0a0e90b237bac296/[***]vers/[***]t.req.vtl","Bucket":"[***]ify-[***]minfo-[***]renv1-[***]ve-[***]23-[***]ment"}])
2020-12-18T21:43:52.482Z|info : amplify-provider-awscloudformation.upload-appsync-files.uploadAppSyncFiles.upload.s3Client.uploadFile([{"Key":"[***]vers/[***]ount.req.vtl"}])
2020-12-18T21:43:52.482Z|info : amplify-provider-awscloudformation.aws-s3.uploadFile.s3.putObject([{"Key":"[***]ify-[***]ync-[***]es/[***]0a0e90b237bac296/[***]vers/[***]ount.req.vtl","Bucket":"[***]ify-[***]minfo-[***]renv1-[***]ve-[***]23-[***]ment"}])
2020-12-18T21:43:52.484Z|info : amplify-provider-awscloudformation.upload-appsync-files.uploadAppSyncFiles.upload.s3Client.uploadFile([{"Key":"[***]vers/[***]icle.req.vtl"}])
2020-12-18T21:43:52.485Z|info : amplify-provider-awscloudformation.aws-s3.uploadFile.s3.putObject([{"Key":"[***]ify-[***]ync-[***]es/[***]0a0e90b237bac296/[***]vers/[***]icle.req.vtl","Bucket":"[***]ify-[***]minfo-[***]renv1-[***]ve-[***]23-[***]ment"}])
2020-12-18T21:43:52.487Z|info : amplify-provider-awscloudformation.upload-appsync-files.uploadAppSyncFiles.upload.s3Client.uploadFile([{"Key":"[***]vers/[***]egory.req.vtl"}])
2020-12-18T21:43:52.487Z|info : amplify-provider-awscloudformation.aws-s3.uploadFile.s3.putObject([{"Key":"[***]ify-[***]ync-[***]es/[***]0a0e90b237bac296/[***]vers/[***]egory.req.vtl","Bucket":"[***]ify-[***]minfo-[***]renv1-[***]ve-[***]23-[***]ment"}])
2020-12-18T21:43:52.489Z|info : amplify-provider-awscloudformation.upload-appsync-files.uploadAppSyncFiles.upload.s3Client.uploadFile([{"Key":"[***]vers/[***]sroom.req.vtl"}])
2020-12-18T21:43:52.489Z|info : amplify-provider-awscloudformation.aws-s3.uploadFile.s3.putObject([{"Key":"[***]ify-[***]ync-[***]es/[***]0a0e90b237bac296/[***]vers/[***]sroom.req.vtl","Bucket":"[***]ify-[***]minfo-[***]renv1-[***]ve-[***]23-[***]ment"}])
2020-12-18T21:43:52.491Z|info : amplify-provider-awscloudformation.upload-appsync-files.uploadAppSyncFiles.upload.s3Client.uploadFile([{"Key":"[***]vers/[***]ment.req.vtl"}])
2020-12-18T21:43:52.491Z|info : amplify-provider-awscloudformation.aws-s3.uploadFile.s3.putObject([{"Key":"[***]ify-[***]ync-[***]es/[***]0a0e90b237bac296/[***]vers/[***]ment.req.vtl","Bucket":"[***]ify-[***]minfo-[***]renv1-[***]ve-[***]23-[***]ment"}])
2020-12-18T21:43:52.493Z|info : amplify-provider-awscloudformation.upload-appsync-files.uploadAppSyncFiles.upload.s3Client.uploadFile([{"Key":"[***]vers/[***]sson.req.vtl"}])
2020-12-18T21:43:52.494Z|info : amplify-provider-awscloudformation.aws-s3.uploadFile.s3.putObject([{"Key":"[***]ify-[***]ync-[***]es/[***]0a0e90b237bac296/[***]vers/[***]sson.req.vtl","Bucket":"[***]ify-[***]minfo-[***]renv1-[***]ve-[***]23-[***]ment"}])
2020-12-18T21:43:52.496Z|info : amplify-provider-awscloudformation.upload-appsync-files.uploadAppSyncFiles.upload.s3Client.uploadFile([{"Key":"[***]vers/[***]Qna.req.vtl"}])
2020-12-18T21:43:52.496Z|info : amplify-provider-awscloudformation.aws-s3.uploadFile.s3.putObject([{"Key":"[***]ify-[***]ync-[***]es/[***]0a0e90b237bac296/[***]vers/[***]Qna.req.vtl","Bucket":"[***]ify-[***]minfo-[***]renv1-[***]ve-[***]23-[***]ment"}])
2020-12-18T21:43:52.498Z|info : amplify-provider-awscloudformation.upload-appsync-files.uploadAppSyncFiles.upload.s3Client.uploadFile([{"Key":"[***]vers/[***]Tag.req.vtl"}])
2020-12-18T21:43:52.498Z|info : amplify-provider-awscloudformation.aws-s3.uploadFile.s3.putObject([{"Key":"[***]ify-[***]ync-[***]es/[***]0a0e90b237bac296/[***]vers/[***]Tag.req.vtl","Bucket":"[***]ify-[***]minfo-[***]renv1-[***]ve-[***]23-[***]ment"}])
2020-12-18T21:43:52.500Z|info : amplify-provider-awscloudformation.upload-appsync-files.uploadAppSyncFiles.upload.s3Client.uploadFile([{"Key":"[***]vers/[***]ser.req.vtl"}])
2020-12-18T21:43:52.500Z|info : amplify-provider-awscloudformation.aws-s3.uploadFile.s3.putObject([{"Key":"[***]ify-[***]ync-[***]es/[***]0a0e90b237bac296/[***]vers/[***]ser.req.vtl","Bucket":"[***]ify-[***]minfo-[***]renv1-[***]ve-[***]23-[***]ment"}])
2020-12-18T21:43:52.502Z|info : amplify-provider-awscloudformation.upload-appsync-files.uploadAppSyncFiles.upload.s3Client.uploadFile([{"Key":"[***]vers/[***]ount.req.vtl"}])
2020-12-18T21:43:52.503Z|info : amplify-provider-awscloudformation.aws-s3.uploadFile.s3.putObject([{"Key":"[***]ify-[***]ync-[***]es/[***]0a0e90b237bac296/[***]vers/[***]ount.req.vtl","Bucket":"[***]ify-[***]minfo-[***]renv1-[***]ve-[***]23-[***]ment"}])
2020-12-18T21:43:52.504Z|info : amplify-provider-awscloudformation.upload-appsync-files.uploadAppSyncFiles.upload.s3Client.uploadFile([{"Key":"[***]vers/[***]icle.req.vtl"}])
2020-12-18T21:43:52.504Z|info : amplify-provider-awscloudformation.aws-s3.uploadFile.s3.putObject([{"Key":"[***]ify-[***]ync-[***]es/[***]0a0e90b237bac296/[***]vers/[***]icle.req.vtl","Bucket":"[***]ify-[***]minfo-[***]renv1-[***]ve-[***]23-[***]ment"}])
2020-12-18T21:43:52.505Z|info : amplify-provider-awscloudformation.upload-appsync-files.uploadAppSyncFiles.upload.s3Client.uploadFile([{"Key":"[***]vers/[***]egory.req.vtl"}])
2020-12-18T21:43:52.505Z|info : amplify-provider-awscloudformation.aws-s3.uploadFile.s3.putObject([{"Key":"[***]ify-[***]ync-[***]es/[***]0a0e90b237bac296/[***]vers/[***]egory.req.vtl","Bucket":"[***]ify-[***]minfo-[***]renv1-[***]ve-[***]23-[***]ment"}])
2020-12-18T21:43:52.506Z|info : amplify-provider-awscloudformation.upload-appsync-files.uploadAppSyncFiles.upload.s3Client.uploadFile([{"Key":"[***]vers/[***]sroom.req.vtl"}])
2020-12-18T21:43:52.507Z|info : amplify-provider-awscloudformation.aws-s3.uploadFile.s3.putObject([{"Key":"[***]ify-[***]ync-[***]es/[***]0a0e90b237bac296/[***]vers/[***]sroom.req.vtl","Bucket":"[***]ify-[***]minfo-[***]renv1-[***]ve-[***]23-[***]ment"}])
2020-12-18T21:43:52.508Z|info : amplify-provider-awscloudformation.upload-appsync-files.uploadAppSyncFiles.upload.s3Client.uploadFile([{"Key":"[***]vers/[***]ment.req.vtl"}])
2020-12-18T21:43:52.508Z|info : amplify-provider-awscloudformation.aws-s3.uploadFile.s3.putObject([{"Key":"[***]ify-[***]ync-[***]es/[***]0a0e90b237bac296/[***]vers/[***]ment.req.vtl","Bucket":"[***]ify-[***]minfo-[***]renv1-[***]ve-[***]23-[***]ment"}])
2020-12-18T21:43:52.509Z|info : amplify-provider-awscloudformation.upload-appsync-files.uploadAppSyncFiles.upload.s3Client.uploadFile([{"Key":"[***]vers/[***]sson.req.vtl"}])
2020-12-18T21:43:52.509Z|info : amplify-provider-awscloudformation.aws-s3.uploadFile.s3.putObject([{"Key":"[***]ify-[***]ync-[***]es/[***]0a0e90b237bac296/[***]vers/[***]sson.req.vtl","Bucket":"[***]ify-[***]minfo-[***]renv1-[***]ve-[***]23-[***]ment"}])
2020-12-18T21:43:52.510Z|info : amplify-provider-awscloudformation.upload-appsync-files.uploadAppSyncFiles.upload.s3Client.uploadFile([{"Key":"[***]vers/[***]Qna.req.vtl"}])
2020-12-18T21:43:52.511Z|info : amplify-provider-awscloudformation.aws-s3.uploadFile.s3.putObject([{"Key":"[***]ify-[***]ync-[***]es/[***]0a0e90b237bac296/[***]vers/[***]Qna.req.vtl","Bucket":"[***]ify-[***]minfo-[***]renv1-[***]ve-[***]23-[***]ment"}])
2020-12-18T21:43:52.511Z|info : amplify-provider-awscloudformation.upload-appsync-files.uploadAppSyncFiles.upload.s3Client.uploadFile([{"Key":"[***]vers/[***]Tag.req.vtl"}])
2020-12-18T21:43:52.512Z|info : amplify-provider-awscloudformation.aws-s3.uploadFile.s3.putObject([{"Key":"[***]ify-[***]ync-[***]es/[***]0a0e90b237bac296/[***]vers/[***]Tag.req.vtl","Bucket":"[***]ify-[***]minfo-[***]renv1-[***]ve-[***]23-[***]ment"}])
2020-12-18T21:43:52.513Z|info : amplify-provider-awscloudformation.upload-appsync-files.uploadAppSyncFiles.upload.s3Client.uploadFile([{"Key":"[***]vers/[***]ser.req.vtl"}])
2020-12-18T21:43:52.513Z|info : amplify-provider-awscloudformation.aws-s3.uploadFile.s3.putObject([{"Key":"[***]ify-[***]ync-[***]es/[***]0a0e90b237bac296/[***]vers/[***]ser.req.vtl","Bucket":"[***]ify-[***]minfo-[***]renv1-[***]ve-[***]23-[***]ment"}])
2020-12-18T21:43:52.514Z|info : amplify-provider-awscloudformation.upload-appsync-files.uploadAppSyncFiles.upload.s3Client.uploadFile([{"Key":"[***]vers/[***].req.vtl"}])
2020-12-18T21:43:52.514Z|info : amplify-provider-awscloudformation.aws-s3.uploadFile.s3.putObject([{"Key":"[***]ify-[***]ync-[***]es/[***]0a0e90b237bac296/[***]vers/[***].req.vtl","Bucket":"[***]ify-[***]minfo-[***]renv1-[***]ve-[***]23-[***]ment"}])
2020-12-18T21:43:52.515Z|info : amplify-provider-awscloudformation.upload-appsync-files.uploadAppSyncFiles.upload.s3Client.uploadFile([{"Key":"[***]vers/[***]queUrl.req.vtl"}])
2020-12-18T21:43:52.515Z|info : amplify-provider-awscloudformation.aws-s3.uploadFile.s3.putObject([{"Key":"[***]ify-[***]ync-[***]es/[***]0a0e90b237bac296/[***]vers/[***]queUrl.req.vtl","Bucket":"[***]ify-[***]minfo-[***]renv1-[***]ve-[***]23-[***]ment"}])
2020-12-18T21:43:52.516Z|info : amplify-provider-awscloudformation.upload-appsync-files.uploadAppSyncFiles.upload.s3Client.uploadFile([{"Key":"[***]vers/[***]ddress.req.vtl"}])
2020-12-18T21:43:52.516Z|info : amplify-provider-awscloudformation.aws-s3.uploadFile.s3.putObject([{"Key":"[***]ify-[***]ync-[***]es/[***]0a0e90b237bac296/[***]vers/[***]ddress.req.vtl","Bucket":"[***]ify-[***]minfo-[***]renv1-[***]ve-[***]23-[***]ment"}])
2020-12-18T21:43:52.517Z|info : amplify-provider-awscloudformation.upload-appsync-files.uploadAppSyncFiles.upload.s3Client.uploadFile([{"Key":"[***]vers/[***]nts.req.vtl"}])
2020-12-18T21:43:52.517Z|info : amplify-provider-awscloudformation.aws-s3.uploadFile.s3.putObject([{"Key":"[***]ify-[***]ync-[***]es/[***]0a0e90b237bac296/[***]vers/[***]nts.req.vtl","Bucket":"[***]ify-[***]minfo-[***]renv1-[***]ve-[***]23-[***]ment"}])
2020-12-18T21:43:52.518Z|info : amplify-provider-awscloudformation.upload-appsync-files.uploadAppSyncFiles.upload.s3Client.uploadFile([{"Key":"[***]vers/[***]les.req.vtl"}])
2020-12-18T21:43:52.518Z|info : amplify-provider-awscloudformation.aws-s3.uploadFile.s3.putObject([{"Key":"[***]ify-[***]ync-[***]es/[***]0a0e90b237bac296/[***]vers/[***]les.req.vtl","Bucket":"[***]ify-[***]minfo-[***]renv1-[***]ve-[***]23-[***]ment"}])
2020-12-18T21:43:52.519Z|info : amplify-provider-awscloudformation.upload-appsync-files.uploadAppSyncFiles.upload.s3Client.uploadFile([{"Key":"[***]vers/[***]ries.req.vtl"}])
2020-12-18T21:43:52.520Z|info : amplify-provider-awscloudformation.aws-s3.uploadFile.s3.putObject([{"Key":"[***]ify-[***]ync-[***]es/[***]0a0e90b237bac296/[***]vers/[***]ries.req.vtl","Bucket":"[***]ify-[***]minfo-[***]renv1-[***]ve-[***]23-[***]ment"}])
2020-12-18T21:43:52.521Z|info : amplify-provider-awscloudformation.upload-appsync-files.uploadAppSyncFiles.upload.s3Client.uploadFile([{"Key":"[***]vers/[***]ooms.req.vtl"}])
2020-12-18T21:43:52.521Z|info : amplify-provider-awscloudformation.aws-s3.uploadFile.s3.putObject([{"Key":"[***]ify-[***]ync-[***]es/[***]0a0e90b237bac296/[***]vers/[***]ooms.req.vtl","Bucket":"[***]ify-[***]minfo-[***]renv1-[***]ve-[***]23-[***]ment"}])
2020-12-18T21:43:52.522Z|info : amplify-provider-awscloudformation.upload-appsync-files.uploadAppSyncFiles.upload.s3Client.uploadFile([{"Key":"[***]vers/[***]nts.req.vtl"}])
2020-12-18T21:43:52.522Z|info : amplify-provider-awscloudformation.aws-s3.uploadFile.s3.putObject([{"Key":"[***]ify-[***]ync-[***]es/[***]0a0e90b237bac296/[***]vers/[***]nts.req.vtl","Bucket":"[***]ify-[***]minfo-[***]renv1-[***]ve-[***]23-[***]ment"}])
2020-12-18T21:43:52.523Z|info : amplify-provider-awscloudformation.upload-appsync-files.uploadAppSyncFiles.upload.s3Client.uploadFile([{"Key":"[***]vers/[***]ns.req.vtl"}])
2020-12-18T21:43:52.523Z|info : amplify-provider-awscloudformation.aws-s3.uploadFile.s3.putObject([{"Key":"[***]ify-[***]ync-[***]es/[***]0a0e90b237bac296/[***]vers/[***]ns.req.vtl","Bucket":"[***]ify-[***]minfo-[***]renv1-[***]ve-[***]23-[***]ment"}])
2020-12-18T21:43:52.524Z|info : amplify-provider-awscloudformation.upload-appsync-files.uploadAppSyncFiles.upload.s3Client.uploadFile([{"Key":"[***]vers/[***]s.req.vtl"}])
2020-12-18T21:43:52.524Z|info : amplify-provider-awscloudformation.aws-s3.uploadFile.s3.putObject([{"Key":"[***]ify-[***]ync-[***]es/[***]0a0e90b237bac296/[***]vers/[***]s.req.vtl","Bucket":"[***]ify-[***]minfo-[***]renv1-[***]ve-[***]23-[***]ment"}])
2020-12-18T21:43:52.525Z|info : amplify-provider-awscloudformation.upload-appsync-files.uploadAppSyncFiles.upload.s3Client.uploadFile([{"Key":"[***]vers/[***]s.req.vtl"}])
2020-12-18T21:43:52.525Z|info : amplify-provider-awscloudformation.aws-s3.uploadFile.s3.putObject([{"Key":"[***]ify-[***]ync-[***]es/[***]0a0e90b237bac296/[***]vers/[***]s.req.vtl","Bucket":"[***]ify-[***]minfo-[***]renv1-[***]ve-[***]23-[***]ment"}])
2020-12-18T21:43:52.526Z|info : amplify-provider-awscloudformation.upload-appsync-files.uploadAppSyncFiles.upload.s3Client.uploadFile([{"Key":"[***]vers/[***]req copy.vtl"}])
2020-12-18T21:43:52.526Z|info : amplify-provider-awscloudformation.aws-s3.uploadFile.s3.putObject([{"Key":"[***]ify-[***]ync-[***]es/[***]0a0e90b237bac296/[***]vers/[***]req copy.vtl","Bucket":"[***]ify-[***]minfo-[***]renv1-[***]ve-[***]23-[***]ment"}])
2020-12-18T21:43:52.527Z|info : amplify-provider-awscloudformation.upload-appsync-files.uploadAppSyncFiles.upload.s3Client.uploadFile([{"Key":"[***]vers/[***]rs.req.vtl"}])
2020-12-18T21:43:52.527Z|info : amplify-provider-awscloudformation.aws-s3.uploadFile.s3.putObject([{"Key":"[***]ify-[***]ync-[***]es/[***]0a0e90b237bac296/[***]vers/[***]rs.req.vtl","Bucket":"[***]ify-[***]minfo-[***]renv1-[***]ve-[***]23-[***]ment"}])
2020-12-18T21:43:52.528Z|info : amplify-provider-awscloudformation.upload-appsync-files.uploadAppSyncFiles.upload.s3Client.uploadFile([{"Key":"[***]raphql"}])
2020-12-18T21:43:52.529Z|info : amplify-provider-awscloudformation.aws-s3.uploadFile.s3.putObject([{"Key":"[***]ify-[***]ync-[***]es/[***]0a0e90b237bac296/[***]raphql","Bucket":"[***]ify-[***]minfo-[***]renv1-[***]ve-[***]23-[***]ment"}])
2020-12-18T21:43:52.530Z|info : amplify-provider-awscloudformation.upload-appsync-files.uploadAppSyncFiles.upload.s3Client.uploadFile([{"Key":"[***]cks/[***]ces.json"}])
2020-12-18T21:43:52.530Z|info : amplify-provider-awscloudformation.aws-s3.uploadFile.s3.putObject([{"Key":"[***]ify-[***]ync-[***]es/[***]0a0e90b237bac296/[***]cks/[***]ces.json","Bucket":"[***]ify-[***]minfo-[***]renv1-[***]ve-[***]23-[***]ment"}])
2020-12-18T21:43:56.023Z|info : amplify-provider-awscloudformation.aws-s3.uploadFile.s3.putObject([{"Key":"[***]ify-[***]fn-[***]ates/[***]pi/[***]mation-[***]e.json","Bucket":"[***]ify-[***]minfo-[***]renv1-[***]ve-[***]23-[***]ment"}])
2020-12-18T21:43:58.589Z|info : amplify-provider-awscloudformation.push-resources.updateCloudFormationNestedStack(["/Users/zairvai/Documents/projects/kominfo/pesantren/amplify/backend/awscloudformation","/Users/zairvai/Documents/projects/kominfo/pesantren/amplify/backend/awscloudformation/nested-cloudformation-stack.yml"])
2020-12-18T21:43:58.598Z|info : amplify-provider-awscloudformation.aws-s3.uploadFile.s3.putObject([{"Key":"[***]ted-[***]mation-[***].yml","Bucket":"[***]ify-[***]minfo-[***]renv1-[***]ve-[***]23-[***]ment"}])
2020-12-18T21:49:36.386Z|error : amplify-provider-awscloudformation.push-resources.updateCloudFormationNestedStack(["/Users/zairvai/Documents/projects/kominfo/pesantren/amplify/backend/awscloudformation","/Users/zairvai/Documents/projects/kominfo/pesantren/amplify/backend/awscloudformation/nested-cloudformation-stack.yml"])
ResourceNotReady: Resource is not in the state stackUpdateComplete
2020-12-18T21:49:39.368Z|info : amplify-provider-awscloudformation.push-resources.storeCurrentcoudBackend.s3.uploadFile([{"Key":"[***]rent-[***]ud-[***]d.zip"}])
2020-12-18T21:49:39.369Z|info : amplify-provider-awscloudformation.aws-s3.uploadFile.s3.putObject([{"Key":"[***]rent-[***]ud-[***]d.zip","Bucket":"[***]ify-[***]minfo-[***]renv1-[***]ve-[***]23-[***]ment"}])
2020-12-18T21:49:39.687Z|info : amplify-provider-awscloudformation.amplify-service-manager.s3.uploadFile([{"Key":"[***]ify-[***]json"}])
2020-12-18T21:49:39.688Z|info : amplify-provider-awscloudformation.aws-s3.uploadFile.s3.putObject([{"Key":"[***]ify-[***]json","Bucket":"[***]ify-[***]minfo-[***]renv1-[***]ve-[***]23-[***]ment"}])
2020-12-18T21:49:39.824Z|info : amplify-provider-awscloudformation.amplify-service-manager.s3.uploadFile([{"Key":"[***]end-[***].json"}])
2020-12-18T21:49:39.826Z|info : amplify-provider-awscloudformation.aws-s3.uploadFile.s3.putObject([{"Key":"[***]end-[***].json","Bucket":"[***]ify-[***]minfo-[***]renv1-[***]ve-[***]23-[***]ment"}])
2020-12-18T21:58:38.414Z|info : amplify push core  
