2020-12-14T17:22:25.161Z|info : amplify add storage  
2020-12-14T17:24:34.544Z|info : amplify push core  
2020-12-14T17:24:45.205Z|info : amplify-provider-awscloudformation.zip-util.downloadZip.s3.getFile([{"Key":"[***]rent-[***]ud-[***]d.zip"},null])
2020-12-14T17:24:45.208Z|info : amplify-provider-awscloudformation.aws-s3.s3.getFile([{"Key":"[***]rent-[***]ud-[***]d.zip","Bucket":"[***]ify-[***]minfo-[***]renv1-[***]ve-[***]23-[***]ment"}])
2020-12-14T17:24:48.061Z|info : amplify-provider-awscloudformation.initialize-env.run.cfn.updateamplifyMetaFileWithStackOutputs([{"StackName":"[***]ify-[***]minfo-[***]renv1-[***]ve-[***]23"}])
2020-12-14T17:24:48.525Z|info : amplify-provider-awscloudformation.aws-s3.s3.getFile([{"Key":"[***]ify-[***]json","Bucket":"[***]ify-[***]minfo-[***]renv1-[***]ve-[***]23-[***]ment"}])
2020-12-14T17:25:11.238Z|info : amplify remove storage  
2020-12-14T17:25:23.839Z|info : amplify add storage  
2020-12-14T17:25:55.713Z|info : amplify push core  
2020-12-14T17:26:03.888Z|info : amplify-provider-awscloudformation.zip-util.downloadZip.s3.getFile([{"Key":"[***]rent-[***]ud-[***]d.zip"},null])
2020-12-14T17:26:03.890Z|info : amplify-provider-awscloudformation.aws-s3.s3.getFile([{"Key":"[***]rent-[***]ud-[***]d.zip","Bucket":"[***]ify-[***]minfo-[***]renv1-[***]ve-[***]23-[***]ment"}])
2020-12-14T17:26:06.235Z|info : amplify-provider-awscloudformation.initialize-env.run.cfn.updateamplifyMetaFileWithStackOutputs([{"StackName":"[***]ify-[***]minfo-[***]renv1-[***]ve-[***]23"}])
2020-12-14T17:26:06.655Z|info : amplify-provider-awscloudformation.aws-s3.s3.getFile([{"Key":"[***]ify-[***]json","Bucket":"[***]ify-[***]minfo-[***]renv1-[***]ve-[***]23-[***]ment"}])
2020-12-14T17:26:21.270Z|info : amplify-provider-awscloudformation.upload-appsync-files.uploadAppSyncFiles.upload.s3Client.uploadFile([{"Key":"[***]mation-[***]e.json"}])
2020-12-14T17:26:21.273Z|info : amplify-provider-awscloudformation.aws-s3.uploadFile.s3.putObject([{"Key":"[***]ify-[***]ync-[***]es/[***]53505901ddc51013/[***]mation-[***]e.json","Bucket":"[***]ify-[***]minfo-[***]renv1-[***]ve-[***]23-[***]ment"}])
2020-12-14T17:26:21.277Z|info : amplify-provider-awscloudformation.upload-appsync-files.uploadAppSyncFiles.upload.s3Client.uploadFile([{"Key":"[***]s.json"}])
2020-12-14T17:26:21.277Z|info : amplify-provider-awscloudformation.aws-s3.uploadFile.s3.putObject([{"Key":"[***]ify-[***]ync-[***]es/[***]53505901ddc51013/[***]s.json","Bucket":"[***]ify-[***]minfo-[***]renv1-[***]ve-[***]23-[***]ment"}])
2020-12-14T17:26:21.280Z|info : amplify-provider-awscloudformation.upload-appsync-files.uploadAppSyncFiles.upload.s3Client.uploadFile([{"Key":"[***]vers/[***]e.user.req.vtl"}])
2020-12-14T17:26:21.281Z|info : amplify-provider-awscloudformation.aws-s3.uploadFile.s3.putObject([{"Key":"[***]ify-[***]ync-[***]es/[***]53505901ddc51013/[***]vers/[***]e.user.req.vtl","Bucket":"[***]ify-[***]minfo-[***]renv1-[***]ve-[***]23-[***]ment"}])
2020-12-14T17:26:21.284Z|info : amplify-provider-awscloudformation.upload-appsync-files.uploadAppSyncFiles.upload.s3Client.uploadFile([{"Key":"[***]vers/[***]e.user.res.vtl"}])
2020-12-14T17:26:21.284Z|info : amplify-provider-awscloudformation.aws-s3.uploadFile.s3.putObject([{"Key":"[***]ify-[***]ync-[***]es/[***]53505901ddc51013/[***]vers/[***]e.user.res.vtl","Bucket":"[***]ify-[***]minfo-[***]renv1-[***]ve-[***]23-[***]ment"}])
2020-12-14T17:26:21.286Z|info : amplify-provider-awscloudformation.upload-appsync-files.uploadAppSyncFiles.upload.s3Client.uploadFile([{"Key":"[***]vers/[***]rAccount.req.vtl"}])
2020-12-14T17:26:21.287Z|info : amplify-provider-awscloudformation.aws-s3.uploadFile.s3.putObject([{"Key":"[***]ify-[***]ync-[***]es/[***]53505901ddc51013/[***]vers/[***]rAccount.req.vtl","Bucket":"[***]ify-[***]minfo-[***]renv1-[***]ve-[***]23-[***]ment"}])
2020-12-14T17:26:21.289Z|info : amplify-provider-awscloudformation.upload-appsync-files.uploadAppSyncFiles.upload.s3Client.uploadFile([{"Key":"[***]vers/[***]rAccount.res.vtl"}])
2020-12-14T17:26:21.289Z|info : amplify-provider-awscloudformation.aws-s3.uploadFile.s3.putObject([{"Key":"[***]ify-[***]ync-[***]es/[***]53505901ddc51013/[***]vers/[***]rAccount.res.vtl","Bucket":"[***]ify-[***]minfo-[***]renv1-[***]ve-[***]23-[***]ment"}])
2020-12-14T17:26:21.291Z|info : amplify-provider-awscloudformation.upload-appsync-files.uploadAppSyncFiles.upload.s3Client.uploadFile([{"Key":"[***]vers/[***]Item.req.vtl"}])
2020-12-14T17:26:21.291Z|info : amplify-provider-awscloudformation.aws-s3.uploadFile.s3.putObject([{"Key":"[***]ify-[***]ync-[***]es/[***]53505901ddc51013/[***]vers/[***]Item.req.vtl","Bucket":"[***]ify-[***]minfo-[***]renv1-[***]ve-[***]23-[***]ment"}])
2020-12-14T17:26:21.293Z|info : amplify-provider-awscloudformation.upload-appsync-files.uploadAppSyncFiles.upload.s3Client.uploadFile([{"Key":"[***]vers/[***]Item.res.vtl"}])
2020-12-14T17:26:21.294Z|info : amplify-provider-awscloudformation.aws-s3.uploadFile.s3.putObject([{"Key":"[***]ify-[***]ync-[***]es/[***]53505901ddc51013/[***]vers/[***]Item.res.vtl","Bucket":"[***]ify-[***]minfo-[***]renv1-[***]ve-[***]23-[***]ment"}])
2020-12-14T17:26:21.296Z|info : amplify-provider-awscloudformation.upload-appsync-files.uploadAppSyncFiles.upload.s3Client.uploadFile([{"Key":"[***]vers/[***]tem.req.vtl"}])
2020-12-14T17:26:21.297Z|info : amplify-provider-awscloudformation.aws-s3.uploadFile.s3.putObject([{"Key":"[***]ify-[***]ync-[***]es/[***]53505901ddc51013/[***]vers/[***]tem.req.vtl","Bucket":"[***]ify-[***]minfo-[***]renv1-[***]ve-[***]23-[***]ment"}])
2020-12-14T17:26:21.298Z|info : amplify-provider-awscloudformation.upload-appsync-files.uploadAppSyncFiles.upload.s3Client.uploadFile([{"Key":"[***]vers/[***]tem.res.vtl"}])
2020-12-14T17:26:21.299Z|info : amplify-provider-awscloudformation.aws-s3.uploadFile.s3.putObject([{"Key":"[***]ify-[***]ync-[***]es/[***]53505901ddc51013/[***]vers/[***]tem.res.vtl","Bucket":"[***]ify-[***]minfo-[***]renv1-[***]ve-[***]23-[***]ment"}])
2020-12-14T17:26:21.301Z|info : amplify-provider-awscloudformation.upload-appsync-files.uploadAppSyncFiles.upload.s3Client.uploadFile([{"Key":"[***]vers/[***]em.req.vtl"}])
2020-12-14T17:26:21.301Z|info : amplify-provider-awscloudformation.aws-s3.uploadFile.s3.putObject([{"Key":"[***]ify-[***]ync-[***]es/[***]53505901ddc51013/[***]vers/[***]em.req.vtl","Bucket":"[***]ify-[***]minfo-[***]renv1-[***]ve-[***]23-[***]ment"}])
2020-12-14T17:26:21.303Z|info : amplify-provider-awscloudformation.upload-appsync-files.uploadAppSyncFiles.upload.s3Client.uploadFile([{"Key":"[***]vers/[***]em.res.vtl"}])
2020-12-14T17:26:21.303Z|info : amplify-provider-awscloudformation.aws-s3.uploadFile.s3.putObject([{"Key":"[***]ify-[***]ync-[***]es/[***]53505901ddc51013/[***]vers/[***]em.res.vtl","Bucket":"[***]ify-[***]minfo-[***]renv1-[***]ve-[***]23-[***]ment"}])
2020-12-14T17:26:21.305Z|info : amplify-provider-awscloudformation.upload-appsync-files.uploadAppSyncFiles.upload.s3Client.uploadFile([{"Key":"[***]vers/[***]nager.req.vtl"}])
2020-12-14T17:26:21.306Z|info : amplify-provider-awscloudformation.aws-s3.uploadFile.s3.putObject([{"Key":"[***]ify-[***]ync-[***]es/[***]53505901ddc51013/[***]vers/[***]nager.req.vtl","Bucket":"[***]ify-[***]minfo-[***]renv1-[***]ve-[***]23-[***]ment"}])
2020-12-14T17:26:21.316Z|info : amplify-provider-awscloudformation.upload-appsync-files.uploadAppSyncFiles.upload.s3Client.uploadFile([{"Key":"[***]vers/[***]nager.res.vtl"}])
2020-12-14T17:26:21.316Z|info : amplify-provider-awscloudformation.aws-s3.uploadFile.s3.putObject([{"Key":"[***]ify-[***]ync-[***]es/[***]53505901ddc51013/[***]vers/[***]nager.res.vtl","Bucket":"[***]ify-[***]minfo-[***]renv1-[***]ve-[***]23-[***]ment"}])
2020-12-14T17:26:21.318Z|info : amplify-provider-awscloudformation.upload-appsync-files.uploadAppSyncFiles.upload.s3Client.uploadFile([{"Key":"[***]vers/[***]em.req.vtl"}])
2020-12-14T17:26:21.318Z|info : amplify-provider-awscloudformation.aws-s3.uploadFile.s3.putObject([{"Key":"[***]ify-[***]ync-[***]es/[***]53505901ddc51013/[***]vers/[***]em.req.vtl","Bucket":"[***]ify-[***]minfo-[***]renv1-[***]ve-[***]23-[***]ment"}])
2020-12-14T17:26:21.320Z|info : amplify-provider-awscloudformation.upload-appsync-files.uploadAppSyncFiles.upload.s3Client.uploadFile([{"Key":"[***]vers/[***]em.res.vtl"}])
2020-12-14T17:26:21.320Z|info : amplify-provider-awscloudformation.aws-s3.uploadFile.s3.putObject([{"Key":"[***]ify-[***]ync-[***]es/[***]53505901ddc51013/[***]vers/[***]em.res.vtl","Bucket":"[***]ify-[***]minfo-[***]renv1-[***]ve-[***]23-[***]ment"}])
2020-12-14T17:26:21.322Z|info : amplify-provider-awscloudformation.upload-appsync-files.uploadAppSyncFiles.upload.s3Client.uploadFile([{"Key":"[***]vers/[***]ager.req.vtl"}])
2020-12-14T17:26:21.322Z|info : amplify-provider-awscloudformation.aws-s3.uploadFile.s3.putObject([{"Key":"[***]ify-[***]ync-[***]es/[***]53505901ddc51013/[***]vers/[***]ager.req.vtl","Bucket":"[***]ify-[***]minfo-[***]renv1-[***]ve-[***]23-[***]ment"}])
2020-12-14T17:26:21.324Z|info : amplify-provider-awscloudformation.upload-appsync-files.uploadAppSyncFiles.upload.s3Client.uploadFile([{"Key":"[***]vers/[***]ager.res.vtl"}])
2020-12-14T17:26:21.324Z|info : amplify-provider-awscloudformation.aws-s3.uploadFile.s3.putObject([{"Key":"[***]ify-[***]ync-[***]es/[***]53505901ddc51013/[***]vers/[***]ager.res.vtl","Bucket":"[***]ify-[***]minfo-[***]renv1-[***]ve-[***]23-[***]ment"}])
2020-12-14T17:26:21.326Z|info : amplify-provider-awscloudformation.upload-appsync-files.uploadAppSyncFiles.upload.s3Client.uploadFile([{"Key":"[***]vers/[***]tem.req.vtl"}])
2020-12-14T17:26:21.326Z|info : amplify-provider-awscloudformation.aws-s3.uploadFile.s3.putObject([{"Key":"[***]ify-[***]ync-[***]es/[***]53505901ddc51013/[***]vers/[***]tem.req.vtl","Bucket":"[***]ify-[***]minfo-[***]renv1-[***]ve-[***]23-[***]ment"}])
2020-12-14T17:26:21.328Z|info : amplify-provider-awscloudformation.upload-appsync-files.uploadAppSyncFiles.upload.s3Client.uploadFile([{"Key":"[***]vers/[***]tem.res.vtl"}])
2020-12-14T17:26:21.328Z|info : amplify-provider-awscloudformation.aws-s3.uploadFile.s3.putObject([{"Key":"[***]ify-[***]ync-[***]es/[***]53505901ddc51013/[***]vers/[***]tem.res.vtl","Bucket":"[***]ify-[***]minfo-[***]renv1-[***]ve-[***]23-[***]ment"}])
2020-12-14T17:26:21.330Z|info : amplify-provider-awscloudformation.upload-appsync-files.uploadAppSyncFiles.upload.s3Client.uploadFile([{"Key":"[***]vers/[***]y.req.vtl"}])
2020-12-14T17:26:21.330Z|info : amplify-provider-awscloudformation.aws-s3.uploadFile.s3.putObject([{"Key":"[***]ify-[***]ync-[***]es/[***]53505901ddc51013/[***]vers/[***]y.req.vtl","Bucket":"[***]ify-[***]minfo-[***]renv1-[***]ve-[***]23-[***]ment"}])
2020-12-14T17:26:21.332Z|info : amplify-provider-awscloudformation.upload-appsync-files.uploadAppSyncFiles.upload.s3Client.uploadFile([{"Key":"[***]vers/[***]y.res.vtl"}])
2020-12-14T17:26:21.332Z|info : amplify-provider-awscloudformation.aws-s3.uploadFile.s3.putObject([{"Key":"[***]ify-[***]ync-[***]es/[***]53505901ddc51013/[***]vers/[***]y.res.vtl","Bucket":"[***]ify-[***]minfo-[***]renv1-[***]ve-[***]23-[***]ment"}])
2020-12-14T17:26:21.334Z|info : amplify-provider-awscloudformation.upload-appsync-files.uploadAppSyncFiles.upload.s3Client.uploadFile([{"Key":"[***]vers/[***]em.req.vtl"}])
2020-12-14T17:26:21.334Z|info : amplify-provider-awscloudformation.aws-s3.uploadFile.s3.putObject([{"Key":"[***]ify-[***]ync-[***]es/[***]53505901ddc51013/[***]vers/[***]em.req.vtl","Bucket":"[***]ify-[***]minfo-[***]renv1-[***]ve-[***]23-[***]ment"}])
2020-12-14T17:26:21.336Z|info : amplify-provider-awscloudformation.upload-appsync-files.uploadAppSyncFiles.upload.s3Client.uploadFile([{"Key":"[***]vers/[***]em.res.vtl"}])
2020-12-14T17:26:21.336Z|info : amplify-provider-awscloudformation.aws-s3.uploadFile.s3.putObject([{"Key":"[***]ify-[***]ync-[***]es/[***]53505901ddc51013/[***]vers/[***]em.res.vtl","Bucket":"[***]ify-[***]minfo-[***]renv1-[***]ve-[***]23-[***]ment"}])
2020-12-14T17:26:21.338Z|info : amplify-provider-awscloudformation.upload-appsync-files.uploadAppSyncFiles.upload.s3Client.uploadFile([{"Key":"[***]vers/[***].req.vtl"}])
2020-12-14T17:26:21.338Z|info : amplify-provider-awscloudformation.aws-s3.uploadFile.s3.putObject([{"Key":"[***]ify-[***]ync-[***]es/[***]53505901ddc51013/[***]vers/[***].req.vtl","Bucket":"[***]ify-[***]minfo-[***]renv1-[***]ve-[***]23-[***]ment"}])
2020-12-14T17:26:21.340Z|info : amplify-provider-awscloudformation.upload-appsync-files.uploadAppSyncFiles.upload.s3Client.uploadFile([{"Key":"[***]vers/[***].res.vtl"}])
2020-12-14T17:26:21.340Z|info : amplify-provider-awscloudformation.aws-s3.uploadFile.s3.putObject([{"Key":"[***]ify-[***]ync-[***]es/[***]53505901ddc51013/[***]vers/[***].res.vtl","Bucket":"[***]ify-[***]minfo-[***]renv1-[***]ve-[***]23-[***]ment"}])
2020-12-14T17:26:21.342Z|info : amplify-provider-awscloudformation.upload-appsync-files.uploadAppSyncFiles.upload.s3Client.uploadFile([{"Key":"[***]vers/[***]y.req.vtl"}])
2020-12-14T17:26:21.342Z|info : amplify-provider-awscloudformation.aws-s3.uploadFile.s3.putObject([{"Key":"[***]ify-[***]ync-[***]es/[***]53505901ddc51013/[***]vers/[***]y.req.vtl","Bucket":"[***]ify-[***]minfo-[***]renv1-[***]ve-[***]23-[***]ment"}])
2020-12-14T17:26:21.344Z|info : amplify-provider-awscloudformation.upload-appsync-files.uploadAppSyncFiles.upload.s3Client.uploadFile([{"Key":"[***]vers/[***]y.res.vtl"}])
2020-12-14T17:26:21.345Z|info : amplify-provider-awscloudformation.aws-s3.uploadFile.s3.putObject([{"Key":"[***]ify-[***]ync-[***]es/[***]53505901ddc51013/[***]vers/[***]y.res.vtl","Bucket":"[***]ify-[***]minfo-[***]renv1-[***]ve-[***]23-[***]ment"}])
2020-12-14T17:26:21.346Z|info : amplify-provider-awscloudformation.upload-appsync-files.uploadAppSyncFiles.upload.s3Client.uploadFile([{"Key":"[***]vers/[***]tems.req.vtl"}])
2020-12-14T17:26:21.347Z|info : amplify-provider-awscloudformation.aws-s3.uploadFile.s3.putObject([{"Key":"[***]ify-[***]ync-[***]es/[***]53505901ddc51013/[***]vers/[***]tems.req.vtl","Bucket":"[***]ify-[***]minfo-[***]renv1-[***]ve-[***]23-[***]ment"}])
2020-12-14T17:26:21.348Z|info : amplify-provider-awscloudformation.upload-appsync-files.uploadAppSyncFiles.upload.s3Client.uploadFile([{"Key":"[***]vers/[***]tems.res.vtl"}])
2020-12-14T17:26:21.349Z|info : amplify-provider-awscloudformation.aws-s3.uploadFile.s3.putObject([{"Key":"[***]ify-[***]ync-[***]es/[***]53505901ddc51013/[***]vers/[***]tems.res.vtl","Bucket":"[***]ify-[***]minfo-[***]renv1-[***]ve-[***]23-[***]ment"}])
2020-12-14T17:26:21.351Z|info : amplify-provider-awscloudformation.upload-appsync-files.uploadAppSyncFiles.upload.s3Client.uploadFile([{"Key":"[***]vers/[***]ount.req.vtl"}])
2020-12-14T17:26:21.351Z|info : amplify-provider-awscloudformation.aws-s3.uploadFile.s3.putObject([{"Key":"[***]ify-[***]ync-[***]es/[***]53505901ddc51013/[***]vers/[***]ount.req.vtl","Bucket":"[***]ify-[***]minfo-[***]renv1-[***]ve-[***]23-[***]ment"}])
2020-12-14T17:26:21.353Z|info : amplify-provider-awscloudformation.upload-appsync-files.uploadAppSyncFiles.upload.s3Client.uploadFile([{"Key":"[***]vers/[***]ount.res.vtl"}])
2020-12-14T17:26:21.353Z|info : amplify-provider-awscloudformation.aws-s3.uploadFile.s3.putObject([{"Key":"[***]ify-[***]ync-[***]es/[***]53505901ddc51013/[***]vers/[***]ount.res.vtl","Bucket":"[***]ify-[***]minfo-[***]renv1-[***]ve-[***]23-[***]ment"}])
2020-12-14T17:26:21.355Z|info : amplify-provider-awscloudformation.upload-appsync-files.uploadAppSyncFiles.upload.s3Client.uploadFile([{"Key":"[***]vers/[***]egory.req.vtl"}])
2020-12-14T17:26:21.356Z|info : amplify-provider-awscloudformation.aws-s3.uploadFile.s3.putObject([{"Key":"[***]ify-[***]ync-[***]es/[***]53505901ddc51013/[***]vers/[***]egory.req.vtl","Bucket":"[***]ify-[***]minfo-[***]renv1-[***]ve-[***]23-[***]ment"}])
2020-12-14T17:26:21.358Z|info : amplify-provider-awscloudformation.upload-appsync-files.uploadAppSyncFiles.upload.s3Client.uploadFile([{"Key":"[***]vers/[***]egory.res.vtl"}])
2020-12-14T17:26:21.358Z|info : amplify-provider-awscloudformation.aws-s3.uploadFile.s3.putObject([{"Key":"[***]ify-[***]ync-[***]es/[***]53505901ddc51013/[***]vers/[***]egory.res.vtl","Bucket":"[***]ify-[***]minfo-[***]renv1-[***]ve-[***]23-[***]ment"}])
2020-12-14T17:26:21.360Z|info : amplify-provider-awscloudformation.upload-appsync-files.uploadAppSyncFiles.upload.s3Client.uploadFile([{"Key":"[***]vers/[***]Tag.req.vtl"}])
2020-12-14T17:26:21.360Z|info : amplify-provider-awscloudformation.aws-s3.uploadFile.s3.putObject([{"Key":"[***]ify-[***]ync-[***]es/[***]53505901ddc51013/[***]vers/[***]Tag.req.vtl","Bucket":"[***]ify-[***]minfo-[***]renv1-[***]ve-[***]23-[***]ment"}])
2020-12-14T17:26:21.362Z|info : amplify-provider-awscloudformation.upload-appsync-files.uploadAppSyncFiles.upload.s3Client.uploadFile([{"Key":"[***]vers/[***]Tag.res.vtl"}])
2020-12-14T17:26:21.362Z|info : amplify-provider-awscloudformation.aws-s3.uploadFile.s3.putObject([{"Key":"[***]ify-[***]ync-[***]es/[***]53505901ddc51013/[***]vers/[***]Tag.res.vtl","Bucket":"[***]ify-[***]minfo-[***]renv1-[***]ve-[***]23-[***]ment"}])
2020-12-14T17:26:21.364Z|info : amplify-provider-awscloudformation.upload-appsync-files.uploadAppSyncFiles.upload.s3Client.uploadFile([{"Key":"[***]vers/[***]ser.req.vtl"}])
2020-12-14T17:26:21.364Z|info : amplify-provider-awscloudformation.aws-s3.uploadFile.s3.putObject([{"Key":"[***]ify-[***]ync-[***]es/[***]53505901ddc51013/[***]vers/[***]ser.req.vtl","Bucket":"[***]ify-[***]minfo-[***]renv1-[***]ve-[***]23-[***]ment"}])
2020-12-14T17:26:21.366Z|info : amplify-provider-awscloudformation.upload-appsync-files.uploadAppSyncFiles.upload.s3Client.uploadFile([{"Key":"[***]vers/[***]ser.res.vtl"}])
2020-12-14T17:26:21.366Z|info : amplify-provider-awscloudformation.aws-s3.uploadFile.s3.putObject([{"Key":"[***]ify-[***]ync-[***]es/[***]53505901ddc51013/[***]vers/[***]ser.res.vtl","Bucket":"[***]ify-[***]minfo-[***]renv1-[***]ve-[***]23-[***]ment"}])
2020-12-14T17:26:21.368Z|info : amplify-provider-awscloudformation.upload-appsync-files.uploadAppSyncFiles.upload.s3Client.uploadFile([{"Key":"[***]vers/[***]ount.req.vtl"}])
2020-12-14T17:26:21.369Z|info : amplify-provider-awscloudformation.aws-s3.uploadFile.s3.putObject([{"Key":"[***]ify-[***]ync-[***]es/[***]53505901ddc51013/[***]vers/[***]ount.req.vtl","Bucket":"[***]ify-[***]minfo-[***]renv1-[***]ve-[***]23-[***]ment"}])
2020-12-14T17:26:21.371Z|info : amplify-provider-awscloudformation.upload-appsync-files.uploadAppSyncFiles.upload.s3Client.uploadFile([{"Key":"[***]vers/[***]ount.res.vtl"}])
2020-12-14T17:26:21.371Z|info : amplify-provider-awscloudformation.aws-s3.uploadFile.s3.putObject([{"Key":"[***]ify-[***]ync-[***]es/[***]53505901ddc51013/[***]vers/[***]ount.res.vtl","Bucket":"[***]ify-[***]minfo-[***]renv1-[***]ve-[***]23-[***]ment"}])
2020-12-14T17:26:21.373Z|info : amplify-provider-awscloudformation.upload-appsync-files.uploadAppSyncFiles.upload.s3Client.uploadFile([{"Key":"[***]vers/[***]egory.req.vtl"}])
2020-12-14T17:26:21.373Z|info : amplify-provider-awscloudformation.aws-s3.uploadFile.s3.putObject([{"Key":"[***]ify-[***]ync-[***]es/[***]53505901ddc51013/[***]vers/[***]egory.req.vtl","Bucket":"[***]ify-[***]minfo-[***]renv1-[***]ve-[***]23-[***]ment"}])
2020-12-14T17:26:21.375Z|info : amplify-provider-awscloudformation.upload-appsync-files.uploadAppSyncFiles.upload.s3Client.uploadFile([{"Key":"[***]vers/[***]egory.res.vtl"}])
2020-12-14T17:26:21.375Z|info : amplify-provider-awscloudformation.aws-s3.uploadFile.s3.putObject([{"Key":"[***]ify-[***]ync-[***]es/[***]53505901ddc51013/[***]vers/[***]egory.res.vtl","Bucket":"[***]ify-[***]minfo-[***]renv1-[***]ve-[***]23-[***]ment"}])
2020-12-14T17:26:21.377Z|info : amplify-provider-awscloudformation.upload-appsync-files.uploadAppSyncFiles.upload.s3Client.uploadFile([{"Key":"[***]vers/[***]Tag.req.vtl"}])
2020-12-14T17:26:21.377Z|info : amplify-provider-awscloudformation.aws-s3.uploadFile.s3.putObject([{"Key":"[***]ify-[***]ync-[***]es/[***]53505901ddc51013/[***]vers/[***]Tag.req.vtl","Bucket":"[***]ify-[***]minfo-[***]renv1-[***]ve-[***]23-[***]ment"}])
2020-12-14T17:26:21.380Z|info : amplify-provider-awscloudformation.upload-appsync-files.uploadAppSyncFiles.upload.s3Client.uploadFile([{"Key":"[***]vers/[***]Tag.res.vtl"}])
2020-12-14T17:26:21.380Z|info : amplify-provider-awscloudformation.aws-s3.uploadFile.s3.putObject([{"Key":"[***]ify-[***]ync-[***]es/[***]53505901ddc51013/[***]vers/[***]Tag.res.vtl","Bucket":"[***]ify-[***]minfo-[***]renv1-[***]ve-[***]23-[***]ment"}])
2020-12-14T17:26:21.382Z|info : amplify-provider-awscloudformation.upload-appsync-files.uploadAppSyncFiles.upload.s3Client.uploadFile([{"Key":"[***]vers/[***]ser.req.vtl"}])
2020-12-14T17:26:21.382Z|info : amplify-provider-awscloudformation.aws-s3.uploadFile.s3.putObject([{"Key":"[***]ify-[***]ync-[***]es/[***]53505901ddc51013/[***]vers/[***]ser.req.vtl","Bucket":"[***]ify-[***]minfo-[***]renv1-[***]ve-[***]23-[***]ment"}])
2020-12-14T17:26:21.384Z|info : amplify-provider-awscloudformation.upload-appsync-files.uploadAppSyncFiles.upload.s3Client.uploadFile([{"Key":"[***]vers/[***]ser.res.vtl"}])
2020-12-14T17:26:21.385Z|info : amplify-provider-awscloudformation.aws-s3.uploadFile.s3.putObject([{"Key":"[***]ify-[***]ync-[***]es/[***]53505901ddc51013/[***]vers/[***]ser.res.vtl","Bucket":"[***]ify-[***]minfo-[***]renv1-[***]ve-[***]23-[***]ment"}])
2020-12-14T17:26:21.387Z|info : amplify-provider-awscloudformation.upload-appsync-files.uploadAppSyncFiles.upload.s3Client.uploadFile([{"Key":"[***]vers/[***]queUrl.req.vtl"}])
2020-12-14T17:26:21.388Z|info : amplify-provider-awscloudformation.aws-s3.uploadFile.s3.putObject([{"Key":"[***]ify-[***]ync-[***]es/[***]53505901ddc51013/[***]vers/[***]queUrl.req.vtl","Bucket":"[***]ify-[***]minfo-[***]renv1-[***]ve-[***]23-[***]ment"}])
2020-12-14T17:26:21.389Z|info : amplify-provider-awscloudformation.upload-appsync-files.uploadAppSyncFiles.upload.s3Client.uploadFile([{"Key":"[***]vers/[***]queUrl.res.vtl"}])
2020-12-14T17:26:21.390Z|info : amplify-provider-awscloudformation.aws-s3.uploadFile.s3.putObject([{"Key":"[***]ify-[***]ync-[***]es/[***]53505901ddc51013/[***]vers/[***]queUrl.res.vtl","Bucket":"[***]ify-[***]minfo-[***]renv1-[***]ve-[***]23-[***]ment"}])
2020-12-14T17:26:21.391Z|info : amplify-provider-awscloudformation.upload-appsync-files.uploadAppSyncFiles.upload.s3Client.uploadFile([{"Key":"[***]vers/[***]ddress.req.vtl"}])
2020-12-14T17:26:21.391Z|info : amplify-provider-awscloudformation.aws-s3.uploadFile.s3.putObject([{"Key":"[***]ify-[***]ync-[***]es/[***]53505901ddc51013/[***]vers/[***]ddress.req.vtl","Bucket":"[***]ify-[***]minfo-[***]renv1-[***]ve-[***]23-[***]ment"}])
2020-12-14T17:26:21.393Z|info : amplify-provider-awscloudformation.upload-appsync-files.uploadAppSyncFiles.upload.s3Client.uploadFile([{"Key":"[***]vers/[***]ddress.res.vtl"}])
2020-12-14T17:26:21.393Z|info : amplify-provider-awscloudformation.aws-s3.uploadFile.s3.putObject([{"Key":"[***]ify-[***]ync-[***]es/[***]53505901ddc51013/[***]vers/[***]ddress.res.vtl","Bucket":"[***]ify-[***]minfo-[***]renv1-[***]ve-[***]23-[***]ment"}])
2020-12-14T17:26:21.395Z|info : amplify-provider-awscloudformation.upload-appsync-files.uploadAppSyncFiles.upload.s3Client.uploadFile([{"Key":"[***]vers/[***]nts.req.vtl"}])
2020-12-14T17:26:21.395Z|info : amplify-provider-awscloudformation.aws-s3.uploadFile.s3.putObject([{"Key":"[***]ify-[***]ync-[***]es/[***]53505901ddc51013/[***]vers/[***]nts.req.vtl","Bucket":"[***]ify-[***]minfo-[***]renv1-[***]ve-[***]23-[***]ment"}])
2020-12-14T17:26:21.397Z|info : amplify-provider-awscloudformation.upload-appsync-files.uploadAppSyncFiles.upload.s3Client.uploadFile([{"Key":"[***]vers/[***]nts.res.vtl"}])
2020-12-14T17:26:21.397Z|info : amplify-provider-awscloudformation.aws-s3.uploadFile.s3.putObject([{"Key":"[***]ify-[***]ync-[***]es/[***]53505901ddc51013/[***]vers/[***]nts.res.vtl","Bucket":"[***]ify-[***]minfo-[***]renv1-[***]ve-[***]23-[***]ment"}])
2020-12-14T17:26:21.398Z|info : amplify-provider-awscloudformation.upload-appsync-files.uploadAppSyncFiles.upload.s3Client.uploadFile([{"Key":"[***]vers/[***]ries.req.vtl"}])
2020-12-14T17:26:21.398Z|info : amplify-provider-awscloudformation.aws-s3.uploadFile.s3.putObject([{"Key":"[***]ify-[***]ync-[***]es/[***]53505901ddc51013/[***]vers/[***]ries.req.vtl","Bucket":"[***]ify-[***]minfo-[***]renv1-[***]ve-[***]23-[***]ment"}])
2020-12-14T17:26:21.399Z|info : amplify-provider-awscloudformation.upload-appsync-files.uploadAppSyncFiles.upload.s3Client.uploadFile([{"Key":"[***]vers/[***]ries.res.vtl"}])
2020-12-14T17:26:21.400Z|info : amplify-provider-awscloudformation.aws-s3.uploadFile.s3.putObject([{"Key":"[***]ify-[***]ync-[***]es/[***]53505901ddc51013/[***]vers/[***]ries.res.vtl","Bucket":"[***]ify-[***]minfo-[***]renv1-[***]ve-[***]23-[***]ment"}])
2020-12-14T17:26:21.400Z|info : amplify-provider-awscloudformation.upload-appsync-files.uploadAppSyncFiles.upload.s3Client.uploadFile([{"Key":"[***]vers/[***]s.req.vtl"}])
2020-12-14T17:26:21.401Z|info : amplify-provider-awscloudformation.aws-s3.uploadFile.s3.putObject([{"Key":"[***]ify-[***]ync-[***]es/[***]53505901ddc51013/[***]vers/[***]s.req.vtl","Bucket":"[***]ify-[***]minfo-[***]renv1-[***]ve-[***]23-[***]ment"}])
2020-12-14T17:26:21.402Z|info : amplify-provider-awscloudformation.upload-appsync-files.uploadAppSyncFiles.upload.s3Client.uploadFile([{"Key":"[***]vers/[***]s.res.vtl"}])
2020-12-14T17:26:21.402Z|info : amplify-provider-awscloudformation.aws-s3.uploadFile.s3.putObject([{"Key":"[***]ify-[***]ync-[***]es/[***]53505901ddc51013/[***]vers/[***]s.res.vtl","Bucket":"[***]ify-[***]minfo-[***]renv1-[***]ve-[***]23-[***]ment"}])
2020-12-14T17:26:21.403Z|info : amplify-provider-awscloudformation.upload-appsync-files.uploadAppSyncFiles.upload.s3Client.uploadFile([{"Key":"[***]vers/[***]rs.req.vtl"}])
2020-12-14T17:26:21.403Z|info : amplify-provider-awscloudformation.aws-s3.uploadFile.s3.putObject([{"Key":"[***]ify-[***]ync-[***]es/[***]53505901ddc51013/[***]vers/[***]rs.req.vtl","Bucket":"[***]ify-[***]minfo-[***]renv1-[***]ve-[***]23-[***]ment"}])
2020-12-14T17:26:21.404Z|info : amplify-provider-awscloudformation.upload-appsync-files.uploadAppSyncFiles.upload.s3Client.uploadFile([{"Key":"[***]vers/[***]rs.res.vtl"}])
2020-12-14T17:26:21.405Z|info : amplify-provider-awscloudformation.aws-s3.uploadFile.s3.putObject([{"Key":"[***]ify-[***]ync-[***]es/[***]53505901ddc51013/[***]vers/[***]rs.res.vtl","Bucket":"[***]ify-[***]minfo-[***]renv1-[***]ve-[***]23-[***]ment"}])
2020-12-14T17:26:21.406Z|info : amplify-provider-awscloudformation.upload-appsync-files.uploadAppSyncFiles.upload.s3Client.uploadFile([{"Key":"[***]raphql"}])
2020-12-14T17:26:21.406Z|info : amplify-provider-awscloudformation.aws-s3.uploadFile.s3.putObject([{"Key":"[***]ify-[***]ync-[***]es/[***]53505901ddc51013/[***]raphql","Bucket":"[***]ify-[***]minfo-[***]renv1-[***]ve-[***]23-[***]ment"}])
2020-12-14T17:26:21.407Z|info : amplify-provider-awscloudformation.upload-appsync-files.uploadAppSyncFiles.upload.s3Client.uploadFile([{"Key":"[***]cks/[***]ces.json"}])
2020-12-14T17:26:21.407Z|info : amplify-provider-awscloudformation.aws-s3.uploadFile.s3.putObject([{"Key":"[***]ify-[***]ync-[***]es/[***]53505901ddc51013/[***]cks/[***]ces.json","Bucket":"[***]ify-[***]minfo-[***]renv1-[***]ve-[***]23-[***]ment"}])
2020-12-14T17:26:25.763Z|info : amplify-provider-awscloudformation.aws-s3.uploadFile.s3.putObject([{"Key":"[***]ify-[***]fn-[***]ates/[***]age/[***]3-[***]mation-[***]e.json","Bucket":"[***]ify-[***]minfo-[***]renv1-[***]ve-[***]23-[***]ment"}])
2020-12-14T17:26:25.765Z|info : amplify-provider-awscloudformation.aws-s3.uploadFile.s3.putObject([{"Key":"[***]ify-[***]fn-[***]ates/[***]pi/[***]mation-[***]e.json","Bucket":"[***]ify-[***]minfo-[***]renv1-[***]ve-[***]23-[***]ment"}])
2020-12-14T17:26:28.147Z|info : amplify-provider-awscloudformation.push-resources.updateCloudFormationNestedStack(["/Users/zairvai/Documents/projects/kominfo/pesantren/amplify/backend/awscloudformation","/Users/zairvai/Documents/projects/kominfo/pesantren/amplify/backend/awscloudformation/nested-cloudformation-stack.yml"])
2020-12-14T17:26:28.158Z|info : amplify-provider-awscloudformation.aws-s3.uploadFile.s3.putObject([{"Key":"[***]ted-[***]mation-[***].yml","Bucket":"[***]ify-[***]minfo-[***]renv1-[***]ve-[***]23-[***]ment"}])
2020-12-14T17:29:36.994Z|info : amplify-provider-awscloudformation.push-resources.storeCurrentcoudBackend.s3.uploadFile([{"Key":"[***]rent-[***]ud-[***]d.zip"}])
2020-12-14T17:29:36.994Z|info : amplify-provider-awscloudformation.aws-s3.uploadFile.s3.putObject([{"Key":"[***]rent-[***]ud-[***]d.zip","Bucket":"[***]ify-[***]minfo-[***]renv1-[***]ve-[***]23-[***]ment"}])
2020-12-14T17:29:42.481Z|info : amplify-provider-awscloudformation.amplify-service-manager.s3.uploadFile([{"Key":"[***]ify-[***]json"}])
2020-12-14T17:29:42.481Z|info : amplify-provider-awscloudformation.aws-s3.uploadFile.s3.putObject([{"Key":"[***]ify-[***]json","Bucket":"[***]ify-[***]minfo-[***]renv1-[***]ve-[***]23-[***]ment"}])
2020-12-14T17:29:42.882Z|info : amplify-provider-awscloudformation.amplify-service-manager.s3.uploadFile([{"Key":"[***]end-[***].json"}])
2020-12-14T17:29:42.883Z|info : amplify-provider-awscloudformation.aws-s3.uploadFile.s3.putObject([{"Key":"[***]end-[***].json","Bucket":"[***]ify-[***]minfo-[***]renv1-[***]ve-[***]23-[***]ment"}])
