2020-12-14T01:32:46.359Z|info : amplify push core  
2020-12-14T01:32:58.303Z|info : amplify-provider-awscloudformation.zip-util.downloadZip.s3.getFile([{"Key":"[***]rent-[***]ud-[***]d.zip"},null])
2020-12-14T01:32:58.307Z|info : amplify-provider-awscloudformation.aws-s3.s3.getFile([{"Key":"[***]rent-[***]ud-[***]d.zip","Bucket":"[***]ify-[***]minfo-[***]renv1-[***]ve-[***]23-[***]ment"}])
2020-12-14T01:33:00.820Z|info : amplify-provider-awscloudformation.initialize-env.run.cfn.updateamplifyMetaFileWithStackOutputs([{"StackName":"[***]ify-[***]minfo-[***]renv1-[***]ve-[***]23"}])
2020-12-14T01:33:01.368Z|info : amplify-provider-awscloudformation.aws-s3.s3.getFile([{"Key":"[***]ify-[***]json","Bucket":"[***]ify-[***]minfo-[***]renv1-[***]ve-[***]23-[***]ment"}])
2020-12-14T01:33:06.114Z|info : amplify-provider-awscloudformation.upload-appsync-files.uploadAppSyncFiles.upload.s3Client.uploadFile([{"Key":"[***]mation-[***]e.json"}])
2020-12-14T01:33:06.116Z|info : amplify-provider-awscloudformation.aws-s3.uploadFile.s3.putObject([{"Key":"[***]ify-[***]ync-[***]es/[***]66bce3e80b48920e/[***]mation-[***]e.json","Bucket":"[***]ify-[***]minfo-[***]renv1-[***]ve-[***]23-[***]ment"}])
2020-12-14T01:33:06.119Z|info : amplify-provider-awscloudformation.upload-appsync-files.uploadAppSyncFiles.upload.s3Client.uploadFile([{"Key":"[***]s.json"}])
2020-12-14T01:33:06.119Z|info : amplify-provider-awscloudformation.aws-s3.uploadFile.s3.putObject([{"Key":"[***]ify-[***]ync-[***]es/[***]66bce3e80b48920e/[***]s.json","Bucket":"[***]ify-[***]minfo-[***]renv1-[***]ve-[***]23-[***]ment"}])
2020-12-14T01:33:06.121Z|info : amplify-provider-awscloudformation.upload-appsync-files.uploadAppSyncFiles.upload.s3Client.uploadFile([{"Key":"[***]vers/[***]e.user.req.vtl"}])
2020-12-14T01:33:06.121Z|info : amplify-provider-awscloudformation.aws-s3.uploadFile.s3.putObject([{"Key":"[***]ify-[***]ync-[***]es/[***]66bce3e80b48920e/[***]vers/[***]e.user.req.vtl","Bucket":"[***]ify-[***]minfo-[***]renv1-[***]ve-[***]23-[***]ment"}])
2020-12-14T01:33:06.124Z|info : amplify-provider-awscloudformation.upload-appsync-files.uploadAppSyncFiles.upload.s3Client.uploadFile([{"Key":"[***]vers/[***]e.user.res.vtl"}])
2020-12-14T01:33:06.124Z|info : amplify-provider-awscloudformation.aws-s3.uploadFile.s3.putObject([{"Key":"[***]ify-[***]ync-[***]es/[***]66bce3e80b48920e/[***]vers/[***]e.user.res.vtl","Bucket":"[***]ify-[***]minfo-[***]renv1-[***]ve-[***]23-[***]ment"}])
2020-12-14T01:33:06.126Z|info : amplify-provider-awscloudformation.upload-appsync-files.uploadAppSyncFiles.upload.s3Client.uploadFile([{"Key":"[***]vers/[***]rAccount.req.vtl"}])
2020-12-14T01:33:06.126Z|info : amplify-provider-awscloudformation.aws-s3.uploadFile.s3.putObject([{"Key":"[***]ify-[***]ync-[***]es/[***]66bce3e80b48920e/[***]vers/[***]rAccount.req.vtl","Bucket":"[***]ify-[***]minfo-[***]renv1-[***]ve-[***]23-[***]ment"}])
2020-12-14T01:33:06.129Z|info : amplify-provider-awscloudformation.upload-appsync-files.uploadAppSyncFiles.upload.s3Client.uploadFile([{"Key":"[***]vers/[***]rAccount.res.vtl"}])
2020-12-14T01:33:06.130Z|info : amplify-provider-awscloudformation.aws-s3.uploadFile.s3.putObject([{"Key":"[***]ify-[***]ync-[***]es/[***]66bce3e80b48920e/[***]vers/[***]rAccount.res.vtl","Bucket":"[***]ify-[***]minfo-[***]renv1-[***]ve-[***]23-[***]ment"}])
2020-12-14T01:33:06.131Z|info : amplify-provider-awscloudformation.upload-appsync-files.uploadAppSyncFiles.upload.s3Client.uploadFile([{"Key":"[***]vers/[***]Item.req.vtl"}])
2020-12-14T01:33:06.131Z|info : amplify-provider-awscloudformation.aws-s3.uploadFile.s3.putObject([{"Key":"[***]ify-[***]ync-[***]es/[***]66bce3e80b48920e/[***]vers/[***]Item.req.vtl","Bucket":"[***]ify-[***]minfo-[***]renv1-[***]ve-[***]23-[***]ment"}])
2020-12-14T01:33:06.133Z|info : amplify-provider-awscloudformation.upload-appsync-files.uploadAppSyncFiles.upload.s3Client.uploadFile([{"Key":"[***]vers/[***]Item.res.vtl"}])
2020-12-14T01:33:06.133Z|info : amplify-provider-awscloudformation.aws-s3.uploadFile.s3.putObject([{"Key":"[***]ify-[***]ync-[***]es/[***]66bce3e80b48920e/[***]vers/[***]Item.res.vtl","Bucket":"[***]ify-[***]minfo-[***]renv1-[***]ve-[***]23-[***]ment"}])
2020-12-14T01:33:06.136Z|info : amplify-provider-awscloudformation.upload-appsync-files.uploadAppSyncFiles.upload.s3Client.uploadFile([{"Key":"[***]vers/[***]tem.req.vtl"}])
2020-12-14T01:33:06.136Z|info : amplify-provider-awscloudformation.aws-s3.uploadFile.s3.putObject([{"Key":"[***]ify-[***]ync-[***]es/[***]66bce3e80b48920e/[***]vers/[***]tem.req.vtl","Bucket":"[***]ify-[***]minfo-[***]renv1-[***]ve-[***]23-[***]ment"}])
2020-12-14T01:33:06.138Z|info : amplify-provider-awscloudformation.upload-appsync-files.uploadAppSyncFiles.upload.s3Client.uploadFile([{"Key":"[***]vers/[***]tem.res.vtl"}])
2020-12-14T01:33:06.138Z|info : amplify-provider-awscloudformation.aws-s3.uploadFile.s3.putObject([{"Key":"[***]ify-[***]ync-[***]es/[***]66bce3e80b48920e/[***]vers/[***]tem.res.vtl","Bucket":"[***]ify-[***]minfo-[***]renv1-[***]ve-[***]23-[***]ment"}])
2020-12-14T01:33:06.141Z|info : amplify-provider-awscloudformation.upload-appsync-files.uploadAppSyncFiles.upload.s3Client.uploadFile([{"Key":"[***]vers/[***]em.req.vtl"}])
2020-12-14T01:33:06.141Z|info : amplify-provider-awscloudformation.aws-s3.uploadFile.s3.putObject([{"Key":"[***]ify-[***]ync-[***]es/[***]66bce3e80b48920e/[***]vers/[***]em.req.vtl","Bucket":"[***]ify-[***]minfo-[***]renv1-[***]ve-[***]23-[***]ment"}])
2020-12-14T01:33:06.143Z|info : amplify-provider-awscloudformation.upload-appsync-files.uploadAppSyncFiles.upload.s3Client.uploadFile([{"Key":"[***]vers/[***]em.res.vtl"}])
2020-12-14T01:33:06.143Z|info : amplify-provider-awscloudformation.aws-s3.uploadFile.s3.putObject([{"Key":"[***]ify-[***]ync-[***]es/[***]66bce3e80b48920e/[***]vers/[***]em.res.vtl","Bucket":"[***]ify-[***]minfo-[***]renv1-[***]ve-[***]23-[***]ment"}])
2020-12-14T01:33:06.144Z|info : amplify-provider-awscloudformation.upload-appsync-files.uploadAppSyncFiles.upload.s3Client.uploadFile([{"Key":"[***]vers/[***]nager.req.vtl"}])
2020-12-14T01:33:06.144Z|info : amplify-provider-awscloudformation.aws-s3.uploadFile.s3.putObject([{"Key":"[***]ify-[***]ync-[***]es/[***]66bce3e80b48920e/[***]vers/[***]nager.req.vtl","Bucket":"[***]ify-[***]minfo-[***]renv1-[***]ve-[***]23-[***]ment"}])
2020-12-14T01:33:06.146Z|info : amplify-provider-awscloudformation.upload-appsync-files.uploadAppSyncFiles.upload.s3Client.uploadFile([{"Key":"[***]vers/[***]nager.res.vtl"}])
2020-12-14T01:33:06.146Z|info : amplify-provider-awscloudformation.aws-s3.uploadFile.s3.putObject([{"Key":"[***]ify-[***]ync-[***]es/[***]66bce3e80b48920e/[***]vers/[***]nager.res.vtl","Bucket":"[***]ify-[***]minfo-[***]renv1-[***]ve-[***]23-[***]ment"}])
2020-12-14T01:33:06.148Z|info : amplify-provider-awscloudformation.upload-appsync-files.uploadAppSyncFiles.upload.s3Client.uploadFile([{"Key":"[***]vers/[***]em.req.vtl"}])
2020-12-14T01:33:06.148Z|info : amplify-provider-awscloudformation.aws-s3.uploadFile.s3.putObject([{"Key":"[***]ify-[***]ync-[***]es/[***]66bce3e80b48920e/[***]vers/[***]em.req.vtl","Bucket":"[***]ify-[***]minfo-[***]renv1-[***]ve-[***]23-[***]ment"}])
2020-12-14T01:33:06.149Z|info : amplify-provider-awscloudformation.upload-appsync-files.uploadAppSyncFiles.upload.s3Client.uploadFile([{"Key":"[***]vers/[***]em.res.vtl"}])
2020-12-14T01:33:06.149Z|info : amplify-provider-awscloudformation.aws-s3.uploadFile.s3.putObject([{"Key":"[***]ify-[***]ync-[***]es/[***]66bce3e80b48920e/[***]vers/[***]em.res.vtl","Bucket":"[***]ify-[***]minfo-[***]renv1-[***]ve-[***]23-[***]ment"}])
2020-12-14T01:33:06.153Z|info : amplify-provider-awscloudformation.upload-appsync-files.uploadAppSyncFiles.upload.s3Client.uploadFile([{"Key":"[***]vers/[***]ager.req.vtl"}])
2020-12-14T01:33:06.153Z|info : amplify-provider-awscloudformation.aws-s3.uploadFile.s3.putObject([{"Key":"[***]ify-[***]ync-[***]es/[***]66bce3e80b48920e/[***]vers/[***]ager.req.vtl","Bucket":"[***]ify-[***]minfo-[***]renv1-[***]ve-[***]23-[***]ment"}])
2020-12-14T01:33:06.155Z|info : amplify-provider-awscloudformation.upload-appsync-files.uploadAppSyncFiles.upload.s3Client.uploadFile([{"Key":"[***]vers/[***]ager.res.vtl"}])
2020-12-14T01:33:06.155Z|info : amplify-provider-awscloudformation.aws-s3.uploadFile.s3.putObject([{"Key":"[***]ify-[***]ync-[***]es/[***]66bce3e80b48920e/[***]vers/[***]ager.res.vtl","Bucket":"[***]ify-[***]minfo-[***]renv1-[***]ve-[***]23-[***]ment"}])
2020-12-14T01:33:06.158Z|info : amplify-provider-awscloudformation.upload-appsync-files.uploadAppSyncFiles.upload.s3Client.uploadFile([{"Key":"[***]vers/[***]tem.req.vtl"}])
2020-12-14T01:33:06.159Z|info : amplify-provider-awscloudformation.aws-s3.uploadFile.s3.putObject([{"Key":"[***]ify-[***]ync-[***]es/[***]66bce3e80b48920e/[***]vers/[***]tem.req.vtl","Bucket":"[***]ify-[***]minfo-[***]renv1-[***]ve-[***]23-[***]ment"}])
2020-12-14T01:33:06.160Z|info : amplify-provider-awscloudformation.upload-appsync-files.uploadAppSyncFiles.upload.s3Client.uploadFile([{"Key":"[***]vers/[***]tem.res.vtl"}])
2020-12-14T01:33:06.161Z|info : amplify-provider-awscloudformation.aws-s3.uploadFile.s3.putObject([{"Key":"[***]ify-[***]ync-[***]es/[***]66bce3e80b48920e/[***]vers/[***]tem.res.vtl","Bucket":"[***]ify-[***]minfo-[***]renv1-[***]ve-[***]23-[***]ment"}])
2020-12-14T01:33:06.163Z|info : amplify-provider-awscloudformation.upload-appsync-files.uploadAppSyncFiles.upload.s3Client.uploadFile([{"Key":"[***]vers/[***]y.req.vtl"}])
2020-12-14T01:33:06.163Z|info : amplify-provider-awscloudformation.aws-s3.uploadFile.s3.putObject([{"Key":"[***]ify-[***]ync-[***]es/[***]66bce3e80b48920e/[***]vers/[***]y.req.vtl","Bucket":"[***]ify-[***]minfo-[***]renv1-[***]ve-[***]23-[***]ment"}])
2020-12-14T01:33:06.165Z|info : amplify-provider-awscloudformation.upload-appsync-files.uploadAppSyncFiles.upload.s3Client.uploadFile([{"Key":"[***]vers/[***]y.res.vtl"}])
2020-12-14T01:33:06.166Z|info : amplify-provider-awscloudformation.aws-s3.uploadFile.s3.putObject([{"Key":"[***]ify-[***]ync-[***]es/[***]66bce3e80b48920e/[***]vers/[***]y.res.vtl","Bucket":"[***]ify-[***]minfo-[***]renv1-[***]ve-[***]23-[***]ment"}])
2020-12-14T01:33:06.168Z|info : amplify-provider-awscloudformation.upload-appsync-files.uploadAppSyncFiles.upload.s3Client.uploadFile([{"Key":"[***]vers/[***]em.req.vtl"}])
2020-12-14T01:33:06.168Z|info : amplify-provider-awscloudformation.aws-s3.uploadFile.s3.putObject([{"Key":"[***]ify-[***]ync-[***]es/[***]66bce3e80b48920e/[***]vers/[***]em.req.vtl","Bucket":"[***]ify-[***]minfo-[***]renv1-[***]ve-[***]23-[***]ment"}])
2020-12-14T01:33:06.170Z|info : amplify-provider-awscloudformation.upload-appsync-files.uploadAppSyncFiles.upload.s3Client.uploadFile([{"Key":"[***]vers/[***]em.res.vtl"}])
2020-12-14T01:33:06.170Z|info : amplify-provider-awscloudformation.aws-s3.uploadFile.s3.putObject([{"Key":"[***]ify-[***]ync-[***]es/[***]66bce3e80b48920e/[***]vers/[***]em.res.vtl","Bucket":"[***]ify-[***]minfo-[***]renv1-[***]ve-[***]23-[***]ment"}])
2020-12-14T01:33:06.172Z|info : amplify-provider-awscloudformation.upload-appsync-files.uploadAppSyncFiles.upload.s3Client.uploadFile([{"Key":"[***]vers/[***].req.vtl"}])
2020-12-14T01:33:06.172Z|info : amplify-provider-awscloudformation.aws-s3.uploadFile.s3.putObject([{"Key":"[***]ify-[***]ync-[***]es/[***]66bce3e80b48920e/[***]vers/[***].req.vtl","Bucket":"[***]ify-[***]minfo-[***]renv1-[***]ve-[***]23-[***]ment"}])
2020-12-14T01:33:06.175Z|info : amplify-provider-awscloudformation.upload-appsync-files.uploadAppSyncFiles.upload.s3Client.uploadFile([{"Key":"[***]vers/[***].res.vtl"}])
2020-12-14T01:33:06.175Z|info : amplify-provider-awscloudformation.aws-s3.uploadFile.s3.putObject([{"Key":"[***]ify-[***]ync-[***]es/[***]66bce3e80b48920e/[***]vers/[***].res.vtl","Bucket":"[***]ify-[***]minfo-[***]renv1-[***]ve-[***]23-[***]ment"}])
2020-12-14T01:33:06.176Z|info : amplify-provider-awscloudformation.upload-appsync-files.uploadAppSyncFiles.upload.s3Client.uploadFile([{"Key":"[***]vers/[***]y.req.vtl"}])
2020-12-14T01:33:06.177Z|info : amplify-provider-awscloudformation.aws-s3.uploadFile.s3.putObject([{"Key":"[***]ify-[***]ync-[***]es/[***]66bce3e80b48920e/[***]vers/[***]y.req.vtl","Bucket":"[***]ify-[***]minfo-[***]renv1-[***]ve-[***]23-[***]ment"}])
2020-12-14T01:33:06.179Z|info : amplify-provider-awscloudformation.upload-appsync-files.uploadAppSyncFiles.upload.s3Client.uploadFile([{"Key":"[***]vers/[***]y.res.vtl"}])
2020-12-14T01:33:06.179Z|info : amplify-provider-awscloudformation.aws-s3.uploadFile.s3.putObject([{"Key":"[***]ify-[***]ync-[***]es/[***]66bce3e80b48920e/[***]vers/[***]y.res.vtl","Bucket":"[***]ify-[***]minfo-[***]renv1-[***]ve-[***]23-[***]ment"}])
2020-12-14T01:33:06.181Z|info : amplify-provider-awscloudformation.upload-appsync-files.uploadAppSyncFiles.upload.s3Client.uploadFile([{"Key":"[***]vers/[***]tems.req.vtl"}])
2020-12-14T01:33:06.181Z|info : amplify-provider-awscloudformation.aws-s3.uploadFile.s3.putObject([{"Key":"[***]ify-[***]ync-[***]es/[***]66bce3e80b48920e/[***]vers/[***]tems.req.vtl","Bucket":"[***]ify-[***]minfo-[***]renv1-[***]ve-[***]23-[***]ment"}])
2020-12-14T01:33:06.183Z|info : amplify-provider-awscloudformation.upload-appsync-files.uploadAppSyncFiles.upload.s3Client.uploadFile([{"Key":"[***]vers/[***]tems.res.vtl"}])
2020-12-14T01:33:06.183Z|info : amplify-provider-awscloudformation.aws-s3.uploadFile.s3.putObject([{"Key":"[***]ify-[***]ync-[***]es/[***]66bce3e80b48920e/[***]vers/[***]tems.res.vtl","Bucket":"[***]ify-[***]minfo-[***]renv1-[***]ve-[***]23-[***]ment"}])
2020-12-14T01:33:06.185Z|info : amplify-provider-awscloudformation.upload-appsync-files.uploadAppSyncFiles.upload.s3Client.uploadFile([{"Key":"[***]vers/[***]ount.req.vtl"}])
2020-12-14T01:33:06.185Z|info : amplify-provider-awscloudformation.aws-s3.uploadFile.s3.putObject([{"Key":"[***]ify-[***]ync-[***]es/[***]66bce3e80b48920e/[***]vers/[***]ount.req.vtl","Bucket":"[***]ify-[***]minfo-[***]renv1-[***]ve-[***]23-[***]ment"}])
2020-12-14T01:33:06.187Z|info : amplify-provider-awscloudformation.upload-appsync-files.uploadAppSyncFiles.upload.s3Client.uploadFile([{"Key":"[***]vers/[***]ount.res.vtl"}])
2020-12-14T01:33:06.187Z|info : amplify-provider-awscloudformation.aws-s3.uploadFile.s3.putObject([{"Key":"[***]ify-[***]ync-[***]es/[***]66bce3e80b48920e/[***]vers/[***]ount.res.vtl","Bucket":"[***]ify-[***]minfo-[***]renv1-[***]ve-[***]23-[***]ment"}])
2020-12-14T01:33:06.189Z|info : amplify-provider-awscloudformation.upload-appsync-files.uploadAppSyncFiles.upload.s3Client.uploadFile([{"Key":"[***]vers/[***]egory.req.vtl"}])
2020-12-14T01:33:06.189Z|info : amplify-provider-awscloudformation.aws-s3.uploadFile.s3.putObject([{"Key":"[***]ify-[***]ync-[***]es/[***]66bce3e80b48920e/[***]vers/[***]egory.req.vtl","Bucket":"[***]ify-[***]minfo-[***]renv1-[***]ve-[***]23-[***]ment"}])
2020-12-14T01:33:06.191Z|info : amplify-provider-awscloudformation.upload-appsync-files.uploadAppSyncFiles.upload.s3Client.uploadFile([{"Key":"[***]vers/[***]egory.res.vtl"}])
2020-12-14T01:33:06.191Z|info : amplify-provider-awscloudformation.aws-s3.uploadFile.s3.putObject([{"Key":"[***]ify-[***]ync-[***]es/[***]66bce3e80b48920e/[***]vers/[***]egory.res.vtl","Bucket":"[***]ify-[***]minfo-[***]renv1-[***]ve-[***]23-[***]ment"}])
2020-12-14T01:33:06.193Z|info : amplify-provider-awscloudformation.upload-appsync-files.uploadAppSyncFiles.upload.s3Client.uploadFile([{"Key":"[***]vers/[***]Tag.req.vtl"}])
2020-12-14T01:33:06.193Z|info : amplify-provider-awscloudformation.aws-s3.uploadFile.s3.putObject([{"Key":"[***]ify-[***]ync-[***]es/[***]66bce3e80b48920e/[***]vers/[***]Tag.req.vtl","Bucket":"[***]ify-[***]minfo-[***]renv1-[***]ve-[***]23-[***]ment"}])
2020-12-14T01:33:06.195Z|info : amplify-provider-awscloudformation.upload-appsync-files.uploadAppSyncFiles.upload.s3Client.uploadFile([{"Key":"[***]vers/[***]Tag.res.vtl"}])
2020-12-14T01:33:06.195Z|info : amplify-provider-awscloudformation.aws-s3.uploadFile.s3.putObject([{"Key":"[***]ify-[***]ync-[***]es/[***]66bce3e80b48920e/[***]vers/[***]Tag.res.vtl","Bucket":"[***]ify-[***]minfo-[***]renv1-[***]ve-[***]23-[***]ment"}])
2020-12-14T01:33:06.197Z|info : amplify-provider-awscloudformation.upload-appsync-files.uploadAppSyncFiles.upload.s3Client.uploadFile([{"Key":"[***]vers/[***]ser.req.vtl"}])
2020-12-14T01:33:06.197Z|info : amplify-provider-awscloudformation.aws-s3.uploadFile.s3.putObject([{"Key":"[***]ify-[***]ync-[***]es/[***]66bce3e80b48920e/[***]vers/[***]ser.req.vtl","Bucket":"[***]ify-[***]minfo-[***]renv1-[***]ve-[***]23-[***]ment"}])
2020-12-14T01:33:06.199Z|info : amplify-provider-awscloudformation.upload-appsync-files.uploadAppSyncFiles.upload.s3Client.uploadFile([{"Key":"[***]vers/[***]ser.res.vtl"}])
2020-12-14T01:33:06.199Z|info : amplify-provider-awscloudformation.aws-s3.uploadFile.s3.putObject([{"Key":"[***]ify-[***]ync-[***]es/[***]66bce3e80b48920e/[***]vers/[***]ser.res.vtl","Bucket":"[***]ify-[***]minfo-[***]renv1-[***]ve-[***]23-[***]ment"}])
2020-12-14T01:33:06.201Z|info : amplify-provider-awscloudformation.upload-appsync-files.uploadAppSyncFiles.upload.s3Client.uploadFile([{"Key":"[***]vers/[***]ount.req.vtl"}])
2020-12-14T01:33:06.201Z|info : amplify-provider-awscloudformation.aws-s3.uploadFile.s3.putObject([{"Key":"[***]ify-[***]ync-[***]es/[***]66bce3e80b48920e/[***]vers/[***]ount.req.vtl","Bucket":"[***]ify-[***]minfo-[***]renv1-[***]ve-[***]23-[***]ment"}])
2020-12-14T01:33:06.202Z|info : amplify-provider-awscloudformation.upload-appsync-files.uploadAppSyncFiles.upload.s3Client.uploadFile([{"Key":"[***]vers/[***]ount.res.vtl"}])
2020-12-14T01:33:06.202Z|info : amplify-provider-awscloudformation.aws-s3.uploadFile.s3.putObject([{"Key":"[***]ify-[***]ync-[***]es/[***]66bce3e80b48920e/[***]vers/[***]ount.res.vtl","Bucket":"[***]ify-[***]minfo-[***]renv1-[***]ve-[***]23-[***]ment"}])
2020-12-14T01:33:06.204Z|info : amplify-provider-awscloudformation.upload-appsync-files.uploadAppSyncFiles.upload.s3Client.uploadFile([{"Key":"[***]vers/[***]egory.req.vtl"}])
2020-12-14T01:33:06.205Z|info : amplify-provider-awscloudformation.aws-s3.uploadFile.s3.putObject([{"Key":"[***]ify-[***]ync-[***]es/[***]66bce3e80b48920e/[***]vers/[***]egory.req.vtl","Bucket":"[***]ify-[***]minfo-[***]renv1-[***]ve-[***]23-[***]ment"}])
2020-12-14T01:33:06.206Z|info : amplify-provider-awscloudformation.upload-appsync-files.uploadAppSyncFiles.upload.s3Client.uploadFile([{"Key":"[***]vers/[***]egory.res.vtl"}])
2020-12-14T01:33:06.207Z|info : amplify-provider-awscloudformation.aws-s3.uploadFile.s3.putObject([{"Key":"[***]ify-[***]ync-[***]es/[***]66bce3e80b48920e/[***]vers/[***]egory.res.vtl","Bucket":"[***]ify-[***]minfo-[***]renv1-[***]ve-[***]23-[***]ment"}])
2020-12-14T01:33:06.208Z|info : amplify-provider-awscloudformation.upload-appsync-files.uploadAppSyncFiles.upload.s3Client.uploadFile([{"Key":"[***]vers/[***]Tag.req.vtl"}])
2020-12-14T01:33:06.209Z|info : amplify-provider-awscloudformation.aws-s3.uploadFile.s3.putObject([{"Key":"[***]ify-[***]ync-[***]es/[***]66bce3e80b48920e/[***]vers/[***]Tag.req.vtl","Bucket":"[***]ify-[***]minfo-[***]renv1-[***]ve-[***]23-[***]ment"}])
2020-12-14T01:33:06.210Z|info : amplify-provider-awscloudformation.upload-appsync-files.uploadAppSyncFiles.upload.s3Client.uploadFile([{"Key":"[***]vers/[***]Tag.res.vtl"}])
2020-12-14T01:33:06.211Z|info : amplify-provider-awscloudformation.aws-s3.uploadFile.s3.putObject([{"Key":"[***]ify-[***]ync-[***]es/[***]66bce3e80b48920e/[***]vers/[***]Tag.res.vtl","Bucket":"[***]ify-[***]minfo-[***]renv1-[***]ve-[***]23-[***]ment"}])
2020-12-14T01:33:06.212Z|info : amplify-provider-awscloudformation.upload-appsync-files.uploadAppSyncFiles.upload.s3Client.uploadFile([{"Key":"[***]vers/[***]ser.req.vtl"}])
2020-12-14T01:33:06.212Z|info : amplify-provider-awscloudformation.aws-s3.uploadFile.s3.putObject([{"Key":"[***]ify-[***]ync-[***]es/[***]66bce3e80b48920e/[***]vers/[***]ser.req.vtl","Bucket":"[***]ify-[***]minfo-[***]renv1-[***]ve-[***]23-[***]ment"}])
2020-12-14T01:33:06.214Z|info : amplify-provider-awscloudformation.upload-appsync-files.uploadAppSyncFiles.upload.s3Client.uploadFile([{"Key":"[***]vers/[***]ser.res.vtl"}])
2020-12-14T01:33:06.214Z|info : amplify-provider-awscloudformation.aws-s3.uploadFile.s3.putObject([{"Key":"[***]ify-[***]ync-[***]es/[***]66bce3e80b48920e/[***]vers/[***]ser.res.vtl","Bucket":"[***]ify-[***]minfo-[***]renv1-[***]ve-[***]23-[***]ment"}])
2020-12-14T01:33:06.216Z|info : amplify-provider-awscloudformation.upload-appsync-files.uploadAppSyncFiles.upload.s3Client.uploadFile([{"Key":"[***]vers/[***]queUrl.req.vtl"}])
2020-12-14T01:33:06.216Z|info : amplify-provider-awscloudformation.aws-s3.uploadFile.s3.putObject([{"Key":"[***]ify-[***]ync-[***]es/[***]66bce3e80b48920e/[***]vers/[***]queUrl.req.vtl","Bucket":"[***]ify-[***]minfo-[***]renv1-[***]ve-[***]23-[***]ment"}])
2020-12-14T01:33:06.218Z|info : amplify-provider-awscloudformation.upload-appsync-files.uploadAppSyncFiles.upload.s3Client.uploadFile([{"Key":"[***]vers/[***]queUrl.res.vtl"}])
2020-12-14T01:33:06.218Z|info : amplify-provider-awscloudformation.aws-s3.uploadFile.s3.putObject([{"Key":"[***]ify-[***]ync-[***]es/[***]66bce3e80b48920e/[***]vers/[***]queUrl.res.vtl","Bucket":"[***]ify-[***]minfo-[***]renv1-[***]ve-[***]23-[***]ment"}])
2020-12-14T01:33:06.220Z|info : amplify-provider-awscloudformation.upload-appsync-files.uploadAppSyncFiles.upload.s3Client.uploadFile([{"Key":"[***]vers/[***]ddress.req.vtl"}])
2020-12-14T01:33:06.220Z|info : amplify-provider-awscloudformation.aws-s3.uploadFile.s3.putObject([{"Key":"[***]ify-[***]ync-[***]es/[***]66bce3e80b48920e/[***]vers/[***]ddress.req.vtl","Bucket":"[***]ify-[***]minfo-[***]renv1-[***]ve-[***]23-[***]ment"}])
2020-12-14T01:33:06.222Z|info : amplify-provider-awscloudformation.upload-appsync-files.uploadAppSyncFiles.upload.s3Client.uploadFile([{"Key":"[***]vers/[***]ddress.res.vtl"}])
2020-12-14T01:33:06.222Z|info : amplify-provider-awscloudformation.aws-s3.uploadFile.s3.putObject([{"Key":"[***]ify-[***]ync-[***]es/[***]66bce3e80b48920e/[***]vers/[***]ddress.res.vtl","Bucket":"[***]ify-[***]minfo-[***]renv1-[***]ve-[***]23-[***]ment"}])
2020-12-14T01:33:06.224Z|info : amplify-provider-awscloudformation.upload-appsync-files.uploadAppSyncFiles.upload.s3Client.uploadFile([{"Key":"[***]vers/[***]nts.req.vtl"}])
2020-12-14T01:33:06.224Z|info : amplify-provider-awscloudformation.aws-s3.uploadFile.s3.putObject([{"Key":"[***]ify-[***]ync-[***]es/[***]66bce3e80b48920e/[***]vers/[***]nts.req.vtl","Bucket":"[***]ify-[***]minfo-[***]renv1-[***]ve-[***]23-[***]ment"}])
2020-12-14T01:33:06.226Z|info : amplify-provider-awscloudformation.upload-appsync-files.uploadAppSyncFiles.upload.s3Client.uploadFile([{"Key":"[***]vers/[***]nts.res.vtl"}])
2020-12-14T01:33:06.226Z|info : amplify-provider-awscloudformation.aws-s3.uploadFile.s3.putObject([{"Key":"[***]ify-[***]ync-[***]es/[***]66bce3e80b48920e/[***]vers/[***]nts.res.vtl","Bucket":"[***]ify-[***]minfo-[***]renv1-[***]ve-[***]23-[***]ment"}])
2020-12-14T01:33:06.227Z|info : amplify-provider-awscloudformation.upload-appsync-files.uploadAppSyncFiles.upload.s3Client.uploadFile([{"Key":"[***]vers/[***]ries.req.vtl"}])
2020-12-14T01:33:06.227Z|info : amplify-provider-awscloudformation.aws-s3.uploadFile.s3.putObject([{"Key":"[***]ify-[***]ync-[***]es/[***]66bce3e80b48920e/[***]vers/[***]ries.req.vtl","Bucket":"[***]ify-[***]minfo-[***]renv1-[***]ve-[***]23-[***]ment"}])
2020-12-14T01:33:06.228Z|info : amplify-provider-awscloudformation.upload-appsync-files.uploadAppSyncFiles.upload.s3Client.uploadFile([{"Key":"[***]vers/[***]ries.res.vtl"}])
2020-12-14T01:33:06.229Z|info : amplify-provider-awscloudformation.aws-s3.uploadFile.s3.putObject([{"Key":"[***]ify-[***]ync-[***]es/[***]66bce3e80b48920e/[***]vers/[***]ries.res.vtl","Bucket":"[***]ify-[***]minfo-[***]renv1-[***]ve-[***]23-[***]ment"}])
2020-12-14T01:33:06.230Z|info : amplify-provider-awscloudformation.upload-appsync-files.uploadAppSyncFiles.upload.s3Client.uploadFile([{"Key":"[***]vers/[***]s.req.vtl"}])
2020-12-14T01:33:06.230Z|info : amplify-provider-awscloudformation.aws-s3.uploadFile.s3.putObject([{"Key":"[***]ify-[***]ync-[***]es/[***]66bce3e80b48920e/[***]vers/[***]s.req.vtl","Bucket":"[***]ify-[***]minfo-[***]renv1-[***]ve-[***]23-[***]ment"}])
2020-12-14T01:33:06.231Z|info : amplify-provider-awscloudformation.upload-appsync-files.uploadAppSyncFiles.upload.s3Client.uploadFile([{"Key":"[***]vers/[***]s.res.vtl"}])
2020-12-14T01:33:06.231Z|info : amplify-provider-awscloudformation.aws-s3.uploadFile.s3.putObject([{"Key":"[***]ify-[***]ync-[***]es/[***]66bce3e80b48920e/[***]vers/[***]s.res.vtl","Bucket":"[***]ify-[***]minfo-[***]renv1-[***]ve-[***]23-[***]ment"}])
2020-12-14T01:33:06.232Z|info : amplify-provider-awscloudformation.upload-appsync-files.uploadAppSyncFiles.upload.s3Client.uploadFile([{"Key":"[***]vers/[***]rs.req.vtl"}])
2020-12-14T01:33:06.232Z|info : amplify-provider-awscloudformation.aws-s3.uploadFile.s3.putObject([{"Key":"[***]ify-[***]ync-[***]es/[***]66bce3e80b48920e/[***]vers/[***]rs.req.vtl","Bucket":"[***]ify-[***]minfo-[***]renv1-[***]ve-[***]23-[***]ment"}])
2020-12-14T01:33:06.233Z|info : amplify-provider-awscloudformation.upload-appsync-files.uploadAppSyncFiles.upload.s3Client.uploadFile([{"Key":"[***]vers/[***]rs.res.vtl"}])
2020-12-14T01:33:06.234Z|info : amplify-provider-awscloudformation.aws-s3.uploadFile.s3.putObject([{"Key":"[***]ify-[***]ync-[***]es/[***]66bce3e80b48920e/[***]vers/[***]rs.res.vtl","Bucket":"[***]ify-[***]minfo-[***]renv1-[***]ve-[***]23-[***]ment"}])
2020-12-14T01:33:06.235Z|info : amplify-provider-awscloudformation.upload-appsync-files.uploadAppSyncFiles.upload.s3Client.uploadFile([{"Key":"[***]raphql"}])
2020-12-14T01:33:06.235Z|info : amplify-provider-awscloudformation.aws-s3.uploadFile.s3.putObject([{"Key":"[***]ify-[***]ync-[***]es/[***]66bce3e80b48920e/[***]raphql","Bucket":"[***]ify-[***]minfo-[***]renv1-[***]ve-[***]23-[***]ment"}])
2020-12-14T01:33:06.236Z|info : amplify-provider-awscloudformation.upload-appsync-files.uploadAppSyncFiles.upload.s3Client.uploadFile([{"Key":"[***]cks/[***]ces.json"}])
2020-12-14T01:33:06.236Z|info : amplify-provider-awscloudformation.aws-s3.uploadFile.s3.putObject([{"Key":"[***]ify-[***]ync-[***]es/[***]66bce3e80b48920e/[***]cks/[***]ces.json","Bucket":"[***]ify-[***]minfo-[***]renv1-[***]ve-[***]23-[***]ment"}])
2020-12-14T01:33:08.449Z|info : amplify-provider-awscloudformation.aws-s3.uploadFile.s3.putObject([{"Key":"[***]ify-[***]fn-[***]ates/[***]pi/[***]mation-[***]e.json","Bucket":"[***]ify-[***]minfo-[***]renv1-[***]ve-[***]23-[***]ment"}])
2020-12-14T01:33:11.019Z|info : amplify-provider-awscloudformation.push-resources.updateCloudFormationNestedStack(["/Users/zairvai/Documents/projects/kominfo/pesantren/amplify/backend/awscloudformation","/Users/zairvai/Documents/projects/kominfo/pesantren/amplify/backend/awscloudformation/nested-cloudformation-stack.yml"])
2020-12-14T01:33:11.025Z|info : amplify-provider-awscloudformation.aws-s3.uploadFile.s3.putObject([{"Key":"[***]ted-[***]mation-[***].yml","Bucket":"[***]ify-[***]minfo-[***]renv1-[***]ve-[***]23-[***]ment"}])
2020-12-14T01:36:15.581Z|info : amplify-provider-awscloudformation.push-resources.storeCurrentcoudBackend.s3.uploadFile([{"Key":"[***]rent-[***]ud-[***]d.zip"}])
2020-12-14T01:36:15.582Z|info : amplify-provider-awscloudformation.aws-s3.uploadFile.s3.putObject([{"Key":"[***]rent-[***]ud-[***]d.zip","Bucket":"[***]ify-[***]minfo-[***]renv1-[***]ve-[***]23-[***]ment"}])
2020-12-14T01:36:15.803Z|info : amplify-provider-awscloudformation.amplify-service-manager.s3.uploadFile([{"Key":"[***]ify-[***]json"}])
2020-12-14T01:36:15.804Z|info : amplify-provider-awscloudformation.aws-s3.uploadFile.s3.putObject([{"Key":"[***]ify-[***]json","Bucket":"[***]ify-[***]minfo-[***]renv1-[***]ve-[***]23-[***]ment"}])
2020-12-14T01:36:15.979Z|info : amplify-provider-awscloudformation.amplify-service-manager.s3.uploadFile([{"Key":"[***]end-[***].json"}])
2020-12-14T01:36:15.981Z|info : amplify-provider-awscloudformation.aws-s3.uploadFile.s3.putObject([{"Key":"[***]end-[***].json","Bucket":"[***]ify-[***]minfo-[***]renv1-[***]ve-[***]23-[***]ment"}])
