2020-12-12T15:36:20.106Z|info : amplify push core  
2020-12-12T15:36:31.206Z|info : amplify-provider-awscloudformation.zip-util.downloadZip.s3.getFile([{"Key":"[***]rent-[***]ud-[***]d.zip"},null])
2020-12-12T15:36:31.209Z|info : amplify-provider-awscloudformation.aws-s3.s3.getFile([{"Key":"[***]rent-[***]ud-[***]d.zip","Bucket":"[***]ify-[***]minfo-[***]renv1-[***]ve-[***]23-[***]ment"}])
2020-12-12T15:36:33.616Z|info : amplify-provider-awscloudformation.initialize-env.run.cfn.updateamplifyMetaFileWithStackOutputs([{"StackName":"[***]ify-[***]minfo-[***]renv1-[***]ve-[***]23"}])
2020-12-12T15:36:34.141Z|info : amplify-provider-awscloudformation.aws-s3.s3.getFile([{"Key":"[***]ify-[***]json","Bucket":"[***]ify-[***]minfo-[***]renv1-[***]ve-[***]23-[***]ment"}])
2020-12-12T15:36:39.200Z|info : amplify-provider-awscloudformation.upload-appsync-files.uploadAppSyncFiles.upload.s3Client.uploadFile([{"Key":"[***]mation-[***]e.json"}])
2020-12-12T15:36:39.203Z|info : amplify-provider-awscloudformation.aws-s3.uploadFile.s3.putObject([{"Key":"[***]ify-[***]ync-[***]es/[***]1bd3f70df30184cc/[***]mation-[***]e.json","Bucket":"[***]ify-[***]minfo-[***]renv1-[***]ve-[***]23-[***]ment"}])
2020-12-12T15:36:39.206Z|info : amplify-provider-awscloudformation.upload-appsync-files.uploadAppSyncFiles.upload.s3Client.uploadFile([{"Key":"[***]s.json"}])
2020-12-12T15:36:39.206Z|info : amplify-provider-awscloudformation.aws-s3.uploadFile.s3.putObject([{"Key":"[***]ify-[***]ync-[***]es/[***]1bd3f70df30184cc/[***]s.json","Bucket":"[***]ify-[***]minfo-[***]renv1-[***]ve-[***]23-[***]ment"}])
2020-12-12T15:36:39.208Z|info : amplify-provider-awscloudformation.upload-appsync-files.uploadAppSyncFiles.upload.s3Client.uploadFile([{"Key":"[***]vers/[***]e.user.req.vtl"}])
2020-12-12T15:36:39.208Z|info : amplify-provider-awscloudformation.aws-s3.uploadFile.s3.putObject([{"Key":"[***]ify-[***]ync-[***]es/[***]1bd3f70df30184cc/[***]vers/[***]e.user.req.vtl","Bucket":"[***]ify-[***]minfo-[***]renv1-[***]ve-[***]23-[***]ment"}])
2020-12-12T15:36:39.210Z|info : amplify-provider-awscloudformation.upload-appsync-files.uploadAppSyncFiles.upload.s3Client.uploadFile([{"Key":"[***]vers/[***]e.user.res.vtl"}])
2020-12-12T15:36:39.210Z|info : amplify-provider-awscloudformation.aws-s3.uploadFile.s3.putObject([{"Key":"[***]ify-[***]ync-[***]es/[***]1bd3f70df30184cc/[***]vers/[***]e.user.res.vtl","Bucket":"[***]ify-[***]minfo-[***]renv1-[***]ve-[***]23-[***]ment"}])
2020-12-12T15:36:39.212Z|info : amplify-provider-awscloudformation.upload-appsync-files.uploadAppSyncFiles.upload.s3Client.uploadFile([{"Key":"[***]vers/[***]rAccount.req.vtl"}])
2020-12-12T15:36:39.212Z|info : amplify-provider-awscloudformation.aws-s3.uploadFile.s3.putObject([{"Key":"[***]ify-[***]ync-[***]es/[***]1bd3f70df30184cc/[***]vers/[***]rAccount.req.vtl","Bucket":"[***]ify-[***]minfo-[***]renv1-[***]ve-[***]23-[***]ment"}])
2020-12-12T15:36:39.215Z|info : amplify-provider-awscloudformation.upload-appsync-files.uploadAppSyncFiles.upload.s3Client.uploadFile([{"Key":"[***]vers/[***]rAccount.res.vtl"}])
2020-12-12T15:36:39.215Z|info : amplify-provider-awscloudformation.aws-s3.uploadFile.s3.putObject([{"Key":"[***]ify-[***]ync-[***]es/[***]1bd3f70df30184cc/[***]vers/[***]rAccount.res.vtl","Bucket":"[***]ify-[***]minfo-[***]renv1-[***]ve-[***]23-[***]ment"}])
2020-12-12T15:36:39.218Z|info : amplify-provider-awscloudformation.upload-appsync-files.uploadAppSyncFiles.upload.s3Client.uploadFile([{"Key":"[***]vers/[***]Item.req.vtl"}])
2020-12-12T15:36:39.219Z|info : amplify-provider-awscloudformation.aws-s3.uploadFile.s3.putObject([{"Key":"[***]ify-[***]ync-[***]es/[***]1bd3f70df30184cc/[***]vers/[***]Item.req.vtl","Bucket":"[***]ify-[***]minfo-[***]renv1-[***]ve-[***]23-[***]ment"}])
2020-12-12T15:36:39.220Z|info : amplify-provider-awscloudformation.upload-appsync-files.uploadAppSyncFiles.upload.s3Client.uploadFile([{"Key":"[***]vers/[***]Item.res.vtl"}])
2020-12-12T15:36:39.221Z|info : amplify-provider-awscloudformation.aws-s3.uploadFile.s3.putObject([{"Key":"[***]ify-[***]ync-[***]es/[***]1bd3f70df30184cc/[***]vers/[***]Item.res.vtl","Bucket":"[***]ify-[***]minfo-[***]renv1-[***]ve-[***]23-[***]ment"}])
2020-12-12T15:36:39.223Z|info : amplify-provider-awscloudformation.upload-appsync-files.uploadAppSyncFiles.upload.s3Client.uploadFile([{"Key":"[***]vers/[***]tem.req.vtl"}])
2020-12-12T15:36:39.223Z|info : amplify-provider-awscloudformation.aws-s3.uploadFile.s3.putObject([{"Key":"[***]ify-[***]ync-[***]es/[***]1bd3f70df30184cc/[***]vers/[***]tem.req.vtl","Bucket":"[***]ify-[***]minfo-[***]renv1-[***]ve-[***]23-[***]ment"}])
2020-12-12T15:36:39.225Z|info : amplify-provider-awscloudformation.upload-appsync-files.uploadAppSyncFiles.upload.s3Client.uploadFile([{"Key":"[***]vers/[***]tem.res.vtl"}])
2020-12-12T15:36:39.225Z|info : amplify-provider-awscloudformation.aws-s3.uploadFile.s3.putObject([{"Key":"[***]ify-[***]ync-[***]es/[***]1bd3f70df30184cc/[***]vers/[***]tem.res.vtl","Bucket":"[***]ify-[***]minfo-[***]renv1-[***]ve-[***]23-[***]ment"}])
2020-12-12T15:36:39.226Z|info : amplify-provider-awscloudformation.upload-appsync-files.uploadAppSyncFiles.upload.s3Client.uploadFile([{"Key":"[***]vers/[***]em.req.vtl"}])
2020-12-12T15:36:39.227Z|info : amplify-provider-awscloudformation.aws-s3.uploadFile.s3.putObject([{"Key":"[***]ify-[***]ync-[***]es/[***]1bd3f70df30184cc/[***]vers/[***]em.req.vtl","Bucket":"[***]ify-[***]minfo-[***]renv1-[***]ve-[***]23-[***]ment"}])
2020-12-12T15:36:39.228Z|info : amplify-provider-awscloudformation.upload-appsync-files.uploadAppSyncFiles.upload.s3Client.uploadFile([{"Key":"[***]vers/[***]em.res.vtl"}])
2020-12-12T15:36:39.228Z|info : amplify-provider-awscloudformation.aws-s3.uploadFile.s3.putObject([{"Key":"[***]ify-[***]ync-[***]es/[***]1bd3f70df30184cc/[***]vers/[***]em.res.vtl","Bucket":"[***]ify-[***]minfo-[***]renv1-[***]ve-[***]23-[***]ment"}])
2020-12-12T15:36:39.230Z|info : amplify-provider-awscloudformation.upload-appsync-files.uploadAppSyncFiles.upload.s3Client.uploadFile([{"Key":"[***]vers/[***]nager.req.vtl"}])
2020-12-12T15:36:39.230Z|info : amplify-provider-awscloudformation.aws-s3.uploadFile.s3.putObject([{"Key":"[***]ify-[***]ync-[***]es/[***]1bd3f70df30184cc/[***]vers/[***]nager.req.vtl","Bucket":"[***]ify-[***]minfo-[***]renv1-[***]ve-[***]23-[***]ment"}])
2020-12-12T15:36:39.232Z|info : amplify-provider-awscloudformation.upload-appsync-files.uploadAppSyncFiles.upload.s3Client.uploadFile([{"Key":"[***]vers/[***]nager.res.vtl"}])
2020-12-12T15:36:39.232Z|info : amplify-provider-awscloudformation.aws-s3.uploadFile.s3.putObject([{"Key":"[***]ify-[***]ync-[***]es/[***]1bd3f70df30184cc/[***]vers/[***]nager.res.vtl","Bucket":"[***]ify-[***]minfo-[***]renv1-[***]ve-[***]23-[***]ment"}])
2020-12-12T15:36:39.234Z|info : amplify-provider-awscloudformation.upload-appsync-files.uploadAppSyncFiles.upload.s3Client.uploadFile([{"Key":"[***]vers/[***]em.req.vtl"}])
2020-12-12T15:36:39.234Z|info : amplify-provider-awscloudformation.aws-s3.uploadFile.s3.putObject([{"Key":"[***]ify-[***]ync-[***]es/[***]1bd3f70df30184cc/[***]vers/[***]em.req.vtl","Bucket":"[***]ify-[***]minfo-[***]renv1-[***]ve-[***]23-[***]ment"}])
2020-12-12T15:36:39.236Z|info : amplify-provider-awscloudformation.upload-appsync-files.uploadAppSyncFiles.upload.s3Client.uploadFile([{"Key":"[***]vers/[***]em.res.vtl"}])
2020-12-12T15:36:39.236Z|info : amplify-provider-awscloudformation.aws-s3.uploadFile.s3.putObject([{"Key":"[***]ify-[***]ync-[***]es/[***]1bd3f70df30184cc/[***]vers/[***]em.res.vtl","Bucket":"[***]ify-[***]minfo-[***]renv1-[***]ve-[***]23-[***]ment"}])
2020-12-12T15:36:39.238Z|info : amplify-provider-awscloudformation.upload-appsync-files.uploadAppSyncFiles.upload.s3Client.uploadFile([{"Key":"[***]vers/[***]ager.req.vtl"}])
2020-12-12T15:36:39.238Z|info : amplify-provider-awscloudformation.aws-s3.uploadFile.s3.putObject([{"Key":"[***]ify-[***]ync-[***]es/[***]1bd3f70df30184cc/[***]vers/[***]ager.req.vtl","Bucket":"[***]ify-[***]minfo-[***]renv1-[***]ve-[***]23-[***]ment"}])
2020-12-12T15:36:39.240Z|info : amplify-provider-awscloudformation.upload-appsync-files.uploadAppSyncFiles.upload.s3Client.uploadFile([{"Key":"[***]vers/[***]ager.res.vtl"}])
2020-12-12T15:36:39.240Z|info : amplify-provider-awscloudformation.aws-s3.uploadFile.s3.putObject([{"Key":"[***]ify-[***]ync-[***]es/[***]1bd3f70df30184cc/[***]vers/[***]ager.res.vtl","Bucket":"[***]ify-[***]minfo-[***]renv1-[***]ve-[***]23-[***]ment"}])
2020-12-12T15:36:39.241Z|info : amplify-provider-awscloudformation.upload-appsync-files.uploadAppSyncFiles.upload.s3Client.uploadFile([{"Key":"[***]vers/[***]tem.req.vtl"}])
2020-12-12T15:36:39.242Z|info : amplify-provider-awscloudformation.aws-s3.uploadFile.s3.putObject([{"Key":"[***]ify-[***]ync-[***]es/[***]1bd3f70df30184cc/[***]vers/[***]tem.req.vtl","Bucket":"[***]ify-[***]minfo-[***]renv1-[***]ve-[***]23-[***]ment"}])
2020-12-12T15:36:39.243Z|info : amplify-provider-awscloudformation.upload-appsync-files.uploadAppSyncFiles.upload.s3Client.uploadFile([{"Key":"[***]vers/[***]tem.res.vtl"}])
2020-12-12T15:36:39.244Z|info : amplify-provider-awscloudformation.aws-s3.uploadFile.s3.putObject([{"Key":"[***]ify-[***]ync-[***]es/[***]1bd3f70df30184cc/[***]vers/[***]tem.res.vtl","Bucket":"[***]ify-[***]minfo-[***]renv1-[***]ve-[***]23-[***]ment"}])
2020-12-12T15:36:39.246Z|info : amplify-provider-awscloudformation.upload-appsync-files.uploadAppSyncFiles.upload.s3Client.uploadFile([{"Key":"[***]vers/[***]y.req.vtl"}])
2020-12-12T15:36:39.246Z|info : amplify-provider-awscloudformation.aws-s3.uploadFile.s3.putObject([{"Key":"[***]ify-[***]ync-[***]es/[***]1bd3f70df30184cc/[***]vers/[***]y.req.vtl","Bucket":"[***]ify-[***]minfo-[***]renv1-[***]ve-[***]23-[***]ment"}])
2020-12-12T15:36:39.248Z|info : amplify-provider-awscloudformation.upload-appsync-files.uploadAppSyncFiles.upload.s3Client.uploadFile([{"Key":"[***]vers/[***]y.res.vtl"}])
2020-12-12T15:36:39.248Z|info : amplify-provider-awscloudformation.aws-s3.uploadFile.s3.putObject([{"Key":"[***]ify-[***]ync-[***]es/[***]1bd3f70df30184cc/[***]vers/[***]y.res.vtl","Bucket":"[***]ify-[***]minfo-[***]renv1-[***]ve-[***]23-[***]ment"}])
2020-12-12T15:36:39.250Z|info : amplify-provider-awscloudformation.upload-appsync-files.uploadAppSyncFiles.upload.s3Client.uploadFile([{"Key":"[***]vers/[***]em.req.vtl"}])
2020-12-12T15:36:39.250Z|info : amplify-provider-awscloudformation.aws-s3.uploadFile.s3.putObject([{"Key":"[***]ify-[***]ync-[***]es/[***]1bd3f70df30184cc/[***]vers/[***]em.req.vtl","Bucket":"[***]ify-[***]minfo-[***]renv1-[***]ve-[***]23-[***]ment"}])
2020-12-12T15:36:39.253Z|info : amplify-provider-awscloudformation.upload-appsync-files.uploadAppSyncFiles.upload.s3Client.uploadFile([{"Key":"[***]vers/[***]em.res.vtl"}])
2020-12-12T15:36:39.253Z|info : amplify-provider-awscloudformation.aws-s3.uploadFile.s3.putObject([{"Key":"[***]ify-[***]ync-[***]es/[***]1bd3f70df30184cc/[***]vers/[***]em.res.vtl","Bucket":"[***]ify-[***]minfo-[***]renv1-[***]ve-[***]23-[***]ment"}])
2020-12-12T15:36:39.256Z|info : amplify-provider-awscloudformation.upload-appsync-files.uploadAppSyncFiles.upload.s3Client.uploadFile([{"Key":"[***]vers/[***].req.vtl"}])
2020-12-12T15:36:39.256Z|info : amplify-provider-awscloudformation.aws-s3.uploadFile.s3.putObject([{"Key":"[***]ify-[***]ync-[***]es/[***]1bd3f70df30184cc/[***]vers/[***].req.vtl","Bucket":"[***]ify-[***]minfo-[***]renv1-[***]ve-[***]23-[***]ment"}])
2020-12-12T15:36:39.258Z|info : amplify-provider-awscloudformation.upload-appsync-files.uploadAppSyncFiles.upload.s3Client.uploadFile([{"Key":"[***]vers/[***].res.vtl"}])
2020-12-12T15:36:39.258Z|info : amplify-provider-awscloudformation.aws-s3.uploadFile.s3.putObject([{"Key":"[***]ify-[***]ync-[***]es/[***]1bd3f70df30184cc/[***]vers/[***].res.vtl","Bucket":"[***]ify-[***]minfo-[***]renv1-[***]ve-[***]23-[***]ment"}])
2020-12-12T15:36:39.260Z|info : amplify-provider-awscloudformation.upload-appsync-files.uploadAppSyncFiles.upload.s3Client.uploadFile([{"Key":"[***]vers/[***]y.req.vtl"}])
2020-12-12T15:36:39.260Z|info : amplify-provider-awscloudformation.aws-s3.uploadFile.s3.putObject([{"Key":"[***]ify-[***]ync-[***]es/[***]1bd3f70df30184cc/[***]vers/[***]y.req.vtl","Bucket":"[***]ify-[***]minfo-[***]renv1-[***]ve-[***]23-[***]ment"}])
2020-12-12T15:36:39.262Z|info : amplify-provider-awscloudformation.upload-appsync-files.uploadAppSyncFiles.upload.s3Client.uploadFile([{"Key":"[***]vers/[***]y.res.vtl"}])
2020-12-12T15:36:39.262Z|info : amplify-provider-awscloudformation.aws-s3.uploadFile.s3.putObject([{"Key":"[***]ify-[***]ync-[***]es/[***]1bd3f70df30184cc/[***]vers/[***]y.res.vtl","Bucket":"[***]ify-[***]minfo-[***]renv1-[***]ve-[***]23-[***]ment"}])
2020-12-12T15:36:39.264Z|info : amplify-provider-awscloudformation.upload-appsync-files.uploadAppSyncFiles.upload.s3Client.uploadFile([{"Key":"[***]vers/[***]tems.req.vtl"}])
2020-12-12T15:36:39.264Z|info : amplify-provider-awscloudformation.aws-s3.uploadFile.s3.putObject([{"Key":"[***]ify-[***]ync-[***]es/[***]1bd3f70df30184cc/[***]vers/[***]tems.req.vtl","Bucket":"[***]ify-[***]minfo-[***]renv1-[***]ve-[***]23-[***]ment"}])
2020-12-12T15:36:39.266Z|info : amplify-provider-awscloudformation.upload-appsync-files.uploadAppSyncFiles.upload.s3Client.uploadFile([{"Key":"[***]vers/[***]tems.res.vtl"}])
2020-12-12T15:36:39.266Z|info : amplify-provider-awscloudformation.aws-s3.uploadFile.s3.putObject([{"Key":"[***]ify-[***]ync-[***]es/[***]1bd3f70df30184cc/[***]vers/[***]tems.res.vtl","Bucket":"[***]ify-[***]minfo-[***]renv1-[***]ve-[***]23-[***]ment"}])
2020-12-12T15:36:39.268Z|info : amplify-provider-awscloudformation.upload-appsync-files.uploadAppSyncFiles.upload.s3Client.uploadFile([{"Key":"[***]vers/[***]ount.req.vtl"}])
2020-12-12T15:36:39.268Z|info : amplify-provider-awscloudformation.aws-s3.uploadFile.s3.putObject([{"Key":"[***]ify-[***]ync-[***]es/[***]1bd3f70df30184cc/[***]vers/[***]ount.req.vtl","Bucket":"[***]ify-[***]minfo-[***]renv1-[***]ve-[***]23-[***]ment"}])
2020-12-12T15:36:39.271Z|info : amplify-provider-awscloudformation.upload-appsync-files.uploadAppSyncFiles.upload.s3Client.uploadFile([{"Key":"[***]vers/[***]ount.res.vtl"}])
2020-12-12T15:36:39.271Z|info : amplify-provider-awscloudformation.aws-s3.uploadFile.s3.putObject([{"Key":"[***]ify-[***]ync-[***]es/[***]1bd3f70df30184cc/[***]vers/[***]ount.res.vtl","Bucket":"[***]ify-[***]minfo-[***]renv1-[***]ve-[***]23-[***]ment"}])
2020-12-12T15:36:39.273Z|info : amplify-provider-awscloudformation.upload-appsync-files.uploadAppSyncFiles.upload.s3Client.uploadFile([{"Key":"[***]vers/[***]ser.req.vtl"}])
2020-12-12T15:36:39.273Z|info : amplify-provider-awscloudformation.aws-s3.uploadFile.s3.putObject([{"Key":"[***]ify-[***]ync-[***]es/[***]1bd3f70df30184cc/[***]vers/[***]ser.req.vtl","Bucket":"[***]ify-[***]minfo-[***]renv1-[***]ve-[***]23-[***]ment"}])
2020-12-12T15:36:39.276Z|info : amplify-provider-awscloudformation.upload-appsync-files.uploadAppSyncFiles.upload.s3Client.uploadFile([{"Key":"[***]vers/[***]ser.res.vtl"}])
2020-12-12T15:36:39.276Z|info : amplify-provider-awscloudformation.aws-s3.uploadFile.s3.putObject([{"Key":"[***]ify-[***]ync-[***]es/[***]1bd3f70df30184cc/[***]vers/[***]ser.res.vtl","Bucket":"[***]ify-[***]minfo-[***]renv1-[***]ve-[***]23-[***]ment"}])
2020-12-12T15:36:39.278Z|info : amplify-provider-awscloudformation.upload-appsync-files.uploadAppSyncFiles.upload.s3Client.uploadFile([{"Key":"[***]vers/[***]ount.req.vtl"}])
2020-12-12T15:36:39.279Z|info : amplify-provider-awscloudformation.aws-s3.uploadFile.s3.putObject([{"Key":"[***]ify-[***]ync-[***]es/[***]1bd3f70df30184cc/[***]vers/[***]ount.req.vtl","Bucket":"[***]ify-[***]minfo-[***]renv1-[***]ve-[***]23-[***]ment"}])
2020-12-12T15:36:39.281Z|info : amplify-provider-awscloudformation.upload-appsync-files.uploadAppSyncFiles.upload.s3Client.uploadFile([{"Key":"[***]vers/[***]ount.res.vtl"}])
2020-12-12T15:36:39.281Z|info : amplify-provider-awscloudformation.aws-s3.uploadFile.s3.putObject([{"Key":"[***]ify-[***]ync-[***]es/[***]1bd3f70df30184cc/[***]vers/[***]ount.res.vtl","Bucket":"[***]ify-[***]minfo-[***]renv1-[***]ve-[***]23-[***]ment"}])
2020-12-12T15:36:39.283Z|info : amplify-provider-awscloudformation.upload-appsync-files.uploadAppSyncFiles.upload.s3Client.uploadFile([{"Key":"[***]vers/[***]ser.req.vtl"}])
2020-12-12T15:36:39.284Z|info : amplify-provider-awscloudformation.aws-s3.uploadFile.s3.putObject([{"Key":"[***]ify-[***]ync-[***]es/[***]1bd3f70df30184cc/[***]vers/[***]ser.req.vtl","Bucket":"[***]ify-[***]minfo-[***]renv1-[***]ve-[***]23-[***]ment"}])
2020-12-12T15:36:39.286Z|info : amplify-provider-awscloudformation.upload-appsync-files.uploadAppSyncFiles.upload.s3Client.uploadFile([{"Key":"[***]vers/[***]ser.res.vtl"}])
2020-12-12T15:36:39.286Z|info : amplify-provider-awscloudformation.aws-s3.uploadFile.s3.putObject([{"Key":"[***]ify-[***]ync-[***]es/[***]1bd3f70df30184cc/[***]vers/[***]ser.res.vtl","Bucket":"[***]ify-[***]minfo-[***]renv1-[***]ve-[***]23-[***]ment"}])
2020-12-12T15:36:39.288Z|info : amplify-provider-awscloudformation.upload-appsync-files.uploadAppSyncFiles.upload.s3Client.uploadFile([{"Key":"[***]vers/[***]queUrl.req.vtl"}])
2020-12-12T15:36:39.289Z|info : amplify-provider-awscloudformation.aws-s3.uploadFile.s3.putObject([{"Key":"[***]ify-[***]ync-[***]es/[***]1bd3f70df30184cc/[***]vers/[***]queUrl.req.vtl","Bucket":"[***]ify-[***]minfo-[***]renv1-[***]ve-[***]23-[***]ment"}])
2020-12-12T15:36:39.291Z|info : amplify-provider-awscloudformation.upload-appsync-files.uploadAppSyncFiles.upload.s3Client.uploadFile([{"Key":"[***]vers/[***]queUrl.res.vtl"}])
2020-12-12T15:36:39.291Z|info : amplify-provider-awscloudformation.aws-s3.uploadFile.s3.putObject([{"Key":"[***]ify-[***]ync-[***]es/[***]1bd3f70df30184cc/[***]vers/[***]queUrl.res.vtl","Bucket":"[***]ify-[***]minfo-[***]renv1-[***]ve-[***]23-[***]ment"}])
2020-12-12T15:36:39.293Z|info : amplify-provider-awscloudformation.upload-appsync-files.uploadAppSyncFiles.upload.s3Client.uploadFile([{"Key":"[***]vers/[***]ddress.req.vtl"}])
2020-12-12T15:36:39.293Z|info : amplify-provider-awscloudformation.aws-s3.uploadFile.s3.putObject([{"Key":"[***]ify-[***]ync-[***]es/[***]1bd3f70df30184cc/[***]vers/[***]ddress.req.vtl","Bucket":"[***]ify-[***]minfo-[***]renv1-[***]ve-[***]23-[***]ment"}])
2020-12-12T15:36:39.295Z|info : amplify-provider-awscloudformation.upload-appsync-files.uploadAppSyncFiles.upload.s3Client.uploadFile([{"Key":"[***]vers/[***]ddress.res.vtl"}])
2020-12-12T15:36:39.296Z|info : amplify-provider-awscloudformation.aws-s3.uploadFile.s3.putObject([{"Key":"[***]ify-[***]ync-[***]es/[***]1bd3f70df30184cc/[***]vers/[***]ddress.res.vtl","Bucket":"[***]ify-[***]minfo-[***]renv1-[***]ve-[***]23-[***]ment"}])
2020-12-12T15:36:39.298Z|info : amplify-provider-awscloudformation.upload-appsync-files.uploadAppSyncFiles.upload.s3Client.uploadFile([{"Key":"[***]vers/[***]nts.req.vtl"}])
2020-12-12T15:36:39.298Z|info : amplify-provider-awscloudformation.aws-s3.uploadFile.s3.putObject([{"Key":"[***]ify-[***]ync-[***]es/[***]1bd3f70df30184cc/[***]vers/[***]nts.req.vtl","Bucket":"[***]ify-[***]minfo-[***]renv1-[***]ve-[***]23-[***]ment"}])
2020-12-12T15:36:39.300Z|info : amplify-provider-awscloudformation.upload-appsync-files.uploadAppSyncFiles.upload.s3Client.uploadFile([{"Key":"[***]vers/[***]nts.res.vtl"}])
2020-12-12T15:36:39.300Z|info : amplify-provider-awscloudformation.aws-s3.uploadFile.s3.putObject([{"Key":"[***]ify-[***]ync-[***]es/[***]1bd3f70df30184cc/[***]vers/[***]nts.res.vtl","Bucket":"[***]ify-[***]minfo-[***]renv1-[***]ve-[***]23-[***]ment"}])
2020-12-12T15:36:39.303Z|info : amplify-provider-awscloudformation.upload-appsync-files.uploadAppSyncFiles.upload.s3Client.uploadFile([{"Key":"[***]vers/[***]rs.req.vtl"}])
2020-12-12T15:36:39.303Z|info : amplify-provider-awscloudformation.aws-s3.uploadFile.s3.putObject([{"Key":"[***]ify-[***]ync-[***]es/[***]1bd3f70df30184cc/[***]vers/[***]rs.req.vtl","Bucket":"[***]ify-[***]minfo-[***]renv1-[***]ve-[***]23-[***]ment"}])
2020-12-12T15:36:39.305Z|info : amplify-provider-awscloudformation.upload-appsync-files.uploadAppSyncFiles.upload.s3Client.uploadFile([{"Key":"[***]vers/[***]rs.res.vtl"}])
2020-12-12T15:36:39.305Z|info : amplify-provider-awscloudformation.aws-s3.uploadFile.s3.putObject([{"Key":"[***]ify-[***]ync-[***]es/[***]1bd3f70df30184cc/[***]vers/[***]rs.res.vtl","Bucket":"[***]ify-[***]minfo-[***]renv1-[***]ve-[***]23-[***]ment"}])
2020-12-12T15:36:39.307Z|info : amplify-provider-awscloudformation.upload-appsync-files.uploadAppSyncFiles.upload.s3Client.uploadFile([{"Key":"[***]raphql"}])
2020-12-12T15:36:39.308Z|info : amplify-provider-awscloudformation.aws-s3.uploadFile.s3.putObject([{"Key":"[***]ify-[***]ync-[***]es/[***]1bd3f70df30184cc/[***]raphql","Bucket":"[***]ify-[***]minfo-[***]renv1-[***]ve-[***]23-[***]ment"}])
2020-12-12T15:36:39.310Z|info : amplify-provider-awscloudformation.upload-appsync-files.uploadAppSyncFiles.upload.s3Client.uploadFile([{"Key":"[***]cks/[***]ces.json"}])
2020-12-12T15:36:39.310Z|info : amplify-provider-awscloudformation.aws-s3.uploadFile.s3.putObject([{"Key":"[***]ify-[***]ync-[***]es/[***]1bd3f70df30184cc/[***]cks/[***]ces.json","Bucket":"[***]ify-[***]minfo-[***]renv1-[***]ve-[***]23-[***]ment"}])
2020-12-12T15:36:41.736Z|info : amplify-provider-awscloudformation.aws-s3.uploadFile.s3.putObject([{"Key":"[***]ify-[***]fn-[***]ates/[***]pi/[***]mation-[***]e.json","Bucket":"[***]ify-[***]minfo-[***]renv1-[***]ve-[***]23-[***]ment"}])
2020-12-12T15:36:44.073Z|info : amplify-provider-awscloudformation.push-resources.updateCloudFormationNestedStack(["/Users/zairvai/Documents/projects/kominfo/pesantren/amplify/backend/awscloudformation","/Users/zairvai/Documents/projects/kominfo/pesantren/amplify/backend/awscloudformation/nested-cloudformation-stack.yml"])
2020-12-12T15:36:44.081Z|info : amplify-provider-awscloudformation.aws-s3.uploadFile.s3.putObject([{"Key":"[***]ted-[***]mation-[***].yml","Bucket":"[***]ify-[***]minfo-[***]renv1-[***]ve-[***]23-[***]ment"}])
2020-12-12T15:40:18.746Z|info : amplify-provider-awscloudformation.push-resources.storeCurrentcoudBackend.s3.uploadFile([{"Key":"[***]rent-[***]ud-[***]d.zip"}])
2020-12-12T15:40:18.747Z|info : amplify-provider-awscloudformation.aws-s3.uploadFile.s3.putObject([{"Key":"[***]rent-[***]ud-[***]d.zip","Bucket":"[***]ify-[***]minfo-[***]renv1-[***]ve-[***]23-[***]ment"}])
2020-12-12T15:40:19.211Z|info : amplify-provider-awscloudformation.amplify-service-manager.s3.uploadFile([{"Key":"[***]ify-[***]json"}])
2020-12-12T15:40:19.211Z|info : amplify-provider-awscloudformation.aws-s3.uploadFile.s3.putObject([{"Key":"[***]ify-[***]json","Bucket":"[***]ify-[***]minfo-[***]renv1-[***]ve-[***]23-[***]ment"}])
2020-12-12T15:40:19.426Z|info : amplify-provider-awscloudformation.amplify-service-manager.s3.uploadFile([{"Key":"[***]end-[***].json"}])
2020-12-12T15:40:19.427Z|info : amplify-provider-awscloudformation.aws-s3.uploadFile.s3.putObject([{"Key":"[***]end-[***].json","Bucket":"[***]ify-[***]minfo-[***]renv1-[***]ve-[***]23-[***]ment"}])
2020-12-12T15:56:01.464Z|info : amplify push core  
2020-12-12T15:56:13.930Z|info : amplify-provider-awscloudformation.zip-util.downloadZip.s3.getFile([{"Key":"[***]rent-[***]ud-[***]d.zip"},null])
2020-12-12T15:56:13.939Z|info : amplify-provider-awscloudformation.aws-s3.s3.getFile([{"Key":"[***]rent-[***]ud-[***]d.zip","Bucket":"[***]ify-[***]minfo-[***]renv1-[***]ve-[***]23-[***]ment"}])
2020-12-12T15:56:16.365Z|info : amplify-provider-awscloudformation.initialize-env.run.cfn.updateamplifyMetaFileWithStackOutputs([{"StackName":"[***]ify-[***]minfo-[***]renv1-[***]ve-[***]23"}])
2020-12-12T15:56:16.903Z|info : amplify-provider-awscloudformation.aws-s3.s3.getFile([{"Key":"[***]ify-[***]json","Bucket":"[***]ify-[***]minfo-[***]renv1-[***]ve-[***]23-[***]ment"}])
2020-12-12T15:56:50.741Z|info : amplify-provider-awscloudformation.upload-appsync-files.uploadAppSyncFiles.upload.s3Client.uploadFile([{"Key":"[***]mation-[***]e.json"}])
2020-12-12T15:56:50.744Z|info : amplify-provider-awscloudformation.aws-s3.uploadFile.s3.putObject([{"Key":"[***]ify-[***]ync-[***]es/[***]074b3dd58e5e9d33/[***]mation-[***]e.json","Bucket":"[***]ify-[***]minfo-[***]renv1-[***]ve-[***]23-[***]ment"}])
2020-12-12T15:56:50.748Z|info : amplify-provider-awscloudformation.upload-appsync-files.uploadAppSyncFiles.upload.s3Client.uploadFile([{"Key":"[***]s.json"}])
2020-12-12T15:56:50.748Z|info : amplify-provider-awscloudformation.aws-s3.uploadFile.s3.putObject([{"Key":"[***]ify-[***]ync-[***]es/[***]074b3dd58e5e9d33/[***]s.json","Bucket":"[***]ify-[***]minfo-[***]renv1-[***]ve-[***]23-[***]ment"}])
2020-12-12T15:56:50.755Z|info : amplify-provider-awscloudformation.upload-appsync-files.uploadAppSyncFiles.upload.s3Client.uploadFile([{"Key":"[***]vers/[***]e.user.req.vtl"}])
2020-12-12T15:56:50.756Z|info : amplify-provider-awscloudformation.aws-s3.uploadFile.s3.putObject([{"Key":"[***]ify-[***]ync-[***]es/[***]074b3dd58e5e9d33/[***]vers/[***]e.user.req.vtl","Bucket":"[***]ify-[***]minfo-[***]renv1-[***]ve-[***]23-[***]ment"}])
2020-12-12T15:56:50.758Z|info : amplify-provider-awscloudformation.upload-appsync-files.uploadAppSyncFiles.upload.s3Client.uploadFile([{"Key":"[***]vers/[***]e.user.res.vtl"}])
2020-12-12T15:56:50.759Z|info : amplify-provider-awscloudformation.aws-s3.uploadFile.s3.putObject([{"Key":"[***]ify-[***]ync-[***]es/[***]074b3dd58e5e9d33/[***]vers/[***]e.user.res.vtl","Bucket":"[***]ify-[***]minfo-[***]renv1-[***]ve-[***]23-[***]ment"}])
2020-12-12T15:56:50.762Z|info : amplify-provider-awscloudformation.upload-appsync-files.uploadAppSyncFiles.upload.s3Client.uploadFile([{"Key":"[***]vers/[***]rAccount.req.vtl"}])
2020-12-12T15:56:50.762Z|info : amplify-provider-awscloudformation.aws-s3.uploadFile.s3.putObject([{"Key":"[***]ify-[***]ync-[***]es/[***]074b3dd58e5e9d33/[***]vers/[***]rAccount.req.vtl","Bucket":"[***]ify-[***]minfo-[***]renv1-[***]ve-[***]23-[***]ment"}])
2020-12-12T15:56:50.765Z|info : amplify-provider-awscloudformation.upload-appsync-files.uploadAppSyncFiles.upload.s3Client.uploadFile([{"Key":"[***]vers/[***]rAccount.res.vtl"}])
2020-12-12T15:56:50.766Z|info : amplify-provider-awscloudformation.aws-s3.uploadFile.s3.putObject([{"Key":"[***]ify-[***]ync-[***]es/[***]074b3dd58e5e9d33/[***]vers/[***]rAccount.res.vtl","Bucket":"[***]ify-[***]minfo-[***]renv1-[***]ve-[***]23-[***]ment"}])
2020-12-12T15:56:50.768Z|info : amplify-provider-awscloudformation.upload-appsync-files.uploadAppSyncFiles.upload.s3Client.uploadFile([{"Key":"[***]vers/[***]Item.req.vtl"}])
2020-12-12T15:56:50.768Z|info : amplify-provider-awscloudformation.aws-s3.uploadFile.s3.putObject([{"Key":"[***]ify-[***]ync-[***]es/[***]074b3dd58e5e9d33/[***]vers/[***]Item.req.vtl","Bucket":"[***]ify-[***]minfo-[***]renv1-[***]ve-[***]23-[***]ment"}])
2020-12-12T15:56:50.770Z|info : amplify-provider-awscloudformation.upload-appsync-files.uploadAppSyncFiles.upload.s3Client.uploadFile([{"Key":"[***]vers/[***]Item.res.vtl"}])
2020-12-12T15:56:50.770Z|info : amplify-provider-awscloudformation.aws-s3.uploadFile.s3.putObject([{"Key":"[***]ify-[***]ync-[***]es/[***]074b3dd58e5e9d33/[***]vers/[***]Item.res.vtl","Bucket":"[***]ify-[***]minfo-[***]renv1-[***]ve-[***]23-[***]ment"}])
2020-12-12T15:56:50.772Z|info : amplify-provider-awscloudformation.upload-appsync-files.uploadAppSyncFiles.upload.s3Client.uploadFile([{"Key":"[***]vers/[***]tem.req.vtl"}])
2020-12-12T15:56:50.772Z|info : amplify-provider-awscloudformation.aws-s3.uploadFile.s3.putObject([{"Key":"[***]ify-[***]ync-[***]es/[***]074b3dd58e5e9d33/[***]vers/[***]tem.req.vtl","Bucket":"[***]ify-[***]minfo-[***]renv1-[***]ve-[***]23-[***]ment"}])
2020-12-12T15:56:50.774Z|info : amplify-provider-awscloudformation.upload-appsync-files.uploadAppSyncFiles.upload.s3Client.uploadFile([{"Key":"[***]vers/[***]tem.res.vtl"}])
2020-12-12T15:56:50.774Z|info : amplify-provider-awscloudformation.aws-s3.uploadFile.s3.putObject([{"Key":"[***]ify-[***]ync-[***]es/[***]074b3dd58e5e9d33/[***]vers/[***]tem.res.vtl","Bucket":"[***]ify-[***]minfo-[***]renv1-[***]ve-[***]23-[***]ment"}])
2020-12-12T15:56:50.776Z|info : amplify-provider-awscloudformation.upload-appsync-files.uploadAppSyncFiles.upload.s3Client.uploadFile([{"Key":"[***]vers/[***]em.req.vtl"}])
2020-12-12T15:56:50.776Z|info : amplify-provider-awscloudformation.aws-s3.uploadFile.s3.putObject([{"Key":"[***]ify-[***]ync-[***]es/[***]074b3dd58e5e9d33/[***]vers/[***]em.req.vtl","Bucket":"[***]ify-[***]minfo-[***]renv1-[***]ve-[***]23-[***]ment"}])
2020-12-12T15:56:50.778Z|info : amplify-provider-awscloudformation.upload-appsync-files.uploadAppSyncFiles.upload.s3Client.uploadFile([{"Key":"[***]vers/[***]em.res.vtl"}])
2020-12-12T15:56:50.778Z|info : amplify-provider-awscloudformation.aws-s3.uploadFile.s3.putObject([{"Key":"[***]ify-[***]ync-[***]es/[***]074b3dd58e5e9d33/[***]vers/[***]em.res.vtl","Bucket":"[***]ify-[***]minfo-[***]renv1-[***]ve-[***]23-[***]ment"}])
2020-12-12T15:56:50.780Z|info : amplify-provider-awscloudformation.upload-appsync-files.uploadAppSyncFiles.upload.s3Client.uploadFile([{"Key":"[***]vers/[***]nager.req.vtl"}])
2020-12-12T15:56:50.780Z|info : amplify-provider-awscloudformation.aws-s3.uploadFile.s3.putObject([{"Key":"[***]ify-[***]ync-[***]es/[***]074b3dd58e5e9d33/[***]vers/[***]nager.req.vtl","Bucket":"[***]ify-[***]minfo-[***]renv1-[***]ve-[***]23-[***]ment"}])
2020-12-12T15:56:50.783Z|info : amplify-provider-awscloudformation.upload-appsync-files.uploadAppSyncFiles.upload.s3Client.uploadFile([{"Key":"[***]vers/[***]nager.res.vtl"}])
2020-12-12T15:56:50.783Z|info : amplify-provider-awscloudformation.aws-s3.uploadFile.s3.putObject([{"Key":"[***]ify-[***]ync-[***]es/[***]074b3dd58e5e9d33/[***]vers/[***]nager.res.vtl","Bucket":"[***]ify-[***]minfo-[***]renv1-[***]ve-[***]23-[***]ment"}])
2020-12-12T15:56:50.785Z|info : amplify-provider-awscloudformation.upload-appsync-files.uploadAppSyncFiles.upload.s3Client.uploadFile([{"Key":"[***]vers/[***]em.req.vtl"}])
2020-12-12T15:56:50.785Z|info : amplify-provider-awscloudformation.aws-s3.uploadFile.s3.putObject([{"Key":"[***]ify-[***]ync-[***]es/[***]074b3dd58e5e9d33/[***]vers/[***]em.req.vtl","Bucket":"[***]ify-[***]minfo-[***]renv1-[***]ve-[***]23-[***]ment"}])
2020-12-12T15:56:50.787Z|info : amplify-provider-awscloudformation.upload-appsync-files.uploadAppSyncFiles.upload.s3Client.uploadFile([{"Key":"[***]vers/[***]em.res.vtl"}])
2020-12-12T15:56:50.787Z|info : amplify-provider-awscloudformation.aws-s3.uploadFile.s3.putObject([{"Key":"[***]ify-[***]ync-[***]es/[***]074b3dd58e5e9d33/[***]vers/[***]em.res.vtl","Bucket":"[***]ify-[***]minfo-[***]renv1-[***]ve-[***]23-[***]ment"}])
2020-12-12T15:56:50.788Z|info : amplify-provider-awscloudformation.upload-appsync-files.uploadAppSyncFiles.upload.s3Client.uploadFile([{"Key":"[***]vers/[***]ager.req.vtl"}])
2020-12-12T15:56:50.789Z|info : amplify-provider-awscloudformation.aws-s3.uploadFile.s3.putObject([{"Key":"[***]ify-[***]ync-[***]es/[***]074b3dd58e5e9d33/[***]vers/[***]ager.req.vtl","Bucket":"[***]ify-[***]minfo-[***]renv1-[***]ve-[***]23-[***]ment"}])
2020-12-12T15:56:50.790Z|info : amplify-provider-awscloudformation.upload-appsync-files.uploadAppSyncFiles.upload.s3Client.uploadFile([{"Key":"[***]vers/[***]ager.res.vtl"}])
2020-12-12T15:56:50.790Z|info : amplify-provider-awscloudformation.aws-s3.uploadFile.s3.putObject([{"Key":"[***]ify-[***]ync-[***]es/[***]074b3dd58e5e9d33/[***]vers/[***]ager.res.vtl","Bucket":"[***]ify-[***]minfo-[***]renv1-[***]ve-[***]23-[***]ment"}])
2020-12-12T15:56:50.792Z|info : amplify-provider-awscloudformation.upload-appsync-files.uploadAppSyncFiles.upload.s3Client.uploadFile([{"Key":"[***]vers/[***]tem.req.vtl"}])
2020-12-12T15:56:50.792Z|info : amplify-provider-awscloudformation.aws-s3.uploadFile.s3.putObject([{"Key":"[***]ify-[***]ync-[***]es/[***]074b3dd58e5e9d33/[***]vers/[***]tem.req.vtl","Bucket":"[***]ify-[***]minfo-[***]renv1-[***]ve-[***]23-[***]ment"}])
2020-12-12T15:56:50.794Z|info : amplify-provider-awscloudformation.upload-appsync-files.uploadAppSyncFiles.upload.s3Client.uploadFile([{"Key":"[***]vers/[***]tem.res.vtl"}])
2020-12-12T15:56:50.794Z|info : amplify-provider-awscloudformation.aws-s3.uploadFile.s3.putObject([{"Key":"[***]ify-[***]ync-[***]es/[***]074b3dd58e5e9d33/[***]vers/[***]tem.res.vtl","Bucket":"[***]ify-[***]minfo-[***]renv1-[***]ve-[***]23-[***]ment"}])
2020-12-12T15:56:50.795Z|info : amplify-provider-awscloudformation.upload-appsync-files.uploadAppSyncFiles.upload.s3Client.uploadFile([{"Key":"[***]vers/[***]y.req.vtl"}])
2020-12-12T15:56:50.796Z|info : amplify-provider-awscloudformation.aws-s3.uploadFile.s3.putObject([{"Key":"[***]ify-[***]ync-[***]es/[***]074b3dd58e5e9d33/[***]vers/[***]y.req.vtl","Bucket":"[***]ify-[***]minfo-[***]renv1-[***]ve-[***]23-[***]ment"}])
2020-12-12T15:56:50.797Z|info : amplify-provider-awscloudformation.upload-appsync-files.uploadAppSyncFiles.upload.s3Client.uploadFile([{"Key":"[***]vers/[***]y.res.vtl"}])
2020-12-12T15:56:50.797Z|info : amplify-provider-awscloudformation.aws-s3.uploadFile.s3.putObject([{"Key":"[***]ify-[***]ync-[***]es/[***]074b3dd58e5e9d33/[***]vers/[***]y.res.vtl","Bucket":"[***]ify-[***]minfo-[***]renv1-[***]ve-[***]23-[***]ment"}])
2020-12-12T15:56:50.799Z|info : amplify-provider-awscloudformation.upload-appsync-files.uploadAppSyncFiles.upload.s3Client.uploadFile([{"Key":"[***]vers/[***]em.req.vtl"}])
2020-12-12T15:56:50.799Z|info : amplify-provider-awscloudformation.aws-s3.uploadFile.s3.putObject([{"Key":"[***]ify-[***]ync-[***]es/[***]074b3dd58e5e9d33/[***]vers/[***]em.req.vtl","Bucket":"[***]ify-[***]minfo-[***]renv1-[***]ve-[***]23-[***]ment"}])
2020-12-12T15:56:50.801Z|info : amplify-provider-awscloudformation.upload-appsync-files.uploadAppSyncFiles.upload.s3Client.uploadFile([{"Key":"[***]vers/[***]em.res.vtl"}])
2020-12-12T15:56:50.801Z|info : amplify-provider-awscloudformation.aws-s3.uploadFile.s3.putObject([{"Key":"[***]ify-[***]ync-[***]es/[***]074b3dd58e5e9d33/[***]vers/[***]em.res.vtl","Bucket":"[***]ify-[***]minfo-[***]renv1-[***]ve-[***]23-[***]ment"}])
2020-12-12T15:56:50.803Z|info : amplify-provider-awscloudformation.upload-appsync-files.uploadAppSyncFiles.upload.s3Client.uploadFile([{"Key":"[***]vers/[***].req.vtl"}])
2020-12-12T15:56:50.803Z|info : amplify-provider-awscloudformation.aws-s3.uploadFile.s3.putObject([{"Key":"[***]ify-[***]ync-[***]es/[***]074b3dd58e5e9d33/[***]vers/[***].req.vtl","Bucket":"[***]ify-[***]minfo-[***]renv1-[***]ve-[***]23-[***]ment"}])
2020-12-12T15:56:50.804Z|info : amplify-provider-awscloudformation.upload-appsync-files.uploadAppSyncFiles.upload.s3Client.uploadFile([{"Key":"[***]vers/[***].res.vtl"}])
2020-12-12T15:56:50.805Z|info : amplify-provider-awscloudformation.aws-s3.uploadFile.s3.putObject([{"Key":"[***]ify-[***]ync-[***]es/[***]074b3dd58e5e9d33/[***]vers/[***].res.vtl","Bucket":"[***]ify-[***]minfo-[***]renv1-[***]ve-[***]23-[***]ment"}])
2020-12-12T15:56:50.806Z|info : amplify-provider-awscloudformation.upload-appsync-files.uploadAppSyncFiles.upload.s3Client.uploadFile([{"Key":"[***]vers/[***]y.req.vtl"}])
2020-12-12T15:56:50.806Z|info : amplify-provider-awscloudformation.aws-s3.uploadFile.s3.putObject([{"Key":"[***]ify-[***]ync-[***]es/[***]074b3dd58e5e9d33/[***]vers/[***]y.req.vtl","Bucket":"[***]ify-[***]minfo-[***]renv1-[***]ve-[***]23-[***]ment"}])
2020-12-12T15:56:50.808Z|info : amplify-provider-awscloudformation.upload-appsync-files.uploadAppSyncFiles.upload.s3Client.uploadFile([{"Key":"[***]vers/[***]y.res.vtl"}])
2020-12-12T15:56:50.808Z|info : amplify-provider-awscloudformation.aws-s3.uploadFile.s3.putObject([{"Key":"[***]ify-[***]ync-[***]es/[***]074b3dd58e5e9d33/[***]vers/[***]y.res.vtl","Bucket":"[***]ify-[***]minfo-[***]renv1-[***]ve-[***]23-[***]ment"}])
2020-12-12T15:56:50.810Z|info : amplify-provider-awscloudformation.upload-appsync-files.uploadAppSyncFiles.upload.s3Client.uploadFile([{"Key":"[***]vers/[***]tems.req.vtl"}])
2020-12-12T15:56:50.810Z|info : amplify-provider-awscloudformation.aws-s3.uploadFile.s3.putObject([{"Key":"[***]ify-[***]ync-[***]es/[***]074b3dd58e5e9d33/[***]vers/[***]tems.req.vtl","Bucket":"[***]ify-[***]minfo-[***]renv1-[***]ve-[***]23-[***]ment"}])
2020-12-12T15:56:50.812Z|info : amplify-provider-awscloudformation.upload-appsync-files.uploadAppSyncFiles.upload.s3Client.uploadFile([{"Key":"[***]vers/[***]tems.res.vtl"}])
2020-12-12T15:56:50.812Z|info : amplify-provider-awscloudformation.aws-s3.uploadFile.s3.putObject([{"Key":"[***]ify-[***]ync-[***]es/[***]074b3dd58e5e9d33/[***]vers/[***]tems.res.vtl","Bucket":"[***]ify-[***]minfo-[***]renv1-[***]ve-[***]23-[***]ment"}])
2020-12-12T15:56:50.814Z|info : amplify-provider-awscloudformation.upload-appsync-files.uploadAppSyncFiles.upload.s3Client.uploadFile([{"Key":"[***]vers/[***]ount.req.vtl"}])
2020-12-12T15:56:50.814Z|info : amplify-provider-awscloudformation.aws-s3.uploadFile.s3.putObject([{"Key":"[***]ify-[***]ync-[***]es/[***]074b3dd58e5e9d33/[***]vers/[***]ount.req.vtl","Bucket":"[***]ify-[***]minfo-[***]renv1-[***]ve-[***]23-[***]ment"}])
2020-12-12T15:56:50.816Z|info : amplify-provider-awscloudformation.upload-appsync-files.uploadAppSyncFiles.upload.s3Client.uploadFile([{"Key":"[***]vers/[***]ount.res.vtl"}])
2020-12-12T15:56:50.816Z|info : amplify-provider-awscloudformation.aws-s3.uploadFile.s3.putObject([{"Key":"[***]ify-[***]ync-[***]es/[***]074b3dd58e5e9d33/[***]vers/[***]ount.res.vtl","Bucket":"[***]ify-[***]minfo-[***]renv1-[***]ve-[***]23-[***]ment"}])
2020-12-12T15:56:50.818Z|info : amplify-provider-awscloudformation.upload-appsync-files.uploadAppSyncFiles.upload.s3Client.uploadFile([{"Key":"[***]vers/[***]ser.req.vtl"}])
2020-12-12T15:56:50.818Z|info : amplify-provider-awscloudformation.aws-s3.uploadFile.s3.putObject([{"Key":"[***]ify-[***]ync-[***]es/[***]074b3dd58e5e9d33/[***]vers/[***]ser.req.vtl","Bucket":"[***]ify-[***]minfo-[***]renv1-[***]ve-[***]23-[***]ment"}])
2020-12-12T15:56:50.820Z|info : amplify-provider-awscloudformation.upload-appsync-files.uploadAppSyncFiles.upload.s3Client.uploadFile([{"Key":"[***]vers/[***]ser.res.vtl"}])
2020-12-12T15:56:50.820Z|info : amplify-provider-awscloudformation.aws-s3.uploadFile.s3.putObject([{"Key":"[***]ify-[***]ync-[***]es/[***]074b3dd58e5e9d33/[***]vers/[***]ser.res.vtl","Bucket":"[***]ify-[***]minfo-[***]renv1-[***]ve-[***]23-[***]ment"}])
2020-12-12T15:56:50.822Z|info : amplify-provider-awscloudformation.upload-appsync-files.uploadAppSyncFiles.upload.s3Client.uploadFile([{"Key":"[***]vers/[***]ount.req.vtl"}])
2020-12-12T15:56:50.822Z|info : amplify-provider-awscloudformation.aws-s3.uploadFile.s3.putObject([{"Key":"[***]ify-[***]ync-[***]es/[***]074b3dd58e5e9d33/[***]vers/[***]ount.req.vtl","Bucket":"[***]ify-[***]minfo-[***]renv1-[***]ve-[***]23-[***]ment"}])
2020-12-12T15:56:50.824Z|info : amplify-provider-awscloudformation.upload-appsync-files.uploadAppSyncFiles.upload.s3Client.uploadFile([{"Key":"[***]vers/[***]ount.res.vtl"}])
2020-12-12T15:56:50.824Z|info : amplify-provider-awscloudformation.aws-s3.uploadFile.s3.putObject([{"Key":"[***]ify-[***]ync-[***]es/[***]074b3dd58e5e9d33/[***]vers/[***]ount.res.vtl","Bucket":"[***]ify-[***]minfo-[***]renv1-[***]ve-[***]23-[***]ment"}])
2020-12-12T15:56:50.826Z|info : amplify-provider-awscloudformation.upload-appsync-files.uploadAppSyncFiles.upload.s3Client.uploadFile([{"Key":"[***]vers/[***]ser.req.vtl"}])
2020-12-12T15:56:50.826Z|info : amplify-provider-awscloudformation.aws-s3.uploadFile.s3.putObject([{"Key":"[***]ify-[***]ync-[***]es/[***]074b3dd58e5e9d33/[***]vers/[***]ser.req.vtl","Bucket":"[***]ify-[***]minfo-[***]renv1-[***]ve-[***]23-[***]ment"}])
2020-12-12T15:56:50.827Z|info : amplify-provider-awscloudformation.upload-appsync-files.uploadAppSyncFiles.upload.s3Client.uploadFile([{"Key":"[***]vers/[***]ser.res.vtl"}])
2020-12-12T15:56:50.828Z|info : amplify-provider-awscloudformation.aws-s3.uploadFile.s3.putObject([{"Key":"[***]ify-[***]ync-[***]es/[***]074b3dd58e5e9d33/[***]vers/[***]ser.res.vtl","Bucket":"[***]ify-[***]minfo-[***]renv1-[***]ve-[***]23-[***]ment"}])
2020-12-12T15:56:50.829Z|info : amplify-provider-awscloudformation.upload-appsync-files.uploadAppSyncFiles.upload.s3Client.uploadFile([{"Key":"[***]vers/[***]queUrl.req.vtl"}])
2020-12-12T15:56:50.830Z|info : amplify-provider-awscloudformation.aws-s3.uploadFile.s3.putObject([{"Key":"[***]ify-[***]ync-[***]es/[***]074b3dd58e5e9d33/[***]vers/[***]queUrl.req.vtl","Bucket":"[***]ify-[***]minfo-[***]renv1-[***]ve-[***]23-[***]ment"}])
2020-12-12T15:56:50.831Z|info : amplify-provider-awscloudformation.upload-appsync-files.uploadAppSyncFiles.upload.s3Client.uploadFile([{"Key":"[***]vers/[***]queUrl.res.vtl"}])
2020-12-12T15:56:50.832Z|info : amplify-provider-awscloudformation.aws-s3.uploadFile.s3.putObject([{"Key":"[***]ify-[***]ync-[***]es/[***]074b3dd58e5e9d33/[***]vers/[***]queUrl.res.vtl","Bucket":"[***]ify-[***]minfo-[***]renv1-[***]ve-[***]23-[***]ment"}])
2020-12-12T15:56:50.833Z|info : amplify-provider-awscloudformation.upload-appsync-files.uploadAppSyncFiles.upload.s3Client.uploadFile([{"Key":"[***]vers/[***]ddress.req.vtl"}])
2020-12-12T15:56:50.833Z|info : amplify-provider-awscloudformation.aws-s3.uploadFile.s3.putObject([{"Key":"[***]ify-[***]ync-[***]es/[***]074b3dd58e5e9d33/[***]vers/[***]ddress.req.vtl","Bucket":"[***]ify-[***]minfo-[***]renv1-[***]ve-[***]23-[***]ment"}])
2020-12-12T15:56:50.835Z|info : amplify-provider-awscloudformation.upload-appsync-files.uploadAppSyncFiles.upload.s3Client.uploadFile([{"Key":"[***]vers/[***]ddress.res.vtl"}])
2020-12-12T15:56:50.835Z|info : amplify-provider-awscloudformation.aws-s3.uploadFile.s3.putObject([{"Key":"[***]ify-[***]ync-[***]es/[***]074b3dd58e5e9d33/[***]vers/[***]ddress.res.vtl","Bucket":"[***]ify-[***]minfo-[***]renv1-[***]ve-[***]23-[***]ment"}])
2020-12-12T15:56:50.837Z|info : amplify-provider-awscloudformation.upload-appsync-files.uploadAppSyncFiles.upload.s3Client.uploadFile([{"Key":"[***]vers/[***]nts.req.vtl"}])
2020-12-12T15:56:50.837Z|info : amplify-provider-awscloudformation.aws-s3.uploadFile.s3.putObject([{"Key":"[***]ify-[***]ync-[***]es/[***]074b3dd58e5e9d33/[***]vers/[***]nts.req.vtl","Bucket":"[***]ify-[***]minfo-[***]renv1-[***]ve-[***]23-[***]ment"}])
2020-12-12T15:56:50.839Z|info : amplify-provider-awscloudformation.upload-appsync-files.uploadAppSyncFiles.upload.s3Client.uploadFile([{"Key":"[***]vers/[***]nts.res.vtl"}])
2020-12-12T15:56:50.839Z|info : amplify-provider-awscloudformation.aws-s3.uploadFile.s3.putObject([{"Key":"[***]ify-[***]ync-[***]es/[***]074b3dd58e5e9d33/[***]vers/[***]nts.res.vtl","Bucket":"[***]ify-[***]minfo-[***]renv1-[***]ve-[***]23-[***]ment"}])
2020-12-12T15:56:50.841Z|info : amplify-provider-awscloudformation.upload-appsync-files.uploadAppSyncFiles.upload.s3Client.uploadFile([{"Key":"[***]vers/[***]rs.req.vtl"}])
2020-12-12T15:56:50.841Z|info : amplify-provider-awscloudformation.aws-s3.uploadFile.s3.putObject([{"Key":"[***]ify-[***]ync-[***]es/[***]074b3dd58e5e9d33/[***]vers/[***]rs.req.vtl","Bucket":"[***]ify-[***]minfo-[***]renv1-[***]ve-[***]23-[***]ment"}])
2020-12-12T15:56:50.843Z|info : amplify-provider-awscloudformation.upload-appsync-files.uploadAppSyncFiles.upload.s3Client.uploadFile([{"Key":"[***]vers/[***]rs.res.vtl"}])
2020-12-12T15:56:50.843Z|info : amplify-provider-awscloudformation.aws-s3.uploadFile.s3.putObject([{"Key":"[***]ify-[***]ync-[***]es/[***]074b3dd58e5e9d33/[***]vers/[***]rs.res.vtl","Bucket":"[***]ify-[***]minfo-[***]renv1-[***]ve-[***]23-[***]ment"}])
2020-12-12T15:56:50.845Z|info : amplify-provider-awscloudformation.upload-appsync-files.uploadAppSyncFiles.upload.s3Client.uploadFile([{"Key":"[***]raphql"}])
2020-12-12T15:56:50.845Z|info : amplify-provider-awscloudformation.aws-s3.uploadFile.s3.putObject([{"Key":"[***]ify-[***]ync-[***]es/[***]074b3dd58e5e9d33/[***]raphql","Bucket":"[***]ify-[***]minfo-[***]renv1-[***]ve-[***]23-[***]ment"}])
2020-12-12T15:56:50.847Z|info : amplify-provider-awscloudformation.upload-appsync-files.uploadAppSyncFiles.upload.s3Client.uploadFile([{"Key":"[***]cks/[***]ces.json"}])
2020-12-12T15:56:50.847Z|info : amplify-provider-awscloudformation.aws-s3.uploadFile.s3.putObject([{"Key":"[***]ify-[***]ync-[***]es/[***]074b3dd58e5e9d33/[***]cks/[***]ces.json","Bucket":"[***]ify-[***]minfo-[***]renv1-[***]ve-[***]23-[***]ment"}])
2020-12-12T15:56:54.203Z|info : amplify-provider-awscloudformation.aws-s3.uploadFile.s3.putObject([{"Key":"[***]ify-[***]fn-[***]ates/[***]pi/[***]mation-[***]e.json","Bucket":"[***]ify-[***]minfo-[***]renv1-[***]ve-[***]23-[***]ment"}])
2020-12-12T15:56:57.237Z|info : amplify-provider-awscloudformation.push-resources.updateCloudFormationNestedStack(["/Users/zairvai/Documents/projects/kominfo/pesantren/amplify/backend/awscloudformation","/Users/zairvai/Documents/projects/kominfo/pesantren/amplify/backend/awscloudformation/nested-cloudformation-stack.yml"])
2020-12-12T15:56:57.246Z|info : amplify-provider-awscloudformation.aws-s3.uploadFile.s3.putObject([{"Key":"[***]ted-[***]mation-[***].yml","Bucket":"[***]ify-[***]minfo-[***]renv1-[***]ve-[***]23-[***]ment"}])
